<html>
<head>
<title>TestNG:  Surefire test</title>
<link href="../testng.css" rel="stylesheet" type="text/css" />
<link href="../my-testng.css" rel="stylesheet" type="text/css" />

<style type="text/css">
.log { display: none;} 
.stack-trace { display: none;} 
</style>
<script type="text/javascript">
<!--
function flip(e) {
  current = e.style.display;
  if (current == 'block') {
    e.style.display = 'none';
    return 0;
  }
  else {
    e.style.display = 'block';
    return 1;
  }
}

function toggleBox(szDivId, elem, msg1, msg2)
{
  var res = -1;  if (document.getElementById) {
    res = flip(document.getElementById(szDivId));
  }
  else if (document.all) {
    // this is the way old msie versions work
    res = flip(document.all[szDivId]);
  }
  if(elem) {
    if(res == 0) elem.innerHTML = msg1; else elem.innerHTML = msg2;
  }

}

function toggleAllBoxes() {
  if (document.getElementsByTagName) {
    d = document.getElementsByTagName('div');
    for (i = 0; i < d.length; i++) {
      if (d[i].className == 'log') {
        flip(d[i]);
      }
    }
  }
}

// -->
</script>

</head>
<body>
<h2 align='center'>Surefire test</h2><table border='1' align="center">
<tr>
<td>Tests passed/Failed/Skipped:</td><td>16/6/0</td>
</tr><tr>
<td>Started on:</td><td>Thu Feb 03 12:58:56 EST 2022</td>
</tr>
<tr><td>Total time:</td><td>138 seconds (138885 ms)</td>
</tr><tr>
<td>Included groups:</td><td></td>
</tr><tr>
<td>Excluded groups:</td><td></td>
</tr>
</table><p/>
<small><i>(Hover the method name to see the test class name)</i></small><p/>
<table width='100%' border='1' class='invocation-failed'>
<tr><td colspan='4' align='center'><b>FAILED TESTS</b></td></tr>
<tr><td><b>Test method</b></td>
<td width="30%"><b>Exception</b></td>
<td width="10%"><b>Time (seconds)</b></td>
<td><b>Instance</b></td>
</tr>
<tr>
<td title='com.pantheon.PantheonTest.PantheonWhy()'><b>PantheonWhy</b><br>Test class: com.pantheon.PantheonTest<br>Parameters: browser, MicrosoftEdge, latest, Windows 10, , public void com.pantheon.PantheonTest.PantheonWhy(java.lang.String,java.lang.String,java.lang.String,java.lang.String,java.lang.String,java.lang.reflect.Method) throws java.lang.Exception</td>
<td><div><pre>org.openqa.selenium.ElementClickInterceptedException: element click intercepted: Element &lt;a href=&quot;/why-pantheon&quot; class=&quot;z2-footer__primary-menu-group-item-link&quot;&gt;...&lt;/a&gt; is not clickable at point (178, 640). Other element would receive the click: &lt;ul class=&quot;z2-footer__primary-menu-group-item-list&quot;&gt;...&lt;/ul&gt;
  (Session info: MicrosoftEdge=97.0.1072.55)
  (Driver info: msedgedriver=97.0.1072.55 (ce3bf3364880558d4945082f4ac36e01fe36716e),platform=Windows NT 10.0.10586 x86_64) (WARNING: The server did not provide any stacktrace information)
Command duration or timeout: 0 milliseconds
Build info: version: &apos;3.14.0&apos;, revision: &apos;aacccce0&apos;, time: &apos;2018-08-02T20:19:58.91Z&apos;
System info: host: &apos;SL-1549.local&apos;, ip: &apos;fe80:0:0:0:a6:ad74:b699:975f%en0&apos;, os.name: &apos;Mac OS X&apos;, os.arch: &apos;x86_64&apos;, os.version: &apos;10.16&apos;, java.version: &apos;1.8.0_271&apos;
Driver info: org.openqa.selenium.remote.RemoteWebDriver
Capabilities {acceptInsecureCerts: false, acceptSslCerts: false, applicationCacheEnabled: false, browserConnectionEnabled: false, browserName: msedge, cssSelectorsEnabled: true, databaseEnabled: false, handlesAlerts: true, hasMetadata: true, hasTouchScreen: false, javascriptEnabled: true, locationContextEnabled: true, mobileEmulationEnabled: false, ms:edgeOptions: {debuggerAddress: localhost:64330}, msedge: {msedgedriverVersion: 97.0.1072.55 (ce3bf33648805..., userDataDir: C:\Users\ADMINI~1\AppData\L...}, nativeEvents: true, networkConnectionEnabled: false, pageLoadStrategy: normal, platform: WINDOWS, platformName: WINDOWS, proxy: Proxy(), rotatable: false, setWindowRect: true, strictFileInteractability: false, takesHeapSnapshot: true, takesScreenshot: true, timeouts: {implicit: 0, pageLoad: 300000, script: 30000}, unexpectedAlertBehaviour: ignore, unhandledPromptBehavior: ignore, version: 97.0.1072.55, webStorageEnabled: true, webauthn:extension:credBlob: true, webauthn:extension:largeBlob: true, webauthn:virtualAuthenticators: true, webdriver.remote.sessionid: 605d6e2d607a435cb5a02b2152a...}
Session ID: 605d6e2d607a435cb5a02b2152a8b1ca
	at org.openqa.selenium.remote.ErrorHandler.createThrowable(ErrorHandler.java:214)
	at org.openqa.selenium.remote.ErrorHandler.throwIfResponseFailed(ErrorHandler.java:166)
	at org.openqa.selenium.remote.http.JsonHttpResponseCodec.reconstructValue(JsonHttpResponseCodec.java:40)
	at org.openqa.selenium.remote.http.AbstractHttpResponseCodec.decode(AbstractHttpResponseCodec.java:80)
	at org.openqa.selenium.remote.http.AbstractHttpResponseCodec.decode(AbstractHttpResponseCodec.java:44)
	at org.openqa.selenium.remote.HttpCommandExecutor.execute(HttpCommandExecutor.java:158)
	at org.openqa.selenium.remote.RemoteWebDriver.execute(RemoteWebDriver.java:548)
	at org.openqa.selenium.remote.RemoteWebElement.execute(RemoteWebElement.java:276)
	at org.openqa.selenium.remote.RemoteWebElement.click(RemoteWebElement.java:83)
	at com.pantheon.PantheonTest.PantheonWhy(PantheonTest.java:135)
	at java.util.concurrent.FutureTask.run(FutureTask.java:266)
	at java.util.concurrent.Executors$RunnableAdapter.call(Executors.java:511)
	at java.util.concurrent.FutureTask.run(FutureTask.java:266)
	at java.util.concurrent.ThreadPoolExecutor.runWorker(ThreadPoolExecutor.java:1149)
	at java.util.concurrent.ThreadPoolExecutor$Worker.run(ThreadPoolExecutor.java:624)
	at java.lang.Thread.run(Thread.java:748)
... Removed 13 stack frames</pre></div><a href='#' onClick='toggleBox("stack-trace919377688", this, "Click to show all stack frames", "Click to hide stack frames")'>Click to show all stack frames</a>
<div class='stack-trace' id='stack-trace919377688'><pre>org.openqa.selenium.ElementClickInterceptedException: element click intercepted: Element &lt;a href=&quot;/why-pantheon&quot; class=&quot;z2-footer__primary-menu-group-item-link&quot;&gt;...&lt;/a&gt; is not clickable at point (178, 640). Other element would receive the click: &lt;ul class=&quot;z2-footer__primary-menu-group-item-list&quot;&gt;...&lt;/ul&gt;
  (Session info: MicrosoftEdge=97.0.1072.55)
  (Driver info: msedgedriver=97.0.1072.55 (ce3bf3364880558d4945082f4ac36e01fe36716e),platform=Windows NT 10.0.10586 x86_64) (WARNING: The server did not provide any stacktrace information)
Command duration or timeout: 0 milliseconds
Build info: version: &apos;3.14.0&apos;, revision: &apos;aacccce0&apos;, time: &apos;2018-08-02T20:19:58.91Z&apos;
System info: host: &apos;SL-1549.local&apos;, ip: &apos;fe80:0:0:0:a6:ad74:b699:975f%en0&apos;, os.name: &apos;Mac OS X&apos;, os.arch: &apos;x86_64&apos;, os.version: &apos;10.16&apos;, java.version: &apos;1.8.0_271&apos;
Driver info: org.openqa.selenium.remote.RemoteWebDriver
Capabilities {acceptInsecureCerts: false, acceptSslCerts: false, applicationCacheEnabled: false, browserConnectionEnabled: false, browserName: msedge, cssSelectorsEnabled: true, databaseEnabled: false, handlesAlerts: true, hasMetadata: true, hasTouchScreen: false, javascriptEnabled: true, locationContextEnabled: true, mobileEmulationEnabled: false, ms:edgeOptions: {debuggerAddress: localhost:64330}, msedge: {msedgedriverVersion: 97.0.1072.55 (ce3bf33648805..., userDataDir: C:\Users\ADMINI~1\AppData\L...}, nativeEvents: true, networkConnectionEnabled: false, pageLoadStrategy: normal, platform: WINDOWS, platformName: WINDOWS, proxy: Proxy(), rotatable: false, setWindowRect: true, strictFileInteractability: false, takesHeapSnapshot: true, takesScreenshot: true, timeouts: {implicit: 0, pageLoad: 300000, script: 30000}, unexpectedAlertBehaviour: ignore, unhandledPromptBehavior: ignore, version: 97.0.1072.55, webStorageEnabled: true, webauthn:extension:credBlob: true, webauthn:extension:largeBlob: true, webauthn:virtualAuthenticators: true, webdriver.remote.sessionid: 605d6e2d607a435cb5a02b2152a...}
Session ID: 605d6e2d607a435cb5a02b2152a8b1ca
	at sun.reflect.NativeConstructorAccessorImpl.newInstance0(Native Method)
	at sun.reflect.NativeConstructorAccessorImpl.newInstance(NativeConstructorAccessorImpl.java:62)
	at sun.reflect.DelegatingConstructorAccessorImpl.newInstance(DelegatingConstructorAccessorImpl.java:45)
	at java.lang.reflect.Constructor.newInstance(Constructor.java:423)
	at org.openqa.selenium.remote.ErrorHandler.createThrowable(ErrorHandler.java:214)
	at org.openqa.selenium.remote.ErrorHandler.throwIfResponseFailed(ErrorHandler.java:166)
	at org.openqa.selenium.remote.http.JsonHttpResponseCodec.reconstructValue(JsonHttpResponseCodec.java:40)
	at org.openqa.selenium.remote.http.AbstractHttpResponseCodec.decode(AbstractHttpResponseCodec.java:80)
	at org.openqa.selenium.remote.http.AbstractHttpResponseCodec.decode(AbstractHttpResponseCodec.java:44)
	at org.openqa.selenium.remote.HttpCommandExecutor.execute(HttpCommandExecutor.java:158)
	at org.openqa.selenium.remote.RemoteWebDriver.execute(RemoteWebDriver.java:548)
	at org.openqa.selenium.remote.RemoteWebElement.execute(RemoteWebElement.java:276)
	at org.openqa.selenium.remote.RemoteWebElement.click(RemoteWebElement.java:83)
	at com.pantheon.PantheonTest.PantheonWhy(PantheonTest.java:135)
	at sun.reflect.NativeMethodAccessorImpl.invoke0(Native Method)
	at sun.reflect.NativeMethodAccessorImpl.invoke(NativeMethodAccessorImpl.java:62)
	at sun.reflect.DelegatingMethodAccessorImpl.invoke(DelegatingMethodAccessorImpl.java:43)
	at java.lang.reflect.Method.invoke(Method.java:498)
	at org.testng.internal.MethodInvocationHelper.invokeMethod(MethodInvocationHelper.java:104)
	at org.testng.internal.Invoker.invokeMethod(Invoker.java:645)
	at org.testng.internal.Invoker.invokeTestMethod(Invoker.java:851)
	at org.testng.internal.TestMethodWithDataProviderMethodWorker.call(TestMethodWithDataProviderMethodWorker.java:75)
	at org.testng.internal.TestMethodWithDataProviderMethodWorker.call(TestMethodWithDataProviderMethodWorker.java:14)
	at java.util.concurrent.FutureTask.run(FutureTask.java:266)
	at java.util.concurrent.Executors$RunnableAdapter.call(Executors.java:511)
	at java.util.concurrent.FutureTask.run(FutureTask.java:266)
	at java.util.concurrent.ThreadPoolExecutor.runWorker(ThreadPoolExecutor.java:1149)
	at java.util.concurrent.ThreadPoolExecutor$Worker.run(ThreadPoolExecutor.java:624)
	at java.lang.Thread.run(Thread.java:748)
</pre></div></td>
<td>17</td>
<td>com.pantheon.PantheonTest@880ec60</td></tr>
<tr>
<td title='com.pantheon.PantheonTest.PantheonWhy()'><b>PantheonWhy</b><br>Test class: com.pantheon.PantheonTest<br>Parameters: browser, safari, latest, macOS 10.13, , public void com.pantheon.PantheonTest.PantheonWhy(java.lang.String,java.lang.String,java.lang.String,java.lang.String,java.lang.String,java.lang.reflect.Method) throws java.lang.Exception</td>
<td><div><pre>org.openqa.selenium.WebDriverException: 
Build info: version: &apos;3.14.0&apos;, revision: &apos;aacccce0&apos;, time: &apos;2018-08-02T20:13:22.693Z&apos;
System info: host: &apos;itako5416.prod.miso&apos;, ip: &apos;fe80:0:0:0:4f5:ef8e:bcec:e922%en0&apos;, os.name: &apos;Mac OS X&apos;, os.arch: &apos;x86_64&apos;, os.version: &apos;10.13.6&apos;, java.version: &apos;9.0.4&apos;
Driver info: driver.version: unknown
Command duration or timeout: 0 milliseconds
	at org.openqa.selenium.remote.ErrorHandler.createThrowable(ErrorHandler.java:214)
	at org.openqa.selenium.remote.ErrorHandler.throwIfResponseFailed(ErrorHandler.java:166)
	at org.openqa.selenium.remote.http.JsonHttpResponseCodec.reconstructValue(JsonHttpResponseCodec.java:40)
	at org.openqa.selenium.remote.http.AbstractHttpResponseCodec.decode(AbstractHttpResponseCodec.java:80)
	at org.openqa.selenium.remote.http.AbstractHttpResponseCodec.decode(AbstractHttpResponseCodec.java:44)
	at org.openqa.selenium.remote.HttpCommandExecutor.execute(HttpCommandExecutor.java:158)
	at org.openqa.selenium.remote.RemoteWebDriver.execute(RemoteWebDriver.java:548)
	at org.openqa.selenium.remote.RemoteWebElement.execute(RemoteWebElement.java:276)
	at org.openqa.selenium.remote.RemoteWebElement.click(RemoteWebElement.java:83)
	at com.pantheon.PantheonTest.PantheonWhy(PantheonTest.java:135)
	at java.util.concurrent.FutureTask.run(FutureTask.java:266)
	at java.util.concurrent.Executors$RunnableAdapter.call(Executors.java:511)
	at java.util.concurrent.FutureTask.run(FutureTask.java:266)
	at java.util.concurrent.ThreadPoolExecutor.runWorker(ThreadPoolExecutor.java:1149)
	at java.util.concurrent.ThreadPoolExecutor$Worker.run(ThreadPoolExecutor.java:624)
	at java.lang.Thread.run(Thread.java:748)
Caused by: org.openqa.selenium.WebDriverException: 
Build info: version: &apos;3.14.0&apos;, revision: &apos;aacccce0&apos;, time: &apos;2018-08-02T20:13:22.693Z&apos;
System info: host: &apos;itako5416.prod.miso&apos;, ip: &apos;fe80:0:0:0:4f5:ef8e:bcec:e922%en0&apos;, os.name: &apos;Mac OS X&apos;, os.arch: &apos;x86_64&apos;, os.version: &apos;10.13.6&apos;, java.version: &apos;9.0.4&apos;
Driver info: driver.version: unknown
Build info: version: &apos;3.14.0&apos;, revision: &apos;aacccce0&apos;, time: &apos;2018-08-02T20:19:58.91Z&apos;
System info: host: &apos;SL-1549.local&apos;, ip: &apos;fe80:0:0:0:a6:ad74:b699:975f%en0&apos;, os.name: &apos;Mac OS X&apos;, os.arch: &apos;x86_64&apos;, os.version: &apos;10.16&apos;, java.version: &apos;1.8.0_271&apos;
Driver info: driver.version: unknown
... Removed 13 stack frames</pre></div><a href='#' onClick='toggleBox("stack-trace1144870426", this, "Click to show all stack frames", "Click to hide stack frames")'>Click to show all stack frames</a>
<div class='stack-trace' id='stack-trace1144870426'><pre>org.openqa.selenium.WebDriverException: 
Build info: version: &apos;3.14.0&apos;, revision: &apos;aacccce0&apos;, time: &apos;2018-08-02T20:13:22.693Z&apos;
System info: host: &apos;itako5416.prod.miso&apos;, ip: &apos;fe80:0:0:0:4f5:ef8e:bcec:e922%en0&apos;, os.name: &apos;Mac OS X&apos;, os.arch: &apos;x86_64&apos;, os.version: &apos;10.13.6&apos;, java.version: &apos;9.0.4&apos;
Driver info: driver.version: unknown
Command duration or timeout: 0 milliseconds
	at sun.reflect.NativeConstructorAccessorImpl.newInstance0(Native Method)
	at sun.reflect.NativeConstructorAccessorImpl.newInstance(NativeConstructorAccessorImpl.java:62)
	at sun.reflect.DelegatingConstructorAccessorImpl.newInstance(DelegatingConstructorAccessorImpl.java:45)
	at java.lang.reflect.Constructor.newInstance(Constructor.java:423)
	at org.openqa.selenium.remote.ErrorHandler.createThrowable(ErrorHandler.java:214)
	at org.openqa.selenium.remote.ErrorHandler.throwIfResponseFailed(ErrorHandler.java:166)
	at org.openqa.selenium.remote.http.JsonHttpResponseCodec.reconstructValue(JsonHttpResponseCodec.java:40)
	at org.openqa.selenium.remote.http.AbstractHttpResponseCodec.decode(AbstractHttpResponseCodec.java:80)
	at org.openqa.selenium.remote.http.AbstractHttpResponseCodec.decode(AbstractHttpResponseCodec.java:44)
	at org.openqa.selenium.remote.HttpCommandExecutor.execute(HttpCommandExecutor.java:158)
	at org.openqa.selenium.remote.RemoteWebDriver.execute(RemoteWebDriver.java:548)
	at org.openqa.selenium.remote.RemoteWebElement.execute(RemoteWebElement.java:276)
	at org.openqa.selenium.remote.RemoteWebElement.click(RemoteWebElement.java:83)
	at com.pantheon.PantheonTest.PantheonWhy(PantheonTest.java:135)
	at sun.reflect.NativeMethodAccessorImpl.invoke0(Native Method)
	at sun.reflect.NativeMethodAccessorImpl.invoke(NativeMethodAccessorImpl.java:62)
	at sun.reflect.DelegatingMethodAccessorImpl.invoke(DelegatingMethodAccessorImpl.java:43)
	at java.lang.reflect.Method.invoke(Method.java:498)
	at org.testng.internal.MethodInvocationHelper.invokeMethod(MethodInvocationHelper.java:104)
	at org.testng.internal.Invoker.invokeMethod(Invoker.java:645)
	at org.testng.internal.Invoker.invokeTestMethod(Invoker.java:851)
	at org.testng.internal.TestMethodWithDataProviderMethodWorker.call(TestMethodWithDataProviderMethodWorker.java:75)
	at org.testng.internal.TestMethodWithDataProviderMethodWorker.call(TestMethodWithDataProviderMethodWorker.java:14)
	at java.util.concurrent.FutureTask.run(FutureTask.java:266)
	at java.util.concurrent.Executors$RunnableAdapter.call(Executors.java:511)
	at java.util.concurrent.FutureTask.run(FutureTask.java:266)
	at java.util.concurrent.ThreadPoolExecutor.runWorker(ThreadPoolExecutor.java:1149)
	at java.util.concurrent.ThreadPoolExecutor$Worker.run(ThreadPoolExecutor.java:624)
	at java.lang.Thread.run(Thread.java:748)
Caused by: org.openqa.selenium.WebDriverException: 
Build info: version: &apos;3.14.0&apos;, revision: &apos;aacccce0&apos;, time: &apos;2018-08-02T20:13:22.693Z&apos;
System info: host: &apos;itako5416.prod.miso&apos;, ip: &apos;fe80:0:0:0:4f5:ef8e:bcec:e922%en0&apos;, os.name: &apos;Mac OS X&apos;, os.arch: &apos;x86_64&apos;, os.version: &apos;10.13.6&apos;, java.version: &apos;9.0.4&apos;
Driver info: driver.version: unknown
Build info: version: &apos;3.14.0&apos;, revision: &apos;aacccce0&apos;, time: &apos;2018-08-02T20:19:58.91Z&apos;
System info: host: &apos;SL-1549.local&apos;, ip: &apos;fe80:0:0:0:a6:ad74:b699:975f%en0&apos;, os.name: &apos;Mac OS X&apos;, os.arch: &apos;x86_64&apos;, os.version: &apos;10.16&apos;, java.version: &apos;1.8.0_271&apos;
Driver info: driver.version: unknown
</pre></div></td>
<td>23</td>
<td>com.pantheon.PantheonTest@880ec60</td></tr>
<tr>
<td title='com.pantheon.PantheonTest.PantheonWhy()'><b>PantheonWhy</b><br>Test class: com.pantheon.PantheonTest<br>Parameters: browser, firefox, latest, macOS 10.14, , public void com.pantheon.PantheonTest.PantheonWhy(java.lang.String,java.lang.String,java.lang.String,java.lang.String,java.lang.String,java.lang.reflect.Method) throws java.lang.Exception</td>
<td><div><pre>org.openqa.selenium.WebDriverException: Element &lt;a class=&quot;z2-footer__primary-menu-group-item-link&quot; href=&quot;/why-pantheon&quot;&gt; is not clickable at point (179,651) because another element &lt;div class=&quot;optanon-clearfix optanon-alert-box-bottom-padding&quot;&gt; obscures it
Build info: version: &apos;3.4.0&apos;, revision: &apos;unknown&apos;, time: &apos;unknown&apos;
System info: host: &apos;itako8455.prod.miso&apos;, ip: &apos;fe80:0:0:0:480:4b2d:73e:97da%en0&apos;, os.name: &apos;Mac OS X&apos;, os.arch: &apos;x86_64&apos;, os.version: &apos;10.14&apos;, java.version: &apos;9.0.4&apos;
Driver info: org.openqa.selenium.firefox.FirefoxDriver
Capabilities [{moz:profile=/var/folders/d2/qw7q16_j7yb7yk5r6b8sl0n40000kr/T/rust_mozprofilekcYzc7, moz:geckodriverVersion=0.30.0, timeouts={implicit=0.0, pageLoad=300000.0, script=30000.0}, pageLoadStrategy=normal, unhandledPromptBehavior=dismiss and notify, strictFileInteractability=false, moz:headless=false, platform=ANY, proxy=Proxy(), moz:accessibilityChecks=false, moz:useNonSpecCompliantPointerOrigin=false, acceptInsecureCerts=false, browserVersion=96.0, moz:shutdownTimeout=60000.0, platformVersion=18.0.0, moz:processID=4206.0, browserName=firefox, moz:buildID=20220106144528, javascriptEnabled=true, platformName=mac, setWindowRect=true, moz:webdriverClick=true}]
Session ID: XXXXXXXX-XXXX-XXXX-XXXX-XXXX2d885c22
Command duration or timeout: 0 milliseconds
	at org.openqa.selenium.remote.ErrorHandler.createThrowable(ErrorHandler.java:214)
	at org.openqa.selenium.remote.ErrorHandler.throwIfResponseFailed(ErrorHandler.java:166)
	at org.openqa.selenium.remote.http.JsonHttpResponseCodec.reconstructValue(JsonHttpResponseCodec.java:40)
	at org.openqa.selenium.remote.http.AbstractHttpResponseCodec.decode(AbstractHttpResponseCodec.java:80)
	at org.openqa.selenium.remote.http.AbstractHttpResponseCodec.decode(AbstractHttpResponseCodec.java:44)
	at org.openqa.selenium.remote.HttpCommandExecutor.execute(HttpCommandExecutor.java:158)
	at org.openqa.selenium.remote.RemoteWebDriver.execute(RemoteWebDriver.java:548)
	at org.openqa.selenium.remote.RemoteWebElement.execute(RemoteWebElement.java:276)
	at org.openqa.selenium.remote.RemoteWebElement.click(RemoteWebElement.java:83)
	at com.pantheon.PantheonTest.PantheonWhy(PantheonTest.java:135)
	at java.util.concurrent.FutureTask.run(FutureTask.java:266)
	at java.util.concurrent.Executors$RunnableAdapter.call(Executors.java:511)
	at java.util.concurrent.FutureTask.run(FutureTask.java:266)
	at java.util.concurrent.ThreadPoolExecutor.runWorker(ThreadPoolExecutor.java:1149)
	at java.util.concurrent.ThreadPoolExecutor$Worker.run(ThreadPoolExecutor.java:624)
	at java.lang.Thread.run(Thread.java:748)
Caused by: org.openqa.selenium.WebDriverException: Element &lt;a class=&quot;z2-footer__primary-menu-group-item-link&quot; href=&quot;/why-pantheon&quot;&gt; is not clickable at point (179,651) because another element &lt;div class=&quot;optanon-clearfix optanon-alert-box-bottom-padding&quot;&gt; obscures it
Build info: version: &apos;3.4.0&apos;, revision: &apos;unknown&apos;, time: &apos;unknown&apos;
System info: host: &apos;itako8455.prod.miso&apos;, ip: &apos;fe80:0:0:0:480:4b2d:73e:97da%en0&apos;, os.name: &apos;Mac OS X&apos;, os.arch: &apos;x86_64&apos;, os.version: &apos;10.14&apos;, java.version: &apos;9.0.4&apos;
Driver info: org.openqa.selenium.firefox.FirefoxDriver
Capabilities [{moz:profile=/var/folders/d2/qw7q16_j7yb7yk5r6b8sl0n40000kr/T/rust_mozprofilekcYzc7, moz:geckodriverVersion=0.30.0, timeouts={implicit=0.0, pageLoad=300000.0, script=30000.0}, pageLoadStrategy=normal, unhandledPromptBehavior=dismiss and notify, strictFileInteractability=false, moz:headless=false, platform=ANY, proxy=Proxy(), moz:accessibilityChecks=false, moz:useNonSpecCompliantPointerOrigin=false, acceptInsecureCerts=false, browserVersion=96.0, moz:shutdownTimeout=60000.0, platformVersion=18.0.0, moz:processID=4206.0, browserName=firefox, moz:buildID=20220106144528, javascriptEnabled=true, platformName=mac, setWindowRect=true, moz:webdriverClick=true}]
Session ID: XXXXXXXX-XXXX-XXXX-XXXX-XXXX2d885c22
Build info: version: &apos;3.14.0&apos;, revision: &apos;aacccce0&apos;, time: &apos;2018-08-02T20:19:58.91Z&apos;
System info: host: &apos;SL-1549.local&apos;, ip: &apos;fe80:0:0:0:a6:ad74:b699:975f%en0&apos;, os.name: &apos;Mac OS X&apos;, os.arch: &apos;x86_64&apos;, os.version: &apos;10.16&apos;, java.version: &apos;1.8.0_271&apos;
Driver info: driver.version: RemoteWebDriver
	at org.openqa.selenium.remote.http.W3CHttpResponseCodec.createException(W3CHttpResponseCodec.java:150)
	at org.openqa.selenium.remote.http.W3CHttpResponseCodec.decode(W3CHttpResponseCodec.java:115)
	at org.openqa.selenium.remote.http.W3CHttpResponseCodec.decode(W3CHttpResponseCodec.java:45)
	at org.openqa.selenium.remote.HttpCommandExecutor.execute(HttpCommandExecutor.java:164)
	at org.openqa.selenium.remote.service.DriverCommandExecutor.execute(DriverCommandExecutor.java:82)
	at org.openqa.selenium.remote.RemoteWebDriver.execute(RemoteWebDriver.java:637)
	at org.openqa.selenium.remote.RemoteWebElement.execute(RemoteWebElement.java:272)
	at org.openqa.selenium.remote.RemoteWebElement.click(RemoteWebElement.java:82)
	at org.openqa.selenium.support.events.EventFiringWebDriver$EventFiringWebElement$1.invoke(EventFiringWebDriver.java:332)
	at com.sun.proxy.$Proxy6.click(Unknown Source)
	at org.openqa.selenium.support.events.EventFiringWebDriver$EventFiringWebElement.click(EventFiringWebDriver.java:345)
	at org.openqa.selenium.remote.server.KnownElements$1.invoke(KnownElements.java:64)
	at com.sun.proxy.$Proxy7.click(Unknown Source)
	at org.openqa.selenium.remote.server.handler.ClickElement.call(ClickElement.java:30)
	at org.openqa.selenium.remote.server.handler.ClickElement.call(ClickElement.java:22)
	at java.util.concurrent.FutureTask.run(FutureTask.java:264)
	at org.openqa.selenium.remote.server.DefaultSession$1.run(DefaultSession.java:176)
	at java.util.concurrent.ThreadPoolExecutor.runWorker(ThreadPoolExecutor.java:1167)
	at java.util.concurrent.ThreadPoolExecutor$Worker.run(ThreadPoolExecutor.java:641)
	at java.lang.Thread.run(Thread.java:844)
... Removed 25 stack frames</pre></div><a href='#' onClick='toggleBox("stack-trace1775310514", this, "Click to show all stack frames", "Click to hide stack frames")'>Click to show all stack frames</a>
<div class='stack-trace' id='stack-trace1775310514'><pre>org.openqa.selenium.WebDriverException: Element &lt;a class=&quot;z2-footer__primary-menu-group-item-link&quot; href=&quot;/why-pantheon&quot;&gt; is not clickable at point (179,651) because another element &lt;div class=&quot;optanon-clearfix optanon-alert-box-bottom-padding&quot;&gt; obscures it
Build info: version: &apos;3.4.0&apos;, revision: &apos;unknown&apos;, time: &apos;unknown&apos;
System info: host: &apos;itako8455.prod.miso&apos;, ip: &apos;fe80:0:0:0:480:4b2d:73e:97da%en0&apos;, os.name: &apos;Mac OS X&apos;, os.arch: &apos;x86_64&apos;, os.version: &apos;10.14&apos;, java.version: &apos;9.0.4&apos;
Driver info: org.openqa.selenium.firefox.FirefoxDriver
Capabilities [{moz:profile=/var/folders/d2/qw7q16_j7yb7yk5r6b8sl0n40000kr/T/rust_mozprofilekcYzc7, moz:geckodriverVersion=0.30.0, timeouts={implicit=0.0, pageLoad=300000.0, script=30000.0}, pageLoadStrategy=normal, unhandledPromptBehavior=dismiss and notify, strictFileInteractability=false, moz:headless=false, platform=ANY, proxy=Proxy(), moz:accessibilityChecks=false, moz:useNonSpecCompliantPointerOrigin=false, acceptInsecureCerts=false, browserVersion=96.0, moz:shutdownTimeout=60000.0, platformVersion=18.0.0, moz:processID=4206.0, browserName=firefox, moz:buildID=20220106144528, javascriptEnabled=true, platformName=mac, setWindowRect=true, moz:webdriverClick=true}]
Session ID: XXXXXXXX-XXXX-XXXX-XXXX-XXXX2d885c22
Command duration or timeout: 0 milliseconds
	at sun.reflect.NativeConstructorAccessorImpl.newInstance0(Native Method)
	at sun.reflect.NativeConstructorAccessorImpl.newInstance(NativeConstructorAccessorImpl.java:62)
	at sun.reflect.DelegatingConstructorAccessorImpl.newInstance(DelegatingConstructorAccessorImpl.java:45)
	at java.lang.reflect.Constructor.newInstance(Constructor.java:423)
	at org.openqa.selenium.remote.ErrorHandler.createThrowable(ErrorHandler.java:214)
	at org.openqa.selenium.remote.ErrorHandler.throwIfResponseFailed(ErrorHandler.java:166)
	at org.openqa.selenium.remote.http.JsonHttpResponseCodec.reconstructValue(JsonHttpResponseCodec.java:40)
	at org.openqa.selenium.remote.http.AbstractHttpResponseCodec.decode(AbstractHttpResponseCodec.java:80)
	at org.openqa.selenium.remote.http.AbstractHttpResponseCodec.decode(AbstractHttpResponseCodec.java:44)
	at org.openqa.selenium.remote.HttpCommandExecutor.execute(HttpCommandExecutor.java:158)
	at org.openqa.selenium.remote.RemoteWebDriver.execute(RemoteWebDriver.java:548)
	at org.openqa.selenium.remote.RemoteWebElement.execute(RemoteWebElement.java:276)
	at org.openqa.selenium.remote.RemoteWebElement.click(RemoteWebElement.java:83)
	at com.pantheon.PantheonTest.PantheonWhy(PantheonTest.java:135)
	at sun.reflect.NativeMethodAccessorImpl.invoke0(Native Method)
	at sun.reflect.NativeMethodAccessorImpl.invoke(NativeMethodAccessorImpl.java:62)
	at sun.reflect.DelegatingMethodAccessorImpl.invoke(DelegatingMethodAccessorImpl.java:43)
	at java.lang.reflect.Method.invoke(Method.java:498)
	at org.testng.internal.MethodInvocationHelper.invokeMethod(MethodInvocationHelper.java:104)
	at org.testng.internal.Invoker.invokeMethod(Invoker.java:645)
	at org.testng.internal.Invoker.invokeTestMethod(Invoker.java:851)
	at org.testng.internal.TestMethodWithDataProviderMethodWorker.call(TestMethodWithDataProviderMethodWorker.java:75)
	at org.testng.internal.TestMethodWithDataProviderMethodWorker.call(TestMethodWithDataProviderMethodWorker.java:14)
	at java.util.concurrent.FutureTask.run(FutureTask.java:266)
	at java.util.concurrent.Executors$RunnableAdapter.call(Executors.java:511)
	at java.util.concurrent.FutureTask.run(FutureTask.java:266)
	at java.util.concurrent.ThreadPoolExecutor.runWorker(ThreadPoolExecutor.java:1149)
	at java.util.concurrent.ThreadPoolExecutor$Worker.run(ThreadPoolExecutor.java:624)
	at java.lang.Thread.run(Thread.java:748)
Caused by: org.openqa.selenium.WebDriverException: Element &lt;a class=&quot;z2-footer__primary-menu-group-item-link&quot; href=&quot;/why-pantheon&quot;&gt; is not clickable at point (179,651) because another element &lt;div class=&quot;optanon-clearfix optanon-alert-box-bottom-padding&quot;&gt; obscures it
Build info: version: &apos;3.4.0&apos;, revision: &apos;unknown&apos;, time: &apos;unknown&apos;
System info: host: &apos;itako8455.prod.miso&apos;, ip: &apos;fe80:0:0:0:480:4b2d:73e:97da%en0&apos;, os.name: &apos;Mac OS X&apos;, os.arch: &apos;x86_64&apos;, os.version: &apos;10.14&apos;, java.version: &apos;9.0.4&apos;
Driver info: org.openqa.selenium.firefox.FirefoxDriver
Capabilities [{moz:profile=/var/folders/d2/qw7q16_j7yb7yk5r6b8sl0n40000kr/T/rust_mozprofilekcYzc7, moz:geckodriverVersion=0.30.0, timeouts={implicit=0.0, pageLoad=300000.0, script=30000.0}, pageLoadStrategy=normal, unhandledPromptBehavior=dismiss and notify, strictFileInteractability=false, moz:headless=false, platform=ANY, proxy=Proxy(), moz:accessibilityChecks=false, moz:useNonSpecCompliantPointerOrigin=false, acceptInsecureCerts=false, browserVersion=96.0, moz:shutdownTimeout=60000.0, platformVersion=18.0.0, moz:processID=4206.0, browserName=firefox, moz:buildID=20220106144528, javascriptEnabled=true, platformName=mac, setWindowRect=true, moz:webdriverClick=true}]
Session ID: XXXXXXXX-XXXX-XXXX-XXXX-XXXX2d885c22
Build info: version: &apos;3.14.0&apos;, revision: &apos;aacccce0&apos;, time: &apos;2018-08-02T20:19:58.91Z&apos;
System info: host: &apos;SL-1549.local&apos;, ip: &apos;fe80:0:0:0:a6:ad74:b699:975f%en0&apos;, os.name: &apos;Mac OS X&apos;, os.arch: &apos;x86_64&apos;, os.version: &apos;10.16&apos;, java.version: &apos;1.8.0_271&apos;
Driver info: driver.version: RemoteWebDriver
	at jdk.internal.reflect.NativeConstructorAccessorImpl.newInstance0(Native Method)
	at jdk.internal.reflect.NativeConstructorAccessorImpl.newInstance(NativeConstructorAccessorImpl.java:62)
	at jdk.internal.reflect.DelegatingConstructorAccessorImpl.newInstance(DelegatingConstructorAccessorImpl.java:45)
	at java.lang.reflect.Constructor.newInstance(Constructor.java:488)
	at org.openqa.selenium.remote.http.W3CHttpResponseCodec.createException(W3CHttpResponseCodec.java:150)
	at org.openqa.selenium.remote.http.W3CHttpResponseCodec.decode(W3CHttpResponseCodec.java:115)
	at org.openqa.selenium.remote.http.W3CHttpResponseCodec.decode(W3CHttpResponseCodec.java:45)
	at org.openqa.selenium.remote.HttpCommandExecutor.execute(HttpCommandExecutor.java:164)
	at org.openqa.selenium.remote.service.DriverCommandExecutor.execute(DriverCommandExecutor.java:82)
	at org.openqa.selenium.remote.RemoteWebDriver.execute(RemoteWebDriver.java:637)
	at org.openqa.selenium.remote.RemoteWebElement.execute(RemoteWebElement.java:272)
	at org.openqa.selenium.remote.RemoteWebElement.click(RemoteWebElement.java:82)
	at jdk.internal.reflect.NativeMethodAccessorImpl.invoke0(Native Method)
	at jdk.internal.reflect.NativeMethodAccessorImpl.invoke(NativeMethodAccessorImpl.java:62)
	at jdk.internal.reflect.DelegatingMethodAccessorImpl.invoke(DelegatingMethodAccessorImpl.java:43)
	at java.lang.reflect.Method.invoke(Method.java:564)
	at org.openqa.selenium.support.events.EventFiringWebDriver$EventFiringWebElement$1.invoke(EventFiringWebDriver.java:332)
	at com.sun.proxy.$Proxy6.click(Unknown Source)
	at org.openqa.selenium.support.events.EventFiringWebDriver$EventFiringWebElement.click(EventFiringWebDriver.java:345)
	at jdk.internal.reflect.NativeMethodAccessorImpl.invoke0(Native Method)
	at jdk.internal.reflect.NativeMethodAccessorImpl.invoke(NativeMethodAccessorImpl.java:62)
	at jdk.internal.reflect.DelegatingMethodAccessorImpl.invoke(DelegatingMethodAccessorImpl.java:43)
	at java.lang.reflect.Method.invoke(Method.java:564)
	at org.openqa.selenium.remote.server.KnownElements$1.invoke(KnownElements.java:64)
	at com.sun.proxy.$Proxy7.click(Unknown Source)
	at org.openqa.selenium.remote.server.handler.ClickElement.call(ClickElement.java:30)
	at org.openqa.selenium.remote.server.handler.ClickElement.call(ClickElement.java:22)
	at java.util.concurrent.FutureTask.run(FutureTask.java:264)
	at org.openqa.selenium.remote.server.DefaultSession$1.run(DefaultSession.java:176)
	at java.util.concurrent.ThreadPoolExecutor.runWorker(ThreadPoolExecutor.java:1167)
	at java.util.concurrent.ThreadPoolExecutor$Worker.run(ThreadPoolExecutor.java:641)
	at java.lang.Thread.run(Thread.java:844)
</pre></div></td>
<td>31</td>
<td>com.pantheon.PantheonTest@880ec60</td></tr>
<tr>
<td title='com.pantheon.PantheonTest.PantheonWhy()'><b>PantheonWhy</b><br>Test class: com.pantheon.PantheonTest<br>Parameters: browser, firefox, latest-2, Windows 10, , public void com.pantheon.PantheonTest.PantheonWhy(java.lang.String,java.lang.String,java.lang.String,java.lang.String,java.lang.String,java.lang.reflect.Method) throws java.lang.Exception</td>
<td><div><pre>org.openqa.selenium.WebDriverException: Element &lt;a class=&quot;z2-footer__primary-menu-group-item-link&quot; href=&quot;/why-pantheon&quot;&gt; is not clickable at point (178,670) because another element &lt;p id=&quot;alert-box-message&quot; class=&quot;banner-content&quot;&gt; obscures it
Build info: version: &apos;3.4.0&apos;, revision: &apos;unknown&apos;, time: &apos;unknown&apos;
System info: host: &apos;SAUCE-WIN10&apos;, ip: &apos;10.119.47.113&apos;, os.name: &apos;Windows 10&apos;, os.arch: &apos;amd64&apos;, os.version: &apos;10.0&apos;, java.version: &apos;1.8.0_131&apos;
Driver info: org.openqa.selenium.firefox.FirefoxDriver
Capabilities [{moz:profile=C:\Users\sauce\AppData\Local\Temp\rust_mozprofileHCewXQ, moz:geckodriverVersion=0.30.0, timeouts={implicit=0.0, pageLoad=300000.0, script=30000.0}, pageLoadStrategy=normal, unhandledPromptBehavior=dismiss and notify, strictFileInteractability=false, moz:headless=false, platform=ANY, proxy=Proxy(), moz:accessibilityChecks=false, moz:useNonSpecCompliantPointerOrigin=false, acceptInsecureCerts=false, browserVersion=94.0, moz:shutdownTimeout=60000.0, platformVersion=10.0, moz:processID=5384.0, browserName=firefox, moz:buildID=20211028161635, javascriptEnabled=true, platformName=windows, setWindowRect=true, moz:webdriverClick=true}]
Session ID: XXXXXXXX-XXXX-XXXX-XXXX-XXXX46924a7d
Command duration or timeout: 0 milliseconds
	at org.openqa.selenium.remote.ErrorHandler.createThrowable(ErrorHandler.java:214)
	at org.openqa.selenium.remote.ErrorHandler.throwIfResponseFailed(ErrorHandler.java:166)
	at org.openqa.selenium.remote.http.JsonHttpResponseCodec.reconstructValue(JsonHttpResponseCodec.java:40)
	at org.openqa.selenium.remote.http.AbstractHttpResponseCodec.decode(AbstractHttpResponseCodec.java:80)
	at org.openqa.selenium.remote.http.AbstractHttpResponseCodec.decode(AbstractHttpResponseCodec.java:44)
	at org.openqa.selenium.remote.HttpCommandExecutor.execute(HttpCommandExecutor.java:158)
	at org.openqa.selenium.remote.RemoteWebDriver.execute(RemoteWebDriver.java:548)
	at org.openqa.selenium.remote.RemoteWebElement.execute(RemoteWebElement.java:276)
	at org.openqa.selenium.remote.RemoteWebElement.click(RemoteWebElement.java:83)
	at com.pantheon.PantheonTest.PantheonWhy(PantheonTest.java:135)
	at java.util.concurrent.FutureTask.run(FutureTask.java:266)
	at java.util.concurrent.Executors$RunnableAdapter.call(Executors.java:511)
	at java.util.concurrent.FutureTask.run(FutureTask.java:266)
	at java.util.concurrent.ThreadPoolExecutor.runWorker(ThreadPoolExecutor.java:1149)
	at java.util.concurrent.ThreadPoolExecutor$Worker.run(ThreadPoolExecutor.java:624)
	at java.lang.Thread.run(Thread.java:748)
Caused by: org.openqa.selenium.WebDriverException: Element &lt;a class=&quot;z2-footer__primary-menu-group-item-link&quot; href=&quot;/why-pantheon&quot;&gt; is not clickable at point (178,670) because another element &lt;p id=&quot;alert-box-message&quot; class=&quot;banner-content&quot;&gt; obscures it
Build info: version: &apos;3.4.0&apos;, revision: &apos;unknown&apos;, time: &apos;unknown&apos;
System info: host: &apos;SAUCE-WIN10&apos;, ip: &apos;10.119.47.113&apos;, os.name: &apos;Windows 10&apos;, os.arch: &apos;amd64&apos;, os.version: &apos;10.0&apos;, java.version: &apos;1.8.0_131&apos;
Driver info: org.openqa.selenium.firefox.FirefoxDriver
Capabilities [{moz:profile=C:\Users\sauce\AppData\Local\Temp\rust_mozprofileHCewXQ, moz:geckodriverVersion=0.30.0, timeouts={implicit=0.0, pageLoad=300000.0, script=30000.0}, pageLoadStrategy=normal, unhandledPromptBehavior=dismiss and notify, strictFileInteractability=false, moz:headless=false, platform=ANY, proxy=Proxy(), moz:accessibilityChecks=false, moz:useNonSpecCompliantPointerOrigin=false, acceptInsecureCerts=false, browserVersion=94.0, moz:shutdownTimeout=60000.0, platformVersion=10.0, moz:processID=5384.0, browserName=firefox, moz:buildID=20211028161635, javascriptEnabled=true, platformName=windows, setWindowRect=true, moz:webdriverClick=true}]
Session ID: XXXXXXXX-XXXX-XXXX-XXXX-XXXX46924a7d
Build info: version: &apos;3.14.0&apos;, revision: &apos;aacccce0&apos;, time: &apos;2018-08-02T20:19:58.91Z&apos;
System info: host: &apos;SL-1549.local&apos;, ip: &apos;fe80:0:0:0:a6:ad74:b699:975f%en0&apos;, os.name: &apos;Mac OS X&apos;, os.arch: &apos;x86_64&apos;, os.version: &apos;10.16&apos;, java.version: &apos;1.8.0_271&apos;
Driver info: driver.version: RemoteWebDriver
	at org.openqa.selenium.remote.http.W3CHttpResponseCodec.createException(W3CHttpResponseCodec.java:150)
	at org.openqa.selenium.remote.http.W3CHttpResponseCodec.decode(W3CHttpResponseCodec.java:115)
	at org.openqa.selenium.remote.http.W3CHttpResponseCodec.decode(W3CHttpResponseCodec.java:45)
	at org.openqa.selenium.remote.HttpCommandExecutor.execute(HttpCommandExecutor.java:164)
	at org.openqa.selenium.remote.service.DriverCommandExecutor.execute(DriverCommandExecutor.java:82)
	at org.openqa.selenium.remote.RemoteWebDriver.execute(RemoteWebDriver.java:637)
	at org.openqa.selenium.remote.RemoteWebElement.execute(RemoteWebElement.java:272)
	at org.openqa.selenium.remote.RemoteWebElement.click(RemoteWebElement.java:82)
	at org.openqa.selenium.support.events.EventFiringWebDriver$EventFiringWebElement$1.invoke(EventFiringWebDriver.java:332)
	at com.sun.proxy.$Proxy5.click(Unknown Source)
	at org.openqa.selenium.support.events.EventFiringWebDriver$EventFiringWebElement.click(EventFiringWebDriver.java:345)
	at org.openqa.selenium.remote.server.KnownElements$1.invoke(KnownElements.java:64)
	at com.sun.proxy.$Proxy6.click(Unknown Source)
	at org.openqa.selenium.remote.server.handler.ClickElement.call(ClickElement.java:30)
	at org.openqa.selenium.remote.server.handler.ClickElement.call(ClickElement.java:22)
	at java.util.concurrent.FutureTask.run(Unknown Source)
	at org.openqa.selenium.remote.server.DefaultSession$1.run(DefaultSession.java:176)
	at java.util.concurrent.ThreadPoolExecutor.runWorker(Unknown Source)
	at java.util.concurrent.ThreadPoolExecutor$Worker.run(Unknown Source)
	at java.lang.Thread.run(Unknown Source)
... Removed 25 stack frames</pre></div><a href='#' onClick='toggleBox("stack-trace1669363942", this, "Click to show all stack frames", "Click to hide stack frames")'>Click to show all stack frames</a>
<div class='stack-trace' id='stack-trace1669363942'><pre>org.openqa.selenium.WebDriverException: Element &lt;a class=&quot;z2-footer__primary-menu-group-item-link&quot; href=&quot;/why-pantheon&quot;&gt; is not clickable at point (178,670) because another element &lt;p id=&quot;alert-box-message&quot; class=&quot;banner-content&quot;&gt; obscures it
Build info: version: &apos;3.4.0&apos;, revision: &apos;unknown&apos;, time: &apos;unknown&apos;
System info: host: &apos;SAUCE-WIN10&apos;, ip: &apos;10.119.47.113&apos;, os.name: &apos;Windows 10&apos;, os.arch: &apos;amd64&apos;, os.version: &apos;10.0&apos;, java.version: &apos;1.8.0_131&apos;
Driver info: org.openqa.selenium.firefox.FirefoxDriver
Capabilities [{moz:profile=C:\Users\sauce\AppData\Local\Temp\rust_mozprofileHCewXQ, moz:geckodriverVersion=0.30.0, timeouts={implicit=0.0, pageLoad=300000.0, script=30000.0}, pageLoadStrategy=normal, unhandledPromptBehavior=dismiss and notify, strictFileInteractability=false, moz:headless=false, platform=ANY, proxy=Proxy(), moz:accessibilityChecks=false, moz:useNonSpecCompliantPointerOrigin=false, acceptInsecureCerts=false, browserVersion=94.0, moz:shutdownTimeout=60000.0, platformVersion=10.0, moz:processID=5384.0, browserName=firefox, moz:buildID=20211028161635, javascriptEnabled=true, platformName=windows, setWindowRect=true, moz:webdriverClick=true}]
Session ID: XXXXXXXX-XXXX-XXXX-XXXX-XXXX46924a7d
Command duration or timeout: 0 milliseconds
	at sun.reflect.NativeConstructorAccessorImpl.newInstance0(Native Method)
	at sun.reflect.NativeConstructorAccessorImpl.newInstance(NativeConstructorAccessorImpl.java:62)
	at sun.reflect.DelegatingConstructorAccessorImpl.newInstance(DelegatingConstructorAccessorImpl.java:45)
	at java.lang.reflect.Constructor.newInstance(Constructor.java:423)
	at org.openqa.selenium.remote.ErrorHandler.createThrowable(ErrorHandler.java:214)
	at org.openqa.selenium.remote.ErrorHandler.throwIfResponseFailed(ErrorHandler.java:166)
	at org.openqa.selenium.remote.http.JsonHttpResponseCodec.reconstructValue(JsonHttpResponseCodec.java:40)
	at org.openqa.selenium.remote.http.AbstractHttpResponseCodec.decode(AbstractHttpResponseCodec.java:80)
	at org.openqa.selenium.remote.http.AbstractHttpResponseCodec.decode(AbstractHttpResponseCodec.java:44)
	at org.openqa.selenium.remote.HttpCommandExecutor.execute(HttpCommandExecutor.java:158)
	at org.openqa.selenium.remote.RemoteWebDriver.execute(RemoteWebDriver.java:548)
	at org.openqa.selenium.remote.RemoteWebElement.execute(RemoteWebElement.java:276)
	at org.openqa.selenium.remote.RemoteWebElement.click(RemoteWebElement.java:83)
	at com.pantheon.PantheonTest.PantheonWhy(PantheonTest.java:135)
	at sun.reflect.NativeMethodAccessorImpl.invoke0(Native Method)
	at sun.reflect.NativeMethodAccessorImpl.invoke(NativeMethodAccessorImpl.java:62)
	at sun.reflect.DelegatingMethodAccessorImpl.invoke(DelegatingMethodAccessorImpl.java:43)
	at java.lang.reflect.Method.invoke(Method.java:498)
	at org.testng.internal.MethodInvocationHelper.invokeMethod(MethodInvocationHelper.java:104)
	at org.testng.internal.Invoker.invokeMethod(Invoker.java:645)
	at org.testng.internal.Invoker.invokeTestMethod(Invoker.java:851)
	at org.testng.internal.TestMethodWithDataProviderMethodWorker.call(TestMethodWithDataProviderMethodWorker.java:75)
	at org.testng.internal.TestMethodWithDataProviderMethodWorker.call(TestMethodWithDataProviderMethodWorker.java:14)
	at java.util.concurrent.FutureTask.run(FutureTask.java:266)
	at java.util.concurrent.Executors$RunnableAdapter.call(Executors.java:511)
	at java.util.concurrent.FutureTask.run(FutureTask.java:266)
	at java.util.concurrent.ThreadPoolExecutor.runWorker(ThreadPoolExecutor.java:1149)
	at java.util.concurrent.ThreadPoolExecutor$Worker.run(ThreadPoolExecutor.java:624)
	at java.lang.Thread.run(Thread.java:748)
Caused by: org.openqa.selenium.WebDriverException: Element &lt;a class=&quot;z2-footer__primary-menu-group-item-link&quot; href=&quot;/why-pantheon&quot;&gt; is not clickable at point (178,670) because another element &lt;p id=&quot;alert-box-message&quot; class=&quot;banner-content&quot;&gt; obscures it
Build info: version: &apos;3.4.0&apos;, revision: &apos;unknown&apos;, time: &apos;unknown&apos;
System info: host: &apos;SAUCE-WIN10&apos;, ip: &apos;10.119.47.113&apos;, os.name: &apos;Windows 10&apos;, os.arch: &apos;amd64&apos;, os.version: &apos;10.0&apos;, java.version: &apos;1.8.0_131&apos;
Driver info: org.openqa.selenium.firefox.FirefoxDriver
Capabilities [{moz:profile=C:\Users\sauce\AppData\Local\Temp\rust_mozprofileHCewXQ, moz:geckodriverVersion=0.30.0, timeouts={implicit=0.0, pageLoad=300000.0, script=30000.0}, pageLoadStrategy=normal, unhandledPromptBehavior=dismiss and notify, strictFileInteractability=false, moz:headless=false, platform=ANY, proxy=Proxy(), moz:accessibilityChecks=false, moz:useNonSpecCompliantPointerOrigin=false, acceptInsecureCerts=false, browserVersion=94.0, moz:shutdownTimeout=60000.0, platformVersion=10.0, moz:processID=5384.0, browserName=firefox, moz:buildID=20211028161635, javascriptEnabled=true, platformName=windows, setWindowRect=true, moz:webdriverClick=true}]
Session ID: XXXXXXXX-XXXX-XXXX-XXXX-XXXX46924a7d
Build info: version: &apos;3.14.0&apos;, revision: &apos;aacccce0&apos;, time: &apos;2018-08-02T20:19:58.91Z&apos;
System info: host: &apos;SL-1549.local&apos;, ip: &apos;fe80:0:0:0:a6:ad74:b699:975f%en0&apos;, os.name: &apos;Mac OS X&apos;, os.arch: &apos;x86_64&apos;, os.version: &apos;10.16&apos;, java.version: &apos;1.8.0_271&apos;
Driver info: driver.version: RemoteWebDriver
	at sun.reflect.NativeConstructorAccessorImpl.newInstance0(Native Method)
	at sun.reflect.NativeConstructorAccessorImpl.newInstance(Unknown Source)
	at sun.reflect.DelegatingConstructorAccessorImpl.newInstance(Unknown Source)
	at java.lang.reflect.Constructor.newInstance(Unknown Source)
	at org.openqa.selenium.remote.http.W3CHttpResponseCodec.createException(W3CHttpResponseCodec.java:150)
	at org.openqa.selenium.remote.http.W3CHttpResponseCodec.decode(W3CHttpResponseCodec.java:115)
	at org.openqa.selenium.remote.http.W3CHttpResponseCodec.decode(W3CHttpResponseCodec.java:45)
	at org.openqa.selenium.remote.HttpCommandExecutor.execute(HttpCommandExecutor.java:164)
	at org.openqa.selenium.remote.service.DriverCommandExecutor.execute(DriverCommandExecutor.java:82)
	at org.openqa.selenium.remote.RemoteWebDriver.execute(RemoteWebDriver.java:637)
	at org.openqa.selenium.remote.RemoteWebElement.execute(RemoteWebElement.java:272)
	at org.openqa.selenium.remote.RemoteWebElement.click(RemoteWebElement.java:82)
	at sun.reflect.NativeMethodAccessorImpl.invoke0(Native Method)
	at sun.reflect.NativeMethodAccessorImpl.invoke(Unknown Source)
	at sun.reflect.DelegatingMethodAccessorImpl.invoke(Unknown Source)
	at java.lang.reflect.Method.invoke(Unknown Source)
	at org.openqa.selenium.support.events.EventFiringWebDriver$EventFiringWebElement$1.invoke(EventFiringWebDriver.java:332)
	at com.sun.proxy.$Proxy5.click(Unknown Source)
	at org.openqa.selenium.support.events.EventFiringWebDriver$EventFiringWebElement.click(EventFiringWebDriver.java:345)
	at sun.reflect.NativeMethodAccessorImpl.invoke0(Native Method)
	at sun.reflect.NativeMethodAccessorImpl.invoke(Unknown Source)
	at sun.reflect.DelegatingMethodAccessorImpl.invoke(Unknown Source)
	at java.lang.reflect.Method.invoke(Unknown Source)
	at org.openqa.selenium.remote.server.KnownElements$1.invoke(KnownElements.java:64)
	at com.sun.proxy.$Proxy6.click(Unknown Source)
	at org.openqa.selenium.remote.server.handler.ClickElement.call(ClickElement.java:30)
	at org.openqa.selenium.remote.server.handler.ClickElement.call(ClickElement.java:22)
	at java.util.concurrent.FutureTask.run(Unknown Source)
	at org.openqa.selenium.remote.server.DefaultSession$1.run(DefaultSession.java:176)
	at java.util.concurrent.ThreadPoolExecutor.runWorker(Unknown Source)
	at java.util.concurrent.ThreadPoolExecutor$Worker.run(Unknown Source)
	at java.lang.Thread.run(Unknown Source)
</pre></div></td>
<td>41</td>
<td>com.pantheon.PantheonTest@880ec60</td></tr>
<tr>
<td title='com.pantheon.PantheonTest.PantheonWhy()'><b>PantheonWhy</b><br>Test class: com.pantheon.PantheonTest<br>Parameters: browser, chrome, 76.0, OS X 10.11, , public void com.pantheon.PantheonTest.PantheonWhy(java.lang.String,java.lang.String,java.lang.String,java.lang.String,java.lang.String,java.lang.reflect.Method) throws java.lang.Exception</td>
<td><div><pre>org.openqa.selenium.ElementClickInterceptedException: element click intercepted: Element &lt;a href=&quot;/why-pantheon&quot; class=&quot;z2-footer__primary-menu-group-item-link&quot;&gt;...&lt;/a&gt; is not clickable at point (180, 610). Other element would receive the click: &lt;div class=&quot;optanon-clearfix optanon-alert-box-bottom-padding&quot;&gt;&lt;/div&gt;
  (Session info: chrome=76.0.3809.87)
  (Driver info: chromedriver=76.0.3809.68 (420c9498db8ce8fcd190a954d51297672c1515d5-refs/branch-heads/3809@{#864}),platform=Mac OS X 10.11.6 x86_64) (WARNING: The server did not provide any stacktrace information)
Command duration or timeout: 0 milliseconds
Build info: version: &apos;3.14.0&apos;, revision: &apos;aacccce0&apos;, time: &apos;2018-08-02T20:19:58.91Z&apos;
System info: host: &apos;SL-1549.local&apos;, ip: &apos;fe80:0:0:0:a6:ad74:b699:975f%en0&apos;, os.name: &apos;Mac OS X&apos;, os.arch: &apos;x86_64&apos;, os.version: &apos;10.16&apos;, java.version: &apos;1.8.0_271&apos;
Driver info: org.openqa.selenium.remote.RemoteWebDriver
Capabilities {acceptInsecureCerts: false, acceptSslCerts: false, applicationCacheEnabled: false, browserConnectionEnabled: false, browserName: chrome, chrome: {chromedriverVersion: 76.0.3809.68 (420c9498db8ce..., userDataDir: /var/folders/x8/0hf91b3x6n5...}, cssSelectorsEnabled: true, databaseEnabled: false, goog:chromeOptions: {debuggerAddress: localhost:64533}, handlesAlerts: true, hasMetadata: true, hasTouchScreen: false, javascriptEnabled: true, locationContextEnabled: true, mobileEmulationEnabled: false, nativeEvents: true, networkConnectionEnabled: false, pageLoadStrategy: normal, platform: MAC, platformName: MAC, proxy: Proxy(), rotatable: false, setWindowRect: true, strictFileInteractability: false, takesHeapSnapshot: true, takesScreenshot: true, timeouts: {implicit: 0, pageLoad: 300000, script: 30000}, unexpectedAlertBehaviour: ignore, unhandledPromptBehavior: ignore, version: 76.0.3809.87, webStorageEnabled: true, webdriver.remote.sessionid: 268c2193d7fb4e15ba78fda14e4...}
Session ID: 268c2193d7fb4e15ba78fda14e4f0372
	at org.openqa.selenium.remote.ErrorHandler.createThrowable(ErrorHandler.java:214)
	at org.openqa.selenium.remote.ErrorHandler.throwIfResponseFailed(ErrorHandler.java:166)
	at org.openqa.selenium.remote.http.JsonHttpResponseCodec.reconstructValue(JsonHttpResponseCodec.java:40)
	at org.openqa.selenium.remote.http.AbstractHttpResponseCodec.decode(AbstractHttpResponseCodec.java:80)
	at org.openqa.selenium.remote.http.AbstractHttpResponseCodec.decode(AbstractHttpResponseCodec.java:44)
	at org.openqa.selenium.remote.HttpCommandExecutor.execute(HttpCommandExecutor.java:158)
	at org.openqa.selenium.remote.RemoteWebDriver.execute(RemoteWebDriver.java:548)
	at org.openqa.selenium.remote.RemoteWebElement.execute(RemoteWebElement.java:276)
	at org.openqa.selenium.remote.RemoteWebElement.click(RemoteWebElement.java:83)
	at com.pantheon.PantheonTest.PantheonWhy(PantheonTest.java:135)
	at java.util.concurrent.FutureTask.run(FutureTask.java:266)
	at java.util.concurrent.Executors$RunnableAdapter.call(Executors.java:511)
	at java.util.concurrent.FutureTask.run(FutureTask.java:266)
	at java.util.concurrent.ThreadPoolExecutor.runWorker(ThreadPoolExecutor.java:1149)
	at java.util.concurrent.ThreadPoolExecutor$Worker.run(ThreadPoolExecutor.java:624)
	at java.lang.Thread.run(Thread.java:748)
... Removed 13 stack frames</pre></div><a href='#' onClick='toggleBox("stack-trace1591348492", this, "Click to show all stack frames", "Click to hide stack frames")'>Click to show all stack frames</a>
<div class='stack-trace' id='stack-trace1591348492'><pre>org.openqa.selenium.ElementClickInterceptedException: element click intercepted: Element &lt;a href=&quot;/why-pantheon&quot; class=&quot;z2-footer__primary-menu-group-item-link&quot;&gt;...&lt;/a&gt; is not clickable at point (180, 610). Other element would receive the click: &lt;div class=&quot;optanon-clearfix optanon-alert-box-bottom-padding&quot;&gt;&lt;/div&gt;
  (Session info: chrome=76.0.3809.87)
  (Driver info: chromedriver=76.0.3809.68 (420c9498db8ce8fcd190a954d51297672c1515d5-refs/branch-heads/3809@{#864}),platform=Mac OS X 10.11.6 x86_64) (WARNING: The server did not provide any stacktrace information)
Command duration or timeout: 0 milliseconds
Build info: version: &apos;3.14.0&apos;, revision: &apos;aacccce0&apos;, time: &apos;2018-08-02T20:19:58.91Z&apos;
System info: host: &apos;SL-1549.local&apos;, ip: &apos;fe80:0:0:0:a6:ad74:b699:975f%en0&apos;, os.name: &apos;Mac OS X&apos;, os.arch: &apos;x86_64&apos;, os.version: &apos;10.16&apos;, java.version: &apos;1.8.0_271&apos;
Driver info: org.openqa.selenium.remote.RemoteWebDriver
Capabilities {acceptInsecureCerts: false, acceptSslCerts: false, applicationCacheEnabled: false, browserConnectionEnabled: false, browserName: chrome, chrome: {chromedriverVersion: 76.0.3809.68 (420c9498db8ce..., userDataDir: /var/folders/x8/0hf91b3x6n5...}, cssSelectorsEnabled: true, databaseEnabled: false, goog:chromeOptions: {debuggerAddress: localhost:64533}, handlesAlerts: true, hasMetadata: true, hasTouchScreen: false, javascriptEnabled: true, locationContextEnabled: true, mobileEmulationEnabled: false, nativeEvents: true, networkConnectionEnabled: false, pageLoadStrategy: normal, platform: MAC, platformName: MAC, proxy: Proxy(), rotatable: false, setWindowRect: true, strictFileInteractability: false, takesHeapSnapshot: true, takesScreenshot: true, timeouts: {implicit: 0, pageLoad: 300000, script: 30000}, unexpectedAlertBehaviour: ignore, unhandledPromptBehavior: ignore, version: 76.0.3809.87, webStorageEnabled: true, webdriver.remote.sessionid: 268c2193d7fb4e15ba78fda14e4...}
Session ID: 268c2193d7fb4e15ba78fda14e4f0372
	at sun.reflect.NativeConstructorAccessorImpl.newInstance0(Native Method)
	at sun.reflect.NativeConstructorAccessorImpl.newInstance(NativeConstructorAccessorImpl.java:62)
	at sun.reflect.DelegatingConstructorAccessorImpl.newInstance(DelegatingConstructorAccessorImpl.java:45)
	at java.lang.reflect.Constructor.newInstance(Constructor.java:423)
	at org.openqa.selenium.remote.ErrorHandler.createThrowable(ErrorHandler.java:214)
	at org.openqa.selenium.remote.ErrorHandler.throwIfResponseFailed(ErrorHandler.java:166)
	at org.openqa.selenium.remote.http.JsonHttpResponseCodec.reconstructValue(JsonHttpResponseCodec.java:40)
	at org.openqa.selenium.remote.http.AbstractHttpResponseCodec.decode(AbstractHttpResponseCodec.java:80)
	at org.openqa.selenium.remote.http.AbstractHttpResponseCodec.decode(AbstractHttpResponseCodec.java:44)
	at org.openqa.selenium.remote.HttpCommandExecutor.execute(HttpCommandExecutor.java:158)
	at org.openqa.selenium.remote.RemoteWebDriver.execute(RemoteWebDriver.java:548)
	at org.openqa.selenium.remote.RemoteWebElement.execute(RemoteWebElement.java:276)
	at org.openqa.selenium.remote.RemoteWebElement.click(RemoteWebElement.java:83)
	at com.pantheon.PantheonTest.PantheonWhy(PantheonTest.java:135)
	at sun.reflect.NativeMethodAccessorImpl.invoke0(Native Method)
	at sun.reflect.NativeMethodAccessorImpl.invoke(NativeMethodAccessorImpl.java:62)
	at sun.reflect.DelegatingMethodAccessorImpl.invoke(DelegatingMethodAccessorImpl.java:43)
	at java.lang.reflect.Method.invoke(Method.java:498)
	at org.testng.internal.MethodInvocationHelper.invokeMethod(MethodInvocationHelper.java:104)
	at org.testng.internal.Invoker.invokeMethod(Invoker.java:645)
	at org.testng.internal.Invoker.invokeTestMethod(Invoker.java:851)
	at org.testng.internal.TestMethodWithDataProviderMethodWorker.call(TestMethodWithDataProviderMethodWorker.java:75)
	at org.testng.internal.TestMethodWithDataProviderMethodWorker.call(TestMethodWithDataProviderMethodWorker.java:14)
	at java.util.concurrent.FutureTask.run(FutureTask.java:266)
	at java.util.concurrent.Executors$RunnableAdapter.call(Executors.java:511)
	at java.util.concurrent.FutureTask.run(FutureTask.java:266)
	at java.util.concurrent.ThreadPoolExecutor.runWorker(ThreadPoolExecutor.java:1149)
	at java.util.concurrent.ThreadPoolExecutor$Worker.run(ThreadPoolExecutor.java:624)
	at java.lang.Thread.run(Thread.java:748)
</pre></div></td>
<td>73</td>
<td>com.pantheon.PantheonTest@880ec60</td></tr>
<tr>
<td title='com.pantheon.PantheonTest.PantheonWhy()'><b>PantheonWhy</b><br>Test class: com.pantheon.PantheonTest<br>Parameters: device, , , Android, Samsung.*, public void com.pantheon.PantheonTest.PantheonWhy(java.lang.String,java.lang.String,java.lang.String,java.lang.String,java.lang.String,java.lang.reflect.Method) throws java.lang.Exception</td>
<td><div><pre>org.openqa.selenium.ElementClickInterceptedException: element click intercepted: Element &lt;a href=&quot;/why-pantheon&quot; class=&quot;z2-footer__primary-menu-group-item-link&quot;&gt;...&lt;/a&gt; is not clickable at point (85, 590). Other element would receive the click: &lt;p class=&quot;banner-content&quot; id=&quot;alert-box-message&quot;&gt;...&lt;/p&gt;
  (Session info: chrome=97.0.4692.98)
  (Driver info: chromedriver=97.0.4692.36 (747e0a0f19c13ca6ee136200f5b097448ae4892f-refs/branch-heads/4692@{#607}),platform=Linux 4.15.0-136-generic x86_64) (WARNING: The server did not provide any stacktrace information)
Command duration or timeout: 0 milliseconds
Build info: version: &apos;3.14.0&apos;, revision: &apos;aacccce0&apos;, time: &apos;2018-08-02T20:19:58.91Z&apos;
System info: host: &apos;SL-1549.local&apos;, ip: &apos;fe80:0:0:0:a6:ad74:b699:975f%en0&apos;, os.name: &apos;Mac OS X&apos;, os.arch: &apos;x86_64&apos;, os.version: &apos;10.16&apos;, java.version: &apos;1.8.0_271&apos;
Driver info: org.openqa.selenium.remote.RemoteWebDriver
Capabilities {accesskey: 70d8fea3-9242-4aea-ba5a-4f5..., adbPort: 15001, appActivity: com.google.android.apps.chr..., appPackage: com.android.chrome, browserName: Chrome, chromeOptions: {w3c: false}, chromedriverChromeMappingFile: /root/.testobject_devices/w..., chromedriverExecutableDir: /root/.testobject_devices/w..., chromedriverPorts: [[26010, 26020]], databaseEnabled: false, desired: {accesskey: 70d8fea3-9242-4aea-ba5a-4f5..., adbPort: 15001, browserName: Chrome, chromeOptions: {w3c: false}, chromedriverChromeMappingFile: /root/.testobject_devices/w..., chromedriverExecutableDir: /root/.testobject_devices/w..., chromedriverPorts: [[26010, 26020]], deviceName: Samsung_Galaxy_S6_Edge_Plus..., name: PantheonWhy, platformName: Android, suppressKillServer: true, systemPort: 8201, testobject_device: Samsung.*, testobject_platform_name: Android, testobject_test_name: PantheonWhy, uiautomator2ServerInstallTimeout: 60000, username: SauceFrank}, deviceApiLevel: 23, deviceContextId: a4a95a6e-e28d-4bda-9a32-667..., deviceManufacturer: samsung, deviceModel: SAMSUNG-SM-G928A, deviceName: 10.101.64.14:16010, deviceScreenDensity: 560, deviceScreenSize: 1440x2560, deviceUDID: 10.101.64.14:16010, javascriptEnabled: true, locationContextEnabled: false, name: PantheonWhy, networkConnectionEnabled: true, pixelRatio: 3.5, platform: LINUX, platformName: LINUX, platformVersion: 6.0.1, statBarHeight: 84, suppressKillServer: true, systemPort: 8201, takesScreenshot: true, testobject_device: Samsung_Galaxy_S6_Edge_Plus..., testobject_device_name: Samsung Galaxy S6 Edge+, testobject_device_session_id: ee19cb5e-d1f5-4168-8811-eea..., testobject_platform_name: Android, testobject_project_id: saucelabs-default, testobject_test_name: PantheonWhy, testobject_test_report_api_url: https://api.us-west-1.sauce..., testobject_test_report_id: 34795, testobject_test_report_url: https://app.saucelabs.com/t..., testobject_user_id: SauceFrank, uiautomator2ServerInstallTimeout: 60000, usedCachedDevice: false, username: SauceFrank, viewportRect: {height: 2476, left: 0, top: 84, width: 1440}, warnings: {}, webStorageEnabled: false}
Session ID: ea919f3b-a826-4bd2-b9b4-66cbeb585aa5
	at org.openqa.selenium.remote.ErrorHandler.createThrowable(ErrorHandler.java:214)
	at org.openqa.selenium.remote.ErrorHandler.throwIfResponseFailed(ErrorHandler.java:166)
	at org.openqa.selenium.remote.http.JsonHttpResponseCodec.reconstructValue(JsonHttpResponseCodec.java:40)
	at org.openqa.selenium.remote.http.AbstractHttpResponseCodec.decode(AbstractHttpResponseCodec.java:80)
	at org.openqa.selenium.remote.http.AbstractHttpResponseCodec.decode(AbstractHttpResponseCodec.java:44)
	at org.openqa.selenium.remote.HttpCommandExecutor.execute(HttpCommandExecutor.java:158)
	at org.openqa.selenium.remote.RemoteWebDriver.execute(RemoteWebDriver.java:548)
	at org.openqa.selenium.remote.RemoteWebElement.execute(RemoteWebElement.java:276)
	at org.openqa.selenium.remote.RemoteWebElement.click(RemoteWebElement.java:83)
	at com.pantheon.PantheonTest.PantheonWhy(PantheonTest.java:135)
	at java.util.concurrent.FutureTask.run(FutureTask.java:266)
	at java.util.concurrent.Executors$RunnableAdapter.call(Executors.java:511)
	at java.util.concurrent.FutureTask.run(FutureTask.java:266)
	at java.util.concurrent.ThreadPoolExecutor.runWorker(ThreadPoolExecutor.java:1149)
	at java.util.concurrent.ThreadPoolExecutor$Worker.run(ThreadPoolExecutor.java:624)
	at java.lang.Thread.run(Thread.java:748)
... Removed 13 stack frames</pre></div><a href='#' onClick='toggleBox("stack-trace614443332", this, "Click to show all stack frames", "Click to hide stack frames")'>Click to show all stack frames</a>
<div class='stack-trace' id='stack-trace614443332'><pre>org.openqa.selenium.ElementClickInterceptedException: element click intercepted: Element &lt;a href=&quot;/why-pantheon&quot; class=&quot;z2-footer__primary-menu-group-item-link&quot;&gt;...&lt;/a&gt; is not clickable at point (85, 590). Other element would receive the click: &lt;p class=&quot;banner-content&quot; id=&quot;alert-box-message&quot;&gt;...&lt;/p&gt;
  (Session info: chrome=97.0.4692.98)
  (Driver info: chromedriver=97.0.4692.36 (747e0a0f19c13ca6ee136200f5b097448ae4892f-refs/branch-heads/4692@{#607}),platform=Linux 4.15.0-136-generic x86_64) (WARNING: The server did not provide any stacktrace information)
Command duration or timeout: 0 milliseconds
Build info: version: &apos;3.14.0&apos;, revision: &apos;aacccce0&apos;, time: &apos;2018-08-02T20:19:58.91Z&apos;
System info: host: &apos;SL-1549.local&apos;, ip: &apos;fe80:0:0:0:a6:ad74:b699:975f%en0&apos;, os.name: &apos;Mac OS X&apos;, os.arch: &apos;x86_64&apos;, os.version: &apos;10.16&apos;, java.version: &apos;1.8.0_271&apos;
Driver info: org.openqa.selenium.remote.RemoteWebDriver
Capabilities {accesskey: 70d8fea3-9242-4aea-ba5a-4f5..., adbPort: 15001, appActivity: com.google.android.apps.chr..., appPackage: com.android.chrome, browserName: Chrome, chromeOptions: {w3c: false}, chromedriverChromeMappingFile: /root/.testobject_devices/w..., chromedriverExecutableDir: /root/.testobject_devices/w..., chromedriverPorts: [[26010, 26020]], databaseEnabled: false, desired: {accesskey: 70d8fea3-9242-4aea-ba5a-4f5..., adbPort: 15001, browserName: Chrome, chromeOptions: {w3c: false}, chromedriverChromeMappingFile: /root/.testobject_devices/w..., chromedriverExecutableDir: /root/.testobject_devices/w..., chromedriverPorts: [[26010, 26020]], deviceName: Samsung_Galaxy_S6_Edge_Plus..., name: PantheonWhy, platformName: Android, suppressKillServer: true, systemPort: 8201, testobject_device: Samsung.*, testobject_platform_name: Android, testobject_test_name: PantheonWhy, uiautomator2ServerInstallTimeout: 60000, username: SauceFrank}, deviceApiLevel: 23, deviceContextId: a4a95a6e-e28d-4bda-9a32-667..., deviceManufacturer: samsung, deviceModel: SAMSUNG-SM-G928A, deviceName: 10.101.64.14:16010, deviceScreenDensity: 560, deviceScreenSize: 1440x2560, deviceUDID: 10.101.64.14:16010, javascriptEnabled: true, locationContextEnabled: false, name: PantheonWhy, networkConnectionEnabled: true, pixelRatio: 3.5, platform: LINUX, platformName: LINUX, platformVersion: 6.0.1, statBarHeight: 84, suppressKillServer: true, systemPort: 8201, takesScreenshot: true, testobject_device: Samsung_Galaxy_S6_Edge_Plus..., testobject_device_name: Samsung Galaxy S6 Edge+, testobject_device_session_id: ee19cb5e-d1f5-4168-8811-eea..., testobject_platform_name: Android, testobject_project_id: saucelabs-default, testobject_test_name: PantheonWhy, testobject_test_report_api_url: https://api.us-west-1.sauce..., testobject_test_report_id: 34795, testobject_test_report_url: https://app.saucelabs.com/t..., testobject_user_id: SauceFrank, uiautomator2ServerInstallTimeout: 60000, usedCachedDevice: false, username: SauceFrank, viewportRect: {height: 2476, left: 0, top: 84, width: 1440}, warnings: {}, webStorageEnabled: false}
Session ID: ea919f3b-a826-4bd2-b9b4-66cbeb585aa5
	at sun.reflect.NativeConstructorAccessorImpl.newInstance0(Native Method)
	at sun.reflect.NativeConstructorAccessorImpl.newInstance(NativeConstructorAccessorImpl.java:62)
	at sun.reflect.DelegatingConstructorAccessorImpl.newInstance(DelegatingConstructorAccessorImpl.java:45)
	at java.lang.reflect.Constructor.newInstance(Constructor.java:423)
	at org.openqa.selenium.remote.ErrorHandler.createThrowable(ErrorHandler.java:214)
	at org.openqa.selenium.remote.ErrorHandler.throwIfResponseFailed(ErrorHandler.java:166)
	at org.openqa.selenium.remote.http.JsonHttpResponseCodec.reconstructValue(JsonHttpResponseCodec.java:40)
	at org.openqa.selenium.remote.http.AbstractHttpResponseCodec.decode(AbstractHttpResponseCodec.java:80)
	at org.openqa.selenium.remote.http.AbstractHttpResponseCodec.decode(AbstractHttpResponseCodec.java:44)
	at org.openqa.selenium.remote.HttpCommandExecutor.execute(HttpCommandExecutor.java:158)
	at org.openqa.selenium.remote.RemoteWebDriver.execute(RemoteWebDriver.java:548)
	at org.openqa.selenium.remote.RemoteWebElement.execute(RemoteWebElement.java:276)
	at org.openqa.selenium.remote.RemoteWebElement.click(RemoteWebElement.java:83)
	at com.pantheon.PantheonTest.PantheonWhy(PantheonTest.java:135)
	at sun.reflect.NativeMethodAccessorImpl.invoke0(Native Method)
	at sun.reflect.NativeMethodAccessorImpl.invoke(NativeMethodAccessorImpl.java:62)
	at sun.reflect.DelegatingMethodAccessorImpl.invoke(DelegatingMethodAccessorImpl.java:43)
	at java.lang.reflect.Method.invoke(Method.java:498)
	at org.testng.internal.MethodInvocationHelper.invokeMethod(MethodInvocationHelper.java:104)
	at org.testng.internal.Invoker.invokeMethod(Invoker.java:645)
	at org.testng.internal.Invoker.invokeTestMethod(Invoker.java:851)
	at org.testng.internal.TestMethodWithDataProviderMethodWorker.call(TestMethodWithDataProviderMethodWorker.java:75)
	at org.testng.internal.TestMethodWithDataProviderMethodWorker.call(TestMethodWithDataProviderMethodWorker.java:14)
	at java.util.concurrent.FutureTask.run(FutureTask.java:266)
	at java.util.concurrent.Executors$RunnableAdapter.call(Executors.java:511)
	at java.util.concurrent.FutureTask.run(FutureTask.java:266)
	at java.util.concurrent.ThreadPoolExecutor.runWorker(ThreadPoolExecutor.java:1149)
	at java.util.concurrent.ThreadPoolExecutor$Worker.run(ThreadPoolExecutor.java:624)
	at java.lang.Thread.run(Thread.java:748)
</pre></div></td>
<td>136</td>
<td>com.pantheon.PantheonTest@880ec60</td></tr>
</table><p>
<table width='100%' border='1' class='invocation-passed'>
<tr><td colspan='4' align='center'><b>PASSED TESTS</b></td></tr>
<tr><td><b>Test method</b></td>
<td width="30%"><b>Exception</b></td>
<td width="10%"><b>Time (seconds)</b></td>
<td><b>Instance</b></td>
</tr>
<tr>
<td title='com.pantheon.PantheonTest.PantheonPageTitle()'><b>PantheonPageTitle</b><br>Test class: com.pantheon.PantheonTest<br>Parameters: browser, internet explorer, 11, Windows 8.1, , public void com.pantheon.PantheonTest.PantheonPageTitle(java.lang.String,java.lang.String,java.lang.String,java.lang.String,java.lang.String,java.lang.reflect.Method) throws java.lang.Exception</td>
<td></td>
<td>13</td>
<td>com.pantheon.PantheonTest@880ec60</td></tr>
<tr>
<td title='com.pantheon.PantheonTest.PantheonPageTitle()'><b>PantheonPageTitle</b><br>Test class: com.pantheon.PantheonTest<br>Parameters: browser, MicrosoftEdge, latest, Windows 10, , public void com.pantheon.PantheonTest.PantheonPageTitle(java.lang.String,java.lang.String,java.lang.String,java.lang.String,java.lang.String,java.lang.reflect.Method) throws java.lang.Exception</td>
<td></td>
<td>14</td>
<td>com.pantheon.PantheonTest@880ec60</td></tr>
<tr>
<td title='com.pantheon.PantheonTest.PantheonPageTitle()'><b>PantheonPageTitle</b><br>Test class: com.pantheon.PantheonTest<br>Parameters: browser, firefox, 55.0, Windows 7, , public void com.pantheon.PantheonTest.PantheonPageTitle(java.lang.String,java.lang.String,java.lang.String,java.lang.String,java.lang.String,java.lang.reflect.Method) throws java.lang.Exception</td>
<td></td>
<td>21</td>
<td>com.pantheon.PantheonTest@880ec60</td></tr>
<tr>
<td title='com.pantheon.PantheonTest.PantheonPageTitle()'><b>PantheonPageTitle</b><br>Test class: com.pantheon.PantheonTest<br>Parameters: browser, firefox, latest, macOS 10.14, , public void com.pantheon.PantheonTest.PantheonPageTitle(java.lang.String,java.lang.String,java.lang.String,java.lang.String,java.lang.String,java.lang.reflect.Method) throws java.lang.Exception</td>
<td></td>
<td>21</td>
<td>com.pantheon.PantheonTest@880ec60</td></tr>
<tr>
<td title='com.pantheon.PantheonTest.PantheonPageTitle()'><b>PantheonPageTitle</b><br>Test class: com.pantheon.PantheonTest<br>Parameters: browser, safari, latest, macOS 10.13, , public void com.pantheon.PantheonTest.PantheonPageTitle(java.lang.String,java.lang.String,java.lang.String,java.lang.String,java.lang.String,java.lang.reflect.Method) throws java.lang.Exception</td>
<td></td>
<td>26</td>
<td>com.pantheon.PantheonTest@880ec60</td></tr>
<tr>
<td title='com.pantheon.PantheonTest.PantheonPageTitle()'><b>PantheonPageTitle</b><br>Test class: com.pantheon.PantheonTest<br>Parameters: browser, firefox, latest-2, Windows 10, , public void com.pantheon.PantheonTest.PantheonPageTitle(java.lang.String,java.lang.String,java.lang.String,java.lang.String,java.lang.String,java.lang.reflect.Method) throws java.lang.Exception</td>
<td></td>
<td>26</td>
<td>com.pantheon.PantheonTest@880ec60</td></tr>
<tr>
<td title='com.pantheon.PantheonTest.PantheonPageTitle()'><b>PantheonPageTitle</b><br>Test class: com.pantheon.PantheonTest<br>Parameters: device, , , Android, Samsung.*, public void com.pantheon.PantheonTest.PantheonPageTitle(java.lang.String,java.lang.String,java.lang.String,java.lang.String,java.lang.String,java.lang.reflect.Method) throws java.lang.Exception</td>
<td></td>
<td>27</td>
<td>com.pantheon.PantheonTest@880ec60</td></tr>
<tr>
<td title='com.pantheon.PantheonTest.PantheonPageTitle()'><b>PantheonPageTitle</b><br>Test class: com.pantheon.PantheonTest<br>Parameters: device, , , iOS, iPhone.*, public void com.pantheon.PantheonTest.PantheonPageTitle(java.lang.String,java.lang.String,java.lang.String,java.lang.String,java.lang.String,java.lang.reflect.Method) throws java.lang.Exception</td>
<td></td>
<td>26</td>
<td>com.pantheon.PantheonTest@880ec60</td></tr>
<tr>
<td title='com.pantheon.PantheonTest.PantheonPageTitle()'><b>PantheonPageTitle</b><br>Test class: com.pantheon.PantheonTest<br>Parameters: browser, chrome, latest, Windows 10, , public void com.pantheon.PantheonTest.PantheonPageTitle(java.lang.String,java.lang.String,java.lang.String,java.lang.String,java.lang.String,java.lang.reflect.Method) throws java.lang.Exception</td>
<td></td>
<td>55</td>
<td>com.pantheon.PantheonTest@880ec60</td></tr>
<tr>
<td title='com.pantheon.PantheonTest.PantheonPageTitle()'><b>PantheonPageTitle</b><br>Test class: com.pantheon.PantheonTest<br>Parameters: browser, safari, 11.0, macOS 10.12, , public void com.pantheon.PantheonTest.PantheonPageTitle(java.lang.String,java.lang.String,java.lang.String,java.lang.String,java.lang.String,java.lang.reflect.Method) throws java.lang.Exception</td>
<td></td>
<td>81</td>
<td>com.pantheon.PantheonTest@880ec60</td></tr>
<tr>
<td title='com.pantheon.PantheonTest.PantheonPageTitle()'><b>PantheonPageTitle</b><br>Test class: com.pantheon.PantheonTest<br>Parameters: browser, chrome, 76.0, OS X 10.11, , public void com.pantheon.PantheonTest.PantheonPageTitle(java.lang.String,java.lang.String,java.lang.String,java.lang.String,java.lang.String,java.lang.reflect.Method) throws java.lang.Exception</td>
<td></td>
<td>89</td>
<td>com.pantheon.PantheonTest@880ec60</td></tr>
<tr>
<td title='com.pantheon.PantheonTest.PantheonWhy()'><b>PantheonWhy</b><br>Test class: com.pantheon.PantheonTest<br>Parameters: browser, internet explorer, 11, Windows 8.1, , public void com.pantheon.PantheonTest.PantheonWhy(java.lang.String,java.lang.String,java.lang.String,java.lang.String,java.lang.String,java.lang.reflect.Method) throws java.lang.Exception</td>
<td></td>
<td>17</td>
<td>com.pantheon.PantheonTest@880ec60</td></tr>
<tr>
<td title='com.pantheon.PantheonTest.PantheonWhy()'><b>PantheonWhy</b><br>Test class: com.pantheon.PantheonTest<br>Parameters: browser, firefox, 55.0, Windows 7, , public void com.pantheon.PantheonTest.PantheonWhy(java.lang.String,java.lang.String,java.lang.String,java.lang.String,java.lang.String,java.lang.reflect.Method) throws java.lang.Exception</td>
<td></td>
<td>26</td>
<td>com.pantheon.PantheonTest@880ec60</td></tr>
<tr>
<td title='com.pantheon.PantheonTest.PantheonWhy()'><b>PantheonWhy</b><br>Test class: com.pantheon.PantheonTest<br>Parameters: device, , , iOS, iPhone.*, public void com.pantheon.PantheonTest.PantheonWhy(java.lang.String,java.lang.String,java.lang.String,java.lang.String,java.lang.String,java.lang.reflect.Method) throws java.lang.Exception</td>
<td></td>
<td>24</td>
<td>com.pantheon.PantheonTest@880ec60</td></tr>
<tr>
<td title='com.pantheon.PantheonTest.PantheonWhy()'><b>PantheonWhy</b><br>Test class: com.pantheon.PantheonTest<br>Parameters: browser, safari, 11.0, macOS 10.12, , public void com.pantheon.PantheonTest.PantheonWhy(java.lang.String,java.lang.String,java.lang.String,java.lang.String,java.lang.String,java.lang.reflect.Method) throws java.lang.Exception</td>
<td></td>
<td>81</td>
<td>com.pantheon.PantheonTest@880ec60</td></tr>
<tr>
<td title='com.pantheon.PantheonTest.PantheonWhy()'><b>PantheonWhy</b><br>Test class: com.pantheon.PantheonTest<br>Parameters: browser, chrome, latest, Windows 10, , public void com.pantheon.PantheonTest.PantheonWhy(java.lang.String,java.lang.String,java.lang.String,java.lang.String,java.lang.String,java.lang.reflect.Method) throws java.lang.Exception</td>
<td></td>
<td>138</td>
<td>com.pantheon.PantheonTest@880ec60</td></tr>
</table><p>
</body>
</html>