<?xml version="1.0" encoding="UTF-8"?>
<testsuite xmlns:xsi="http://www.w3.org/2001/XMLSchema-instance" xsi:schemaLocation="https://maven.apache.org/surefire/maven-surefire-plugin/xsd/surefire-test-report.xsd" name="com.cap1.Cap1Test" time="349.083" tests="21" errors="0" skipped="2" failures="5">
  <properties>
    <property name="java.runtime.name" value="Java(TM) SE Runtime Environment"/>
    <property name="sun.boot.library.path" value="/Library/Java/JavaVirtualMachines/jdk1.8.0_271.jdk/Contents/Home/jre/lib"/>
    <property name="java.vm.version" value="25.271-b09"/>
    <property name="gopherProxySet" value="false"/>
    <property name="java.vm.vendor" value="Oracle Corporation"/>
    <property name="maven.multiModuleProjectDirectory" value="/Volumes/Data/Sauce/Cap1-Demo"/>
    <property name="java.vendor.url" value="http://java.oracle.com/"/>
    <property name="path.separator" value=":"/>
    <property name="guice.disable.misplaced.annotation.check" value="true"/>
    <property name="java.vm.name" value="Java HotSpot(TM) 64-Bit Server VM"/>
    <property name="file.encoding.pkg" value="sun.io"/>
    <property name="user.country" value="US"/>
    <property name="sun.java.launcher" value="SUN_STANDARD"/>
    <property name="sun.os.patch.level" value="unknown"/>
    <property name="java.vm.specification.name" value="Java Virtual Machine Specification"/>
    <property name="user.dir" value="/Volumes/Data/Sauce/Cap1-Demo"/>
    <property name="java.runtime.version" value="1.8.0_271-b09"/>
    <property name="java.awt.graphicsenv" value="sun.awt.CGraphicsEnvironment"/>
    <property name="java.endorsed.dirs" value="/Library/Java/JavaVirtualMachines/jdk1.8.0_271.jdk/Contents/Home/jre/lib/endorsed"/>
    <property name="os.arch" value="x86_64"/>
    <property name="java.io.tmpdir" value="/var/folders/yf/7894dgsj0vd0r75b7tfbsty00000gn/T/"/>
    <property name="line.separator" value="&#10;"/>
    <property name="java.vm.specification.vendor" value="Oracle Corporation"/>
    <property name="os.name" value="Mac OS X"/>
    <property name="classworlds.conf" value="/Library/apache-maven-3.6.3/bin/m2.conf"/>
    <property name="sun.jnu.encoding" value="UTF-8"/>
    <property name="java.library.path" value="/Users/frankleyenaar/Library/Java/Extensions:/Library/Java/Extensions:/Network/Library/Java/Extensions:/System/Library/Java/Extensions:/usr/lib/java:."/>
    <property name="maven.conf" value="/Library/apache-maven-3.6.3/conf"/>
    <property name="java.specification.name" value="Java Platform API Specification"/>
    <property name="java.class.version" value="52.0"/>
    <property name="sun.management.compiler" value="HotSpot 64-Bit Tiered Compilers"/>
    <property name="os.version" value="10.16"/>
    <property name="library.jansi.path" value="/Library/apache-maven-3.6.3/lib/jansi-native"/>
    <property name="http.nonProxyHosts" value="local|*.local|169.254/16|*.169.254/16"/>
    <property name="user.home" value="/Users/frankleyenaar"/>
    <property name="user.timezone" value="America/New_York"/>
    <property name="java.awt.printerjob" value="sun.lwawt.macosx.CPrinterJob"/>
    <property name="java.specification.version" value="1.8"/>
    <property name="file.encoding" value="UTF-8"/>
    <property name="user.name" value="frankleyenaar"/>
    <property name="java.class.path" value="/Library/apache-maven-3.6.3/boot/plexus-classworlds-2.6.0.jar"/>
    <property name="java.vm.specification.version" value="1.8"/>
    <property name="sun.arch.data.model" value="64"/>
    <property name="java.home" value="/Library/Java/JavaVirtualMachines/jdk1.8.0_271.jdk/Contents/Home/jre"/>
    <property name="sun.java.command" value="org.codehaus.plexus.classworlds.launcher.Launcher test"/>
    <property name="java.specification.vendor" value="Oracle Corporation"/>
    <property name="user.language" value="en"/>
    <property name="awt.toolkit" value="sun.lwawt.macosx.LWCToolkit"/>
    <property name="java.vm.info" value="mixed mode"/>
    <property name="java.version" value="1.8.0_271"/>
    <property name="java.ext.dirs" value="/Users/frankleyenaar/Library/Java/Extensions:/Library/Java/JavaVirtualMachines/jdk1.8.0_271.jdk/Contents/Home/jre/lib/ext:/Library/Java/Extensions:/Network/Library/Java/Extensions:/System/Library/Java/Extensions:/usr/lib/java"/>
    <property name="sun.boot.class.path" value="/Library/Java/JavaVirtualMachines/jdk1.8.0_271.jdk/Contents/Home/jre/lib/resources.jar:/Library/Java/JavaVirtualMachines/jdk1.8.0_271.jdk/Contents/Home/jre/lib/rt.jar:/Library/Java/JavaVirtualMachines/jdk1.8.0_271.jdk/Contents/Home/jre/lib/sunrsasign.jar:/Library/Java/JavaVirtualMachines/jdk1.8.0_271.jdk/Contents/Home/jre/lib/jsse.jar:/Library/Java/JavaVirtualMachines/jdk1.8.0_271.jdk/Contents/Home/jre/lib/jce.jar:/Library/Java/JavaVirtualMachines/jdk1.8.0_271.jdk/Contents/Home/jre/lib/charsets.jar:/Library/Java/JavaVirtualMachines/jdk1.8.0_271.jdk/Contents/Home/jre/lib/jfr.jar:/Library/Java/JavaVirtualMachines/jdk1.8.0_271.jdk/Contents/Home/jre/classes"/>
    <property name="java.vendor" value="Oracle Corporation"/>
    <property name="maven.home" value="/Library/apache-maven-3.6.3"/>
    <property name="file.separator" value="/"/>
    <property name="java.vendor.url.bug" value="http://bugreport.sun.com/bugreport/"/>
    <property name="sun.cpu.endian" value="little"/>
    <property name="sun.io.unicode.encoding" value="UnicodeBig"/>
    <property name="socksNonProxyHosts" value="local|*.local|169.254/16|*.169.254/16"/>
    <property name="ftp.nonProxyHosts" value="local|*.local|169.254/16|*.169.254/16"/>
    <property name="sun.cpu.isalist" value=""/>
  </properties>
  <testcase name="Cap1Func" classname="com.cap1.Cap1Test" time="8.485">
    <failure message="expected [Explore Credit Cards &amp; Apply Online | Capital One] but found [Capital One]" type="java.lang.AssertionError"><![CDATA[java.lang.AssertionError: expected [Explore Credit Cards & Apply Online | Capital One] but found [Capital One]
	at com.cap1.Cap1Test.Cap1Func(Cap1Test.java:135)
]]></failure>
    <system-out><![CDATA[WebDriverRemoteWebDriver: internet explorer on WINDOWS (6386e87d06df488a974a80b4c6bb4201)
SauceOnDemandSessionID=6386e87d06df488a974a80b4c6bb4201 job-name=Cap1Func
WebDriverRemoteWebDriver: internet explorer on WINDOWS (ba433586758840c8a31cd101527b8967)
SauceOnDemandSessionID=ba433586758840c8a31cd101527b8967 job-name=Cap1PageTitle
]]></system-out>
    <system-err><![CDATA[Aug 01, 2022 10:00:23 AM org.openqa.selenium.remote.ProtocolHandshake createSession
INFO: Detected dialect: OSS
Aug 01, 2022 10:00:24 AM org.openqa.selenium.remote.ProtocolHandshake createSession
INFO: Detected dialect: OSS
]]></system-err>
  </testcase>
  <testcase name="Cap1Func" classname="com.cap1.Cap1Test" time="19.767">
    <failure message="expected [Explore Credit Cards &amp; Apply Online | Capital One] but found [Capital One]" type="java.lang.AssertionError"><![CDATA[java.lang.AssertionError: expected [Explore Credit Cards & Apply Online | Capital One] but found [Capital One]
	at com.cap1.Cap1Test.Cap1Func(Cap1Test.java:135)
]]></failure>
    <system-out><![CDATA[WebDriverRemoteWebDriver: firefox on ANY (5123596a588c4d7a85c4e99841a7ca99)
SauceOnDemandSessionID=5123596a588c4d7a85c4e99841a7ca99 job-name=Cap1PageTitle
]]></system-out>
    <system-err><![CDATA[Aug 01, 2022 10:00:33 AM org.openqa.selenium.remote.ProtocolHandshake createSession
INFO: Detected dialect: OSS
]]></system-err>
  </testcase>
  <testcase name="Cap1Func" classname="com.cap1.Cap1Test" time="24.83"/>
  <testcase name="Cap1Func" classname="com.cap1.Cap1Test" time="26.492"/>
  <testcase name="Cap1Func" classname="com.cap1.Cap1Test" time="26.935"/>
  <testcase name="Cap1Func" classname="com.cap1.Cap1Test" time="43.179"/>
  <testcase name="Cap1Func" classname="com.cap1.Cap1Test" time="70.886">
    <failure message="expected [Explore Credit Cards &amp; Apply Online | Capital One] but found [Capital One]" type="java.lang.AssertionError"><![CDATA[java.lang.AssertionError: expected [Explore Credit Cards & Apply Online | Capital One] but found [Capital One]
	at com.cap1.Cap1Test.Cap1Func(Cap1Test.java:135)
]]></failure>
  </testcase>
  <testcase name="Cap1Func" classname="com.cap1.Cap1Test" time="330.21"/>
  <testcase name="Cap1Func" classname="com.cap1.Cap1Test" time="348.562"/>
  <testcase name="Cap1PageTitle" classname="com.cap1.Cap1Test" time="10.961"/>
  <testcase name="Cap1PageTitle" classname="com.cap1.Cap1Test" time="15.849"/>
  <testcase name="Cap1PageTitle" classname="com.cap1.Cap1Test" time="16.24"/>
  <testcase name="Cap1PageTitle" classname="com.cap1.Cap1Test" time="16.311"/>
  <testcase name="Cap1PageTitle" classname="com.cap1.Cap1Test" time="21.128"/>
  <testcase name="Cap1PageTitle" classname="com.cap1.Cap1Test" time="23.403"/>
  <testcase name="Cap1PageTitle" classname="com.cap1.Cap1Test" time="93.206"/>
  <testcase name="Cap1PageTitle" classname="com.cap1.Cap1Test" time="93.293"/>
  <testcase name="Cap1PageTitle" classname="com.cap1.Cap1Test" time="314.311">
    <failure message="Invalid message: Due to a previous error, this job has already finished.  (WARNING: The server did not provide any stacktrace information)&#10;Command duration or timeout: 0 milliseconds&#10;Build info: version: &apos;3.14.0&apos;, revision: &apos;aacccce0&apos;, time: &apos;2018-08-02T20:19:58.91Z&apos;&#10;System info: host: &apos;SL-1549.local&apos;, ip: &apos;fe80:0:0:0:1c32:d269:d0d0:1bb8%en0&apos;, os.name: &apos;Mac OS X&apos;, os.arch: &apos;x86_64&apos;, os.version: &apos;10.16&apos;, java.version: &apos;1.8.0_271&apos;&#10;Driver info: org.openqa.selenium.remote.RemoteWebDriver&#10;Capabilities {applicationCacheEnabled: true, browserName: safari, cleanSession: true, cssSelectorsEnabled: true, databaseEnabled: true, handlesAlerts: true, hasMetadata: true, javascriptEnabled: true, locationContextEnabled: false, nativeEvents: true, platform: MAC, platformName: MAC, rotatable: false, version: 12604.5.6.1.1, webStorageEnabled: true, webdriver.remote.sessionid: f6fa426152c848e38b02a5bf6d9...}&#10;Session ID: f6fa426152c848e38b02a5bf6d9a2d22" type="org.openqa.selenium.WebDriverException">org.openqa.selenium.WebDriverException: 
Invalid message: Due to a previous error, this job has already finished.  (WARNING: The server did not provide any stacktrace information)
Command duration or timeout: 0 milliseconds
Build info: version: '3.14.0', revision: 'aacccce0', time: '2018-08-02T20:19:58.91Z'
System info: host: 'SL-1549.local', ip: 'fe80:0:0:0:1c32:d269:d0d0:1bb8%en0', os.name: 'Mac OS X', os.arch: 'x86_64', os.version: '10.16', java.version: '1.8.0_271'
Driver info: org.openqa.selenium.remote.RemoteWebDriver
Capabilities {applicationCacheEnabled: true, browserName: safari, cleanSession: true, cssSelectorsEnabled: true, databaseEnabled: true, handlesAlerts: true, hasMetadata: true, javascriptEnabled: true, locationContextEnabled: false, nativeEvents: true, platform: MAC, platformName: MAC, rotatable: false, version: 12604.5.6.1.1, webStorageEnabled: true, webdriver.remote.sessionid: f6fa426152c848e38b02a5bf6d9...}
Session ID: f6fa426152c848e38b02a5bf6d9a2d22
	at com.cap1.Cap1Test.Cap1PageTitle(Cap1Test.java:128)
</failure>
  </testcase>
  <testcase name="tearDown" classname="com.cap1.Cap1Test" time="314.565">
    <failure message="Invalid message: Due to a previous error, this job has already finished.  (WARNING: The server did not provide any stacktrace information)&#10;Command duration or timeout: 0 milliseconds&#10;Build info: version: &apos;3.14.0&apos;, revision: &apos;aacccce0&apos;, time: &apos;2018-08-02T20:19:58.91Z&apos;&#10;System info: host: &apos;SL-1549.local&apos;, ip: &apos;fe80:0:0:0:1c32:d269:d0d0:1bb8%en0&apos;, os.name: &apos;Mac OS X&apos;, os.arch: &apos;x86_64&apos;, os.version: &apos;10.16&apos;, java.version: &apos;1.8.0_271&apos;&#10;Driver info: org.openqa.selenium.remote.RemoteWebDriver&#10;Capabilities {applicationCacheEnabled: true, browserName: safari, cleanSession: true, cssSelectorsEnabled: true, databaseEnabled: true, handlesAlerts: true, hasMetadata: true, javascriptEnabled: true, locationContextEnabled: false, nativeEvents: true, platform: MAC, platformName: MAC, rotatable: false, version: 12604.5.6.1.1, webStorageEnabled: true, webdriver.remote.sessionid: f6fa426152c848e38b02a5bf6d9...}&#10;Session ID: f6fa426152c848e38b02a5bf6d9a2d22" type="org.openqa.selenium.WebDriverException">org.openqa.selenium.WebDriverException: 
Invalid message: Due to a previous error, this job has already finished.  (WARNING: The server did not provide any stacktrace information)
Command duration or timeout: 0 milliseconds
Build info: version: '3.14.0', revision: 'aacccce0', time: '2018-08-02T20:19:58.91Z'
System info: host: 'SL-1549.local', ip: 'fe80:0:0:0:1c32:d269:d0d0:1bb8%en0', os.name: 'Mac OS X', os.arch: 'x86_64', os.version: '10.16', java.version: '1.8.0_271'
Driver info: org.openqa.selenium.remote.RemoteWebDriver
Capabilities {applicationCacheEnabled: true, browserName: safari, cleanSession: true, cssSelectorsEnabled: true, databaseEnabled: true, handlesAlerts: true, hasMetadata: true, javascriptEnabled: true, locationContextEnabled: false, nativeEvents: true, platform: MAC, platformName: MAC, rotatable: false, version: 12604.5.6.1.1, webStorageEnabled: true, webdriver.remote.sessionid: f6fa426152c848e38b02a5bf6d9...}
Session ID: f6fa426152c848e38b02a5bf6d9a2d22
	at com.cap1.Cap1Test.tearDown(Cap1Test.java:111)
</failure>
  </testcase>
  <testcase name="tearDown" classname="com.cap1.Cap1Test" time="0">
    <skipped/>
  </testcase>
  <testcase name="tearDown" classname="com.cap1.Cap1Test" time="0">
    <skipped/>
  </testcase>
</testsuite>