<?xml version="1.0" encoding="UTF-8"?>
<testng-results skipped="0" failed="6" ignored="0" total="22" passed="16">
  <reporter-output>
  </reporter-output>
  <suite name="Surefire suite" duration-ms="138885" started-at="2022-02-03T17:58:56Z" finished-at="2022-02-03T18:01:15Z">
    <groups>
    </groups>
    <test name="Surefire test" duration-ms="138885" started-at="2022-02-03T17:58:56Z" finished-at="2022-02-03T18:01:15Z">
      <class name="com.pantheon.PantheonTest">
        <test-method status="PASS" signature="PantheonPageTitle(java.lang.String, java.lang.String, java.lang.String, java.lang.String, java.lang.String, java.lang.reflect.Method)[pri:0, instance:com.pantheon.PantheonTest@880ec60]" name="PantheonPageTitle" duration-ms="89628" started-at="2022-02-03T12:58:56Z" data-provider="hardCodedBrowsers" finished-at="2022-02-03T13:00:26Z">
          <params>
            <param index="0">
              <value>
                <![CDATA[browser]]>
              </value>
            </param>
            <param index="1">
              <value>
                <![CDATA[chrome]]>
              </value>
            </param>
            <param index="2">
              <value>
                <![CDATA[76.0]]>
              </value>
            </param>
            <param index="3">
              <value>
                <![CDATA[OS X 10.11]]>
              </value>
            </param>
            <param index="4">
              <value>
                <![CDATA[]]>
              </value>
            </param>
            <param index="5">
              <value>
                <![CDATA[public void com.pantheon.PantheonTest.PantheonPageTitle(java.lang.String,java.lang.String,java.lang.String,java.lang.String,java.lang.String,java.lang.reflect.Method) throws java.lang.Exception]]>
              </value>
            </param>
          </params>
          <reporter-output>
          </reporter-output>
        </test-method> <!-- PantheonPageTitle -->
        <test-method status="PASS" signature="PantheonPageTitle(java.lang.String, java.lang.String, java.lang.String, java.lang.String, java.lang.String, java.lang.reflect.Method)[pri:0, instance:com.pantheon.PantheonTest@880ec60]" name="PantheonPageTitle" duration-ms="21469" started-at="2022-02-03T12:58:56Z" data-provider="hardCodedBrowsers" finished-at="2022-02-03T12:59:18Z">
          <params>
            <param index="0">
              <value>
                <![CDATA[browser]]>
              </value>
            </param>
            <param index="1">
              <value>
                <![CDATA[firefox]]>
              </value>
            </param>
            <param index="2">
              <value>
                <![CDATA[latest]]>
              </value>
            </param>
            <param index="3">
              <value>
                <![CDATA[macOS 10.14]]>
              </value>
            </param>
            <param index="4">
              <value>
                <![CDATA[]]>
              </value>
            </param>
            <param index="5">
              <value>
                <![CDATA[public void com.pantheon.PantheonTest.PantheonPageTitle(java.lang.String,java.lang.String,java.lang.String,java.lang.String,java.lang.String,java.lang.reflect.Method) throws java.lang.Exception]]>
              </value>
            </param>
          </params>
          <reporter-output>
          </reporter-output>
        </test-method> <!-- PantheonPageTitle -->
        <test-method status="FAIL" signature="PantheonWhy(java.lang.String, java.lang.String, java.lang.String, java.lang.String, java.lang.String, java.lang.reflect.Method)[pri:0, instance:com.pantheon.PantheonTest@880ec60]" name="PantheonWhy" duration-ms="73638" started-at="2022-02-03T12:58:56Z" data-provider="hardCodedBrowsers" finished-at="2022-02-03T13:00:10Z">
          <params>
            <param index="0">
              <value>
                <![CDATA[browser]]>
              </value>
            </param>
            <param index="1">
              <value>
                <![CDATA[chrome]]>
              </value>
            </param>
            <param index="2">
              <value>
                <![CDATA[76.0]]>
              </value>
            </param>
            <param index="3">
              <value>
                <![CDATA[OS X 10.11]]>
              </value>
            </param>
            <param index="4">
              <value>
                <![CDATA[]]>
              </value>
            </param>
            <param index="5">
              <value>
                <![CDATA[public void com.pantheon.PantheonTest.PantheonWhy(java.lang.String,java.lang.String,java.lang.String,java.lang.String,java.lang.String,java.lang.reflect.Method) throws java.lang.Exception]]>
              </value>
            </param>
          </params>
          <exception class="org.openqa.selenium.ElementClickInterceptedException">
            <message>
              <![CDATA[element click intercepted: Element <a href="/why-pantheon" class="z2-footer__primary-menu-group-item-link">...</a> is not clickable at point (180, 610). Other element would receive the click: <div class="optanon-clearfix optanon-alert-box-bottom-padding"></div>
  (Session info: chrome=76.0.3809.87)
  (Driver info: chromedriver=76.0.3809.68 (420c9498db8ce8fcd190a954d51297672c1515d5-refs/branch-heads/3809@{#864}),platform=Mac OS X 10.11.6 x86_64) (WARNING: The server did not provide any stacktrace information)
Command duration or timeout: 0 milliseconds
Build info: version: '3.14.0', revision: 'aacccce0', time: '2018-08-02T20:19:58.91Z'
System info: host: 'SL-1549.local', ip: 'fe80:0:0:0:a6:ad74:b699:975f%en0', os.name: 'Mac OS X', os.arch: 'x86_64', os.version: '10.16', java.version: '1.8.0_271'
Driver info: org.openqa.selenium.remote.RemoteWebDriver
Capabilities {acceptInsecureCerts: false, acceptSslCerts: false, applicationCacheEnabled: false, browserConnectionEnabled: false, browserName: chrome, chrome: {chromedriverVersion: 76.0.3809.68 (420c9498db8ce..., userDataDir: /var/folders/x8/0hf91b3x6n5...}, cssSelectorsEnabled: true, databaseEnabled: false, goog:chromeOptions: {debuggerAddress: localhost:64533}, handlesAlerts: true, hasMetadata: true, hasTouchScreen: false, javascriptEnabled: true, locationContextEnabled: true, mobileEmulationEnabled: false, nativeEvents: true, networkConnectionEnabled: false, pageLoadStrategy: normal, platform: MAC, platformName: MAC, proxy: Proxy(), rotatable: false, setWindowRect: true, strictFileInteractability: false, takesHeapSnapshot: true, takesScreenshot: true, timeouts: {implicit: 0, pageLoad: 300000, script: 30000}, unexpectedAlertBehaviour: ignore, unhandledPromptBehavior: ignore, version: 76.0.3809.87, webStorageEnabled: true, webdriver.remote.sessionid: 268c2193d7fb4e15ba78fda14e4...}
Session ID: 268c2193d7fb4e15ba78fda14e4f0372]]>
            </message>
            <full-stacktrace>
              <![CDATA[org.openqa.selenium.ElementClickInterceptedException: element click intercepted: Element <a href="/why-pantheon" class="z2-footer__primary-menu-group-item-link">...</a> is not clickable at point (180, 610). Other element would receive the click: <div class="optanon-clearfix optanon-alert-box-bottom-padding"></div>
  (Session info: chrome=76.0.3809.87)
  (Driver info: chromedriver=76.0.3809.68 (420c9498db8ce8fcd190a954d51297672c1515d5-refs/branch-heads/3809@{#864}),platform=Mac OS X 10.11.6 x86_64) (WARNING: The server did not provide any stacktrace information)
Command duration or timeout: 0 milliseconds
Build info: version: '3.14.0', revision: 'aacccce0', time: '2018-08-02T20:19:58.91Z'
System info: host: 'SL-1549.local', ip: 'fe80:0:0:0:a6:ad74:b699:975f%en0', os.name: 'Mac OS X', os.arch: 'x86_64', os.version: '10.16', java.version: '1.8.0_271'
Driver info: org.openqa.selenium.remote.RemoteWebDriver
Capabilities {acceptInsecureCerts: false, acceptSslCerts: false, applicationCacheEnabled: false, browserConnectionEnabled: false, browserName: chrome, chrome: {chromedriverVersion: 76.0.3809.68 (420c9498db8ce..., userDataDir: /var/folders/x8/0hf91b3x6n5...}, cssSelectorsEnabled: true, databaseEnabled: false, goog:chromeOptions: {debuggerAddress: localhost:64533}, handlesAlerts: true, hasMetadata: true, hasTouchScreen: false, javascriptEnabled: true, locationContextEnabled: true, mobileEmulationEnabled: false, nativeEvents: true, networkConnectionEnabled: false, pageLoadStrategy: normal, platform: MAC, platformName: MAC, proxy: Proxy(), rotatable: false, setWindowRect: true, strictFileInteractability: false, takesHeapSnapshot: true, takesScreenshot: true, timeouts: {implicit: 0, pageLoad: 300000, script: 30000}, unexpectedAlertBehaviour: ignore, unhandledPromptBehavior: ignore, version: 76.0.3809.87, webStorageEnabled: true, webdriver.remote.sessionid: 268c2193d7fb4e15ba78fda14e4...}
Session ID: 268c2193d7fb4e15ba78fda14e4f0372
	at sun.reflect.NativeConstructorAccessorImpl.newInstance0(Native Method)
	at sun.reflect.NativeConstructorAccessorImpl.newInstance(NativeConstructorAccessorImpl.java:62)
	at sun.reflect.DelegatingConstructorAccessorImpl.newInstance(DelegatingConstructorAccessorImpl.java:45)
	at java.lang.reflect.Constructor.newInstance(Constructor.java:423)
	at org.openqa.selenium.remote.ErrorHandler.createThrowable(ErrorHandler.java:214)
	at org.openqa.selenium.remote.ErrorHandler.throwIfResponseFailed(ErrorHandler.java:166)
	at org.openqa.selenium.remote.http.JsonHttpResponseCodec.reconstructValue(JsonHttpResponseCodec.java:40)
	at org.openqa.selenium.remote.http.AbstractHttpResponseCodec.decode(AbstractHttpResponseCodec.java:80)
	at org.openqa.selenium.remote.http.AbstractHttpResponseCodec.decode(AbstractHttpResponseCodec.java:44)
	at org.openqa.selenium.remote.HttpCommandExecutor.execute(HttpCommandExecutor.java:158)
	at org.openqa.selenium.remote.RemoteWebDriver.execute(RemoteWebDriver.java:548)
	at org.openqa.selenium.remote.RemoteWebElement.execute(RemoteWebElement.java:276)
	at org.openqa.selenium.remote.RemoteWebElement.click(RemoteWebElement.java:83)
	at com.pantheon.PantheonTest.PantheonWhy(PantheonTest.java:135)
	at sun.reflect.NativeMethodAccessorImpl.invoke0(Native Method)
	at sun.reflect.NativeMethodAccessorImpl.invoke(NativeMethodAccessorImpl.java:62)
	at sun.reflect.DelegatingMethodAccessorImpl.invoke(DelegatingMethodAccessorImpl.java:43)
	at java.lang.reflect.Method.invoke(Method.java:498)
	at org.testng.internal.MethodInvocationHelper.invokeMethod(MethodInvocationHelper.java:104)
	at org.testng.internal.Invoker.invokeMethod(Invoker.java:645)
	at org.testng.internal.Invoker.invokeTestMethod(Invoker.java:851)
	at org.testng.internal.TestMethodWithDataProviderMethodWorker.call(TestMethodWithDataProviderMethodWorker.java:75)
	at org.testng.internal.TestMethodWithDataProviderMethodWorker.call(TestMethodWithDataProviderMethodWorker.java:14)
	at java.util.concurrent.FutureTask.run(FutureTask.java:266)
	at java.util.concurrent.Executors$RunnableAdapter.call(Executors.java:511)
	at java.util.concurrent.FutureTask.run(FutureTask.java:266)
	at java.util.concurrent.ThreadPoolExecutor.runWorker(ThreadPoolExecutor.java:1149)
	at java.util.concurrent.ThreadPoolExecutor$Worker.run(ThreadPoolExecutor.java:624)
	at java.lang.Thread.run(Thread.java:748)
]]>
            </full-stacktrace>
          </exception> <!-- org.openqa.selenium.ElementClickInterceptedException -->
          <reporter-output>
          </reporter-output>
        </test-method> <!-- PantheonWhy -->
        <test-method status="PASS" signature="PantheonPageTitle(java.lang.String, java.lang.String, java.lang.String, java.lang.String, java.lang.String, java.lang.reflect.Method)[pri:0, instance:com.pantheon.PantheonTest@880ec60]" name="PantheonPageTitle" duration-ms="55070" started-at="2022-02-03T12:58:56Z" data-provider="hardCodedBrowsers" finished-at="2022-02-03T12:59:51Z">
          <params>
            <param index="0">
              <value>
                <![CDATA[browser]]>
              </value>
            </param>
            <param index="1">
              <value>
                <![CDATA[chrome]]>
              </value>
            </param>
            <param index="2">
              <value>
                <![CDATA[latest]]>
              </value>
            </param>
            <param index="3">
              <value>
                <![CDATA[Windows 10]]>
              </value>
            </param>
            <param index="4">
              <value>
                <![CDATA[]]>
              </value>
            </param>
            <param index="5">
              <value>
                <![CDATA[public void com.pantheon.PantheonTest.PantheonPageTitle(java.lang.String,java.lang.String,java.lang.String,java.lang.String,java.lang.String,java.lang.reflect.Method) throws java.lang.Exception]]>
              </value>
            </param>
          </params>
          <reporter-output>
          </reporter-output>
        </test-method> <!-- PantheonPageTitle -->
        <test-method status="PASS" signature="PantheonPageTitle(java.lang.String, java.lang.String, java.lang.String, java.lang.String, java.lang.String, java.lang.reflect.Method)[pri:0, instance:com.pantheon.PantheonTest@880ec60]" name="PantheonPageTitle" duration-ms="81553" started-at="2022-02-03T12:58:56Z" data-provider="hardCodedBrowsers" finished-at="2022-02-03T13:00:18Z">
          <params>
            <param index="0">
              <value>
                <![CDATA[browser]]>
              </value>
            </param>
            <param index="1">
              <value>
                <![CDATA[safari]]>
              </value>
            </param>
            <param index="2">
              <value>
                <![CDATA[11.0]]>
              </value>
            </param>
            <param index="3">
              <value>
                <![CDATA[macOS 10.12]]>
              </value>
            </param>
            <param index="4">
              <value>
                <![CDATA[]]>
              </value>
            </param>
            <param index="5">
              <value>
                <![CDATA[public void com.pantheon.PantheonTest.PantheonPageTitle(java.lang.String,java.lang.String,java.lang.String,java.lang.String,java.lang.String,java.lang.reflect.Method) throws java.lang.Exception]]>
              </value>
            </param>
          </params>
          <reporter-output>
          </reporter-output>
        </test-method> <!-- PantheonPageTitle -->
        <test-method status="PASS" signature="PantheonWhy(java.lang.String, java.lang.String, java.lang.String, java.lang.String, java.lang.String, java.lang.reflect.Method)[pri:0, instance:com.pantheon.PantheonTest@880ec60]" name="PantheonWhy" duration-ms="81806" started-at="2022-02-03T12:58:56Z" data-provider="hardCodedBrowsers" finished-at="2022-02-03T13:00:18Z">
          <params>
            <param index="0">
              <value>
                <![CDATA[browser]]>
              </value>
            </param>
            <param index="1">
              <value>
                <![CDATA[safari]]>
              </value>
            </param>
            <param index="2">
              <value>
                <![CDATA[11.0]]>
              </value>
            </param>
            <param index="3">
              <value>
                <![CDATA[macOS 10.12]]>
              </value>
            </param>
            <param index="4">
              <value>
                <![CDATA[]]>
              </value>
            </param>
            <param index="5">
              <value>
                <![CDATA[public void com.pantheon.PantheonTest.PantheonWhy(java.lang.String,java.lang.String,java.lang.String,java.lang.String,java.lang.String,java.lang.reflect.Method) throws java.lang.Exception]]>
              </value>
            </param>
          </params>
          <reporter-output>
          </reporter-output>
        </test-method> <!-- PantheonWhy -->
        <test-method status="PASS" signature="PantheonWhy(java.lang.String, java.lang.String, java.lang.String, java.lang.String, java.lang.String, java.lang.reflect.Method)[pri:0, instance:com.pantheon.PantheonTest@880ec60]" name="PantheonWhy" duration-ms="26501" started-at="2022-02-03T12:58:56Z" data-provider="hardCodedBrowsers" finished-at="2022-02-03T12:59:23Z">
          <params>
            <param index="0">
              <value>
                <![CDATA[browser]]>
              </value>
            </param>
            <param index="1">
              <value>
                <![CDATA[firefox]]>
              </value>
            </param>
            <param index="2">
              <value>
                <![CDATA[55.0]]>
              </value>
            </param>
            <param index="3">
              <value>
                <![CDATA[Windows 7]]>
              </value>
            </param>
            <param index="4">
              <value>
                <![CDATA[]]>
              </value>
            </param>
            <param index="5">
              <value>
                <![CDATA[public void com.pantheon.PantheonTest.PantheonWhy(java.lang.String,java.lang.String,java.lang.String,java.lang.String,java.lang.String,java.lang.reflect.Method) throws java.lang.Exception]]>
              </value>
            </param>
          </params>
          <reporter-output>
          </reporter-output>
        </test-method> <!-- PantheonWhy -->
        <test-method status="PASS" signature="PantheonWhy(java.lang.String, java.lang.String, java.lang.String, java.lang.String, java.lang.String, java.lang.reflect.Method)[pri:0, instance:com.pantheon.PantheonTest@880ec60]" name="PantheonWhy" duration-ms="138427" started-at="2022-02-03T12:58:56Z" data-provider="hardCodedBrowsers" finished-at="2022-02-03T13:01:15Z">
          <params>
            <param index="0">
              <value>
                <![CDATA[browser]]>
              </value>
            </param>
            <param index="1">
              <value>
                <![CDATA[chrome]]>
              </value>
            </param>
            <param index="2">
              <value>
                <![CDATA[latest]]>
              </value>
            </param>
            <param index="3">
              <value>
                <![CDATA[Windows 10]]>
              </value>
            </param>
            <param index="4">
              <value>
                <![CDATA[]]>
              </value>
            </param>
            <param index="5">
              <value>
                <![CDATA[public void com.pantheon.PantheonTest.PantheonWhy(java.lang.String,java.lang.String,java.lang.String,java.lang.String,java.lang.String,java.lang.reflect.Method) throws java.lang.Exception]]>
              </value>
            </param>
          </params>
          <reporter-output>
          </reporter-output>
        </test-method> <!-- PantheonWhy -->
        <test-method status="PASS" signature="PantheonPageTitle(java.lang.String, java.lang.String, java.lang.String, java.lang.String, java.lang.String, java.lang.reflect.Method)[pri:0, instance:com.pantheon.PantheonTest@880ec60]" name="PantheonPageTitle" duration-ms="27581" started-at="2022-02-03T12:58:56Z" data-provider="hardCodedBrowsers" finished-at="2022-02-03T12:59:24Z">
          <params>
            <param index="0">
              <value>
                <![CDATA[device]]>
              </value>
            </param>
            <param index="1">
              <value>
                <![CDATA[]]>
              </value>
            </param>
            <param index="2">
              <value>
                <![CDATA[]]>
              </value>
            </param>
            <param index="3">
              <value>
                <![CDATA[Android]]>
              </value>
            </param>
            <param index="4">
              <value>
                <![CDATA[Samsung.*]]>
              </value>
            </param>
            <param index="5">
              <value>
                <![CDATA[public void com.pantheon.PantheonTest.PantheonPageTitle(java.lang.String,java.lang.String,java.lang.String,java.lang.String,java.lang.String,java.lang.reflect.Method) throws java.lang.Exception]]>
              </value>
            </param>
          </params>
          <reporter-output>
          </reporter-output>
        </test-method> <!-- PantheonPageTitle -->
        <test-method status="PASS" signature="PantheonPageTitle(java.lang.String, java.lang.String, java.lang.String, java.lang.String, java.lang.String, java.lang.reflect.Method)[pri:0, instance:com.pantheon.PantheonTest@880ec60]" name="PantheonPageTitle" duration-ms="21134" started-at="2022-02-03T12:58:56Z" data-provider="hardCodedBrowsers" finished-at="2022-02-03T12:59:17Z">
          <params>
            <param index="0">
              <value>
                <![CDATA[browser]]>
              </value>
            </param>
            <param index="1">
              <value>
                <![CDATA[firefox]]>
              </value>
            </param>
            <param index="2">
              <value>
                <![CDATA[55.0]]>
              </value>
            </param>
            <param index="3">
              <value>
                <![CDATA[Windows 7]]>
              </value>
            </param>
            <param index="4">
              <value>
                <![CDATA[]]>
              </value>
            </param>
            <param index="5">
              <value>
                <![CDATA[public void com.pantheon.PantheonTest.PantheonPageTitle(java.lang.String,java.lang.String,java.lang.String,java.lang.String,java.lang.String,java.lang.reflect.Method) throws java.lang.Exception]]>
              </value>
            </param>
          </params>
          <reporter-output>
          </reporter-output>
        </test-method> <!-- PantheonPageTitle -->
        <test-method status="FAIL" signature="PantheonWhy(java.lang.String, java.lang.String, java.lang.String, java.lang.String, java.lang.String, java.lang.reflect.Method)[pri:0, instance:com.pantheon.PantheonTest@880ec60]" name="PantheonWhy" duration-ms="17120" started-at="2022-02-03T12:58:56Z" data-provider="hardCodedBrowsers" finished-at="2022-02-03T12:59:13Z">
          <params>
            <param index="0">
              <value>
                <![CDATA[browser]]>
              </value>
            </param>
            <param index="1">
              <value>
                <![CDATA[MicrosoftEdge]]>
              </value>
            </param>
            <param index="2">
              <value>
                <![CDATA[latest]]>
              </value>
            </param>
            <param index="3">
              <value>
                <![CDATA[Windows 10]]>
              </value>
            </param>
            <param index="4">
              <value>
                <![CDATA[]]>
              </value>
            </param>
            <param index="5">
              <value>
                <![CDATA[public void com.pantheon.PantheonTest.PantheonWhy(java.lang.String,java.lang.String,java.lang.String,java.lang.String,java.lang.String,java.lang.reflect.Method) throws java.lang.Exception]]>
              </value>
            </param>
          </params>
          <exception class="org.openqa.selenium.ElementClickInterceptedException">
            <message>
              <![CDATA[element click intercepted: Element <a href="/why-pantheon" class="z2-footer__primary-menu-group-item-link">...</a> is not clickable at point (178, 640). Other element would receive the click: <ul class="z2-footer__primary-menu-group-item-list">...</ul>
  (Session info: MicrosoftEdge=97.0.1072.55)
  (Driver info: msedgedriver=97.0.1072.55 (ce3bf3364880558d4945082f4ac36e01fe36716e),platform=Windows NT 10.0.10586 x86_64) (WARNING: The server did not provide any stacktrace information)
Command duration or timeout: 0 milliseconds
Build info: version: '3.14.0', revision: 'aacccce0', time: '2018-08-02T20:19:58.91Z'
System info: host: 'SL-1549.local', ip: 'fe80:0:0:0:a6:ad74:b699:975f%en0', os.name: 'Mac OS X', os.arch: 'x86_64', os.version: '10.16', java.version: '1.8.0_271'
Driver info: org.openqa.selenium.remote.RemoteWebDriver
Capabilities {acceptInsecureCerts: false, acceptSslCerts: false, applicationCacheEnabled: false, browserConnectionEnabled: false, browserName: msedge, cssSelectorsEnabled: true, databaseEnabled: false, handlesAlerts: true, hasMetadata: true, hasTouchScreen: false, javascriptEnabled: true, locationContextEnabled: true, mobileEmulationEnabled: false, ms:edgeOptions: {debuggerAddress: localhost:64330}, msedge: {msedgedriverVersion: 97.0.1072.55 (ce3bf33648805..., userDataDir: C:\Users\ADMINI~1\AppData\L...}, nativeEvents: true, networkConnectionEnabled: false, pageLoadStrategy: normal, platform: WINDOWS, platformName: WINDOWS, proxy: Proxy(), rotatable: false, setWindowRect: true, strictFileInteractability: false, takesHeapSnapshot: true, takesScreenshot: true, timeouts: {implicit: 0, pageLoad: 300000, script: 30000}, unexpectedAlertBehaviour: ignore, unhandledPromptBehavior: ignore, version: 97.0.1072.55, webStorageEnabled: true, webauthn:extension:credBlob: true, webauthn:extension:largeBlob: true, webauthn:virtualAuthenticators: true, webdriver.remote.sessionid: 605d6e2d607a435cb5a02b2152a...}
Session ID: 605d6e2d607a435cb5a02b2152a8b1ca]]>
            </message>
            <full-stacktrace>
              <![CDATA[org.openqa.selenium.ElementClickInterceptedException: element click intercepted: Element <a href="/why-pantheon" class="z2-footer__primary-menu-group-item-link">...</a> is not clickable at point (178, 640). Other element would receive the click: <ul class="z2-footer__primary-menu-group-item-list">...</ul>
  (Session info: MicrosoftEdge=97.0.1072.55)
  (Driver info: msedgedriver=97.0.1072.55 (ce3bf3364880558d4945082f4ac36e01fe36716e),platform=Windows NT 10.0.10586 x86_64) (WARNING: The server did not provide any stacktrace information)
Command duration or timeout: 0 milliseconds
Build info: version: '3.14.0', revision: 'aacccce0', time: '2018-08-02T20:19:58.91Z'
System info: host: 'SL-1549.local', ip: 'fe80:0:0:0:a6:ad74:b699:975f%en0', os.name: 'Mac OS X', os.arch: 'x86_64', os.version: '10.16', java.version: '1.8.0_271'
Driver info: org.openqa.selenium.remote.RemoteWebDriver
Capabilities {acceptInsecureCerts: false, acceptSslCerts: false, applicationCacheEnabled: false, browserConnectionEnabled: false, browserName: msedge, cssSelectorsEnabled: true, databaseEnabled: false, handlesAlerts: true, hasMetadata: true, hasTouchScreen: false, javascriptEnabled: true, locationContextEnabled: true, mobileEmulationEnabled: false, ms:edgeOptions: {debuggerAddress: localhost:64330}, msedge: {msedgedriverVersion: 97.0.1072.55 (ce3bf33648805..., userDataDir: C:\Users\ADMINI~1\AppData\L...}, nativeEvents: true, networkConnectionEnabled: false, pageLoadStrategy: normal, platform: WINDOWS, platformName: WINDOWS, proxy: Proxy(), rotatable: false, setWindowRect: true, strictFileInteractability: false, takesHeapSnapshot: true, takesScreenshot: true, timeouts: {implicit: 0, pageLoad: 300000, script: 30000}, unexpectedAlertBehaviour: ignore, unhandledPromptBehavior: ignore, version: 97.0.1072.55, webStorageEnabled: true, webauthn:extension:credBlob: true, webauthn:extension:largeBlob: true, webauthn:virtualAuthenticators: true, webdriver.remote.sessionid: 605d6e2d607a435cb5a02b2152a...}
Session ID: 605d6e2d607a435cb5a02b2152a8b1ca
	at sun.reflect.NativeConstructorAccessorImpl.newInstance0(Native Method)
	at sun.reflect.NativeConstructorAccessorImpl.newInstance(NativeConstructorAccessorImpl.java:62)
	at sun.reflect.DelegatingConstructorAccessorImpl.newInstance(DelegatingConstructorAccessorImpl.java:45)
	at java.lang.reflect.Constructor.newInstance(Constructor.java:423)
	at org.openqa.selenium.remote.ErrorHandler.createThrowable(ErrorHandler.java:214)
	at org.openqa.selenium.remote.ErrorHandler.throwIfResponseFailed(ErrorHandler.java:166)
	at org.openqa.selenium.remote.http.JsonHttpResponseCodec.reconstructValue(JsonHttpResponseCodec.java:40)
	at org.openqa.selenium.remote.http.AbstractHttpResponseCodec.decode(AbstractHttpResponseCodec.java:80)
	at org.openqa.selenium.remote.http.AbstractHttpResponseCodec.decode(AbstractHttpResponseCodec.java:44)
	at org.openqa.selenium.remote.HttpCommandExecutor.execute(HttpCommandExecutor.java:158)
	at org.openqa.selenium.remote.RemoteWebDriver.execute(RemoteWebDriver.java:548)
	at org.openqa.selenium.remote.RemoteWebElement.execute(RemoteWebElement.java:276)
	at org.openqa.selenium.remote.RemoteWebElement.click(RemoteWebElement.java:83)
	at com.pantheon.PantheonTest.PantheonWhy(PantheonTest.java:135)
	at sun.reflect.NativeMethodAccessorImpl.invoke0(Native Method)
	at sun.reflect.NativeMethodAccessorImpl.invoke(NativeMethodAccessorImpl.java:62)
	at sun.reflect.DelegatingMethodAccessorImpl.invoke(DelegatingMethodAccessorImpl.java:43)
	at java.lang.reflect.Method.invoke(Method.java:498)
	at org.testng.internal.MethodInvocationHelper.invokeMethod(MethodInvocationHelper.java:104)
	at org.testng.internal.Invoker.invokeMethod(Invoker.java:645)
	at org.testng.internal.Invoker.invokeTestMethod(Invoker.java:851)
	at org.testng.internal.TestMethodWithDataProviderMethodWorker.call(TestMethodWithDataProviderMethodWorker.java:75)
	at org.testng.internal.TestMethodWithDataProviderMethodWorker.call(TestMethodWithDataProviderMethodWorker.java:14)
	at java.util.concurrent.FutureTask.run(FutureTask.java:266)
	at java.util.concurrent.Executors$RunnableAdapter.call(Executors.java:511)
	at java.util.concurrent.FutureTask.run(FutureTask.java:266)
	at java.util.concurrent.ThreadPoolExecutor.runWorker(ThreadPoolExecutor.java:1149)
	at java.util.concurrent.ThreadPoolExecutor$Worker.run(ThreadPoolExecutor.java:624)
	at java.lang.Thread.run(Thread.java:748)
]]>
            </full-stacktrace>
          </exception> <!-- org.openqa.selenium.ElementClickInterceptedException -->
          <reporter-output>
          </reporter-output>
        </test-method> <!-- PantheonWhy -->
        <test-method status="PASS" signature="PantheonWhy(java.lang.String, java.lang.String, java.lang.String, java.lang.String, java.lang.String, java.lang.reflect.Method)[pri:0, instance:com.pantheon.PantheonTest@880ec60]" name="PantheonWhy" duration-ms="17518" started-at="2022-02-03T12:58:56Z" data-provider="hardCodedBrowsers" finished-at="2022-02-03T12:59:14Z">
          <params>
            <param index="0">
              <value>
                <![CDATA[browser]]>
              </value>
            </param>
            <param index="1">
              <value>
                <![CDATA[internet explorer]]>
              </value>
            </param>
            <param index="2">
              <value>
                <![CDATA[11]]>
              </value>
            </param>
            <param index="3">
              <value>
                <![CDATA[Windows 8.1]]>
              </value>
            </param>
            <param index="4">
              <value>
                <![CDATA[]]>
              </value>
            </param>
            <param index="5">
              <value>
                <![CDATA[public void com.pantheon.PantheonTest.PantheonWhy(java.lang.String,java.lang.String,java.lang.String,java.lang.String,java.lang.String,java.lang.reflect.Method) throws java.lang.Exception]]>
              </value>
            </param>
          </params>
          <reporter-output>
          </reporter-output>
        </test-method> <!-- PantheonWhy -->
        <test-method status="PASS" signature="PantheonPageTitle(java.lang.String, java.lang.String, java.lang.String, java.lang.String, java.lang.String, java.lang.reflect.Method)[pri:0, instance:com.pantheon.PantheonTest@880ec60]" name="PantheonPageTitle" duration-ms="26595" started-at="2022-02-03T12:58:56Z" data-provider="hardCodedBrowsers" finished-at="2022-02-03T12:59:23Z">
          <params>
            <param index="0">
              <value>
                <![CDATA[browser]]>
              </value>
            </param>
            <param index="1">
              <value>
                <![CDATA[safari]]>
              </value>
            </param>
            <param index="2">
              <value>
                <![CDATA[latest]]>
              </value>
            </param>
            <param index="3">
              <value>
                <![CDATA[macOS 10.13]]>
              </value>
            </param>
            <param index="4">
              <value>
                <![CDATA[]]>
              </value>
            </param>
            <param index="5">
              <value>
                <![CDATA[public void com.pantheon.PantheonTest.PantheonPageTitle(java.lang.String,java.lang.String,java.lang.String,java.lang.String,java.lang.String,java.lang.reflect.Method) throws java.lang.Exception]]>
              </value>
            </param>
          </params>
          <reporter-output>
          </reporter-output>
        </test-method> <!-- PantheonPageTitle -->
        <test-method status="FAIL" signature="PantheonWhy(java.lang.String, java.lang.String, java.lang.String, java.lang.String, java.lang.String, java.lang.reflect.Method)[pri:0, instance:com.pantheon.PantheonTest@880ec60]" name="PantheonWhy" duration-ms="136534" started-at="2022-02-03T12:58:56Z" data-provider="hardCodedBrowsers" finished-at="2022-02-03T13:01:13Z">
          <params>
            <param index="0">
              <value>
                <![CDATA[device]]>
              </value>
            </param>
            <param index="1">
              <value>
                <![CDATA[]]>
              </value>
            </param>
            <param index="2">
              <value>
                <![CDATA[]]>
              </value>
            </param>
            <param index="3">
              <value>
                <![CDATA[Android]]>
              </value>
            </param>
            <param index="4">
              <value>
                <![CDATA[Samsung.*]]>
              </value>
            </param>
            <param index="5">
              <value>
                <![CDATA[public void com.pantheon.PantheonTest.PantheonWhy(java.lang.String,java.lang.String,java.lang.String,java.lang.String,java.lang.String,java.lang.reflect.Method) throws java.lang.Exception]]>
              </value>
            </param>
          </params>
          <exception class="org.openqa.selenium.ElementClickInterceptedException">
            <message>
              <![CDATA[element click intercepted: Element <a href="/why-pantheon" class="z2-footer__primary-menu-group-item-link">...</a> is not clickable at point (85, 590). Other element would receive the click: <p class="banner-content" id="alert-box-message">...</p>
  (Session info: chrome=97.0.4692.98)
  (Driver info: chromedriver=97.0.4692.36 (747e0a0f19c13ca6ee136200f5b097448ae4892f-refs/branch-heads/4692@{#607}),platform=Linux 4.15.0-136-generic x86_64) (WARNING: The server did not provide any stacktrace information)
Command duration or timeout: 0 milliseconds
Build info: version: '3.14.0', revision: 'aacccce0', time: '2018-08-02T20:19:58.91Z'
System info: host: 'SL-1549.local', ip: 'fe80:0:0:0:a6:ad74:b699:975f%en0', os.name: 'Mac OS X', os.arch: 'x86_64', os.version: '10.16', java.version: '1.8.0_271'
Driver info: org.openqa.selenium.remote.RemoteWebDriver
Capabilities {accesskey: 70d8fea3-9242-4aea-ba5a-4f5..., adbPort: 15001, appActivity: com.google.android.apps.chr..., appPackage: com.android.chrome, browserName: Chrome, chromeOptions: {w3c: false}, chromedriverChromeMappingFile: /root/.testobject_devices/w..., chromedriverExecutableDir: /root/.testobject_devices/w..., chromedriverPorts: [[26010, 26020]], databaseEnabled: false, desired: {accesskey: 70d8fea3-9242-4aea-ba5a-4f5..., adbPort: 15001, browserName: Chrome, chromeOptions: {w3c: false}, chromedriverChromeMappingFile: /root/.testobject_devices/w..., chromedriverExecutableDir: /root/.testobject_devices/w..., chromedriverPorts: [[26010, 26020]], deviceName: Samsung_Galaxy_S6_Edge_Plus..., name: PantheonWhy, platformName: Android, suppressKillServer: true, systemPort: 8201, testobject_device: Samsung.*, testobject_platform_name: Android, testobject_test_name: PantheonWhy, uiautomator2ServerInstallTimeout: 60000, username: SauceFrank}, deviceApiLevel: 23, deviceContextId: a4a95a6e-e28d-4bda-9a32-667..., deviceManufacturer: samsung, deviceModel: SAMSUNG-SM-G928A, deviceName: 10.101.64.14:16010, deviceScreenDensity: 560, deviceScreenSize: 1440x2560, deviceUDID: 10.101.64.14:16010, javascriptEnabled: true, locationContextEnabled: false, name: PantheonWhy, networkConnectionEnabled: true, pixelRatio: 3.5, platform: LINUX, platformName: LINUX, platformVersion: 6.0.1, statBarHeight: 84, suppressKillServer: true, systemPort: 8201, takesScreenshot: true, testobject_device: Samsung_Galaxy_S6_Edge_Plus..., testobject_device_name: Samsung Galaxy S6 Edge+, testobject_device_session_id: ee19cb5e-d1f5-4168-8811-eea..., testobject_platform_name: Android, testobject_project_id: saucelabs-default, testobject_test_name: PantheonWhy, testobject_test_report_api_url: https://api.us-west-1.sauce..., testobject_test_report_id: 34795, testobject_test_report_url: https://app.saucelabs.com/t..., testobject_user_id: SauceFrank, uiautomator2ServerInstallTimeout: 60000, usedCachedDevice: false, username: SauceFrank, viewportRect: {height: 2476, left: 0, top: 84, width: 1440}, warnings: {}, webStorageEnabled: false}
Session ID: ea919f3b-a826-4bd2-b9b4-66cbeb585aa5]]>
            </message>
            <full-stacktrace>
              <![CDATA[org.openqa.selenium.ElementClickInterceptedException: element click intercepted: Element <a href="/why-pantheon" class="z2-footer__primary-menu-group-item-link">...</a> is not clickable at point (85, 590). Other element would receive the click: <p class="banner-content" id="alert-box-message">...</p>
  (Session info: chrome=97.0.4692.98)
  (Driver info: chromedriver=97.0.4692.36 (747e0a0f19c13ca6ee136200f5b097448ae4892f-refs/branch-heads/4692@{#607}),platform=Linux 4.15.0-136-generic x86_64) (WARNING: The server did not provide any stacktrace information)
Command duration or timeout: 0 milliseconds
Build info: version: '3.14.0', revision: 'aacccce0', time: '2018-08-02T20:19:58.91Z'
System info: host: 'SL-1549.local', ip: 'fe80:0:0:0:a6:ad74:b699:975f%en0', os.name: 'Mac OS X', os.arch: 'x86_64', os.version: '10.16', java.version: '1.8.0_271'
Driver info: org.openqa.selenium.remote.RemoteWebDriver
Capabilities {accesskey: 70d8fea3-9242-4aea-ba5a-4f5..., adbPort: 15001, appActivity: com.google.android.apps.chr..., appPackage: com.android.chrome, browserName: Chrome, chromeOptions: {w3c: false}, chromedriverChromeMappingFile: /root/.testobject_devices/w..., chromedriverExecutableDir: /root/.testobject_devices/w..., chromedriverPorts: [[26010, 26020]], databaseEnabled: false, desired: {accesskey: 70d8fea3-9242-4aea-ba5a-4f5..., adbPort: 15001, browserName: Chrome, chromeOptions: {w3c: false}, chromedriverChromeMappingFile: /root/.testobject_devices/w..., chromedriverExecutableDir: /root/.testobject_devices/w..., chromedriverPorts: [[26010, 26020]], deviceName: Samsung_Galaxy_S6_Edge_Plus..., name: PantheonWhy, platformName: Android, suppressKillServer: true, systemPort: 8201, testobject_device: Samsung.*, testobject_platform_name: Android, testobject_test_name: PantheonWhy, uiautomator2ServerInstallTimeout: 60000, username: SauceFrank}, deviceApiLevel: 23, deviceContextId: a4a95a6e-e28d-4bda-9a32-667..., deviceManufacturer: samsung, deviceModel: SAMSUNG-SM-G928A, deviceName: 10.101.64.14:16010, deviceScreenDensity: 560, deviceScreenSize: 1440x2560, deviceUDID: 10.101.64.14:16010, javascriptEnabled: true, locationContextEnabled: false, name: PantheonWhy, networkConnectionEnabled: true, pixelRatio: 3.5, platform: LINUX, platformName: LINUX, platformVersion: 6.0.1, statBarHeight: 84, suppressKillServer: true, systemPort: 8201, takesScreenshot: true, testobject_device: Samsung_Galaxy_S6_Edge_Plus..., testobject_device_name: Samsung Galaxy S6 Edge+, testobject_device_session_id: ee19cb5e-d1f5-4168-8811-eea..., testobject_platform_name: Android, testobject_project_id: saucelabs-default, testobject_test_name: PantheonWhy, testobject_test_report_api_url: https://api.us-west-1.sauce..., testobject_test_report_id: 34795, testobject_test_report_url: https://app.saucelabs.com/t..., testobject_user_id: SauceFrank, uiautomator2ServerInstallTimeout: 60000, usedCachedDevice: false, username: SauceFrank, viewportRect: {height: 2476, left: 0, top: 84, width: 1440}, warnings: {}, webStorageEnabled: false}
Session ID: ea919f3b-a826-4bd2-b9b4-66cbeb585aa5
	at sun.reflect.NativeConstructorAccessorImpl.newInstance0(Native Method)
	at sun.reflect.NativeConstructorAccessorImpl.newInstance(NativeConstructorAccessorImpl.java:62)
	at sun.reflect.DelegatingConstructorAccessorImpl.newInstance(DelegatingConstructorAccessorImpl.java:45)
	at java.lang.reflect.Constructor.newInstance(Constructor.java:423)
	at org.openqa.selenium.remote.ErrorHandler.createThrowable(ErrorHandler.java:214)
	at org.openqa.selenium.remote.ErrorHandler.throwIfResponseFailed(ErrorHandler.java:166)
	at org.openqa.selenium.remote.http.JsonHttpResponseCodec.reconstructValue(JsonHttpResponseCodec.java:40)
	at org.openqa.selenium.remote.http.AbstractHttpResponseCodec.decode(AbstractHttpResponseCodec.java:80)
	at org.openqa.selenium.remote.http.AbstractHttpResponseCodec.decode(AbstractHttpResponseCodec.java:44)
	at org.openqa.selenium.remote.HttpCommandExecutor.execute(HttpCommandExecutor.java:158)
	at org.openqa.selenium.remote.RemoteWebDriver.execute(RemoteWebDriver.java:548)
	at org.openqa.selenium.remote.RemoteWebElement.execute(RemoteWebElement.java:276)
	at org.openqa.selenium.remote.RemoteWebElement.click(RemoteWebElement.java:83)
	at com.pantheon.PantheonTest.PantheonWhy(PantheonTest.java:135)
	at sun.reflect.NativeMethodAccessorImpl.invoke0(Native Method)
	at sun.reflect.NativeMethodAccessorImpl.invoke(NativeMethodAccessorImpl.java:62)
	at sun.reflect.DelegatingMethodAccessorImpl.invoke(DelegatingMethodAccessorImpl.java:43)
	at java.lang.reflect.Method.invoke(Method.java:498)
	at org.testng.internal.MethodInvocationHelper.invokeMethod(MethodInvocationHelper.java:104)
	at org.testng.internal.Invoker.invokeMethod(Invoker.java:645)
	at org.testng.internal.Invoker.invokeTestMethod(Invoker.java:851)
	at org.testng.internal.TestMethodWithDataProviderMethodWorker.call(TestMethodWithDataProviderMethodWorker.java:75)
	at org.testng.internal.TestMethodWithDataProviderMethodWorker.call(TestMethodWithDataProviderMethodWorker.java:14)
	at java.util.concurrent.FutureTask.run(FutureTask.java:266)
	at java.util.concurrent.Executors$RunnableAdapter.call(Executors.java:511)
	at java.util.concurrent.FutureTask.run(FutureTask.java:266)
	at java.util.concurrent.ThreadPoolExecutor.runWorker(ThreadPoolExecutor.java:1149)
	at java.util.concurrent.ThreadPoolExecutor$Worker.run(ThreadPoolExecutor.java:624)
	at java.lang.Thread.run(Thread.java:748)
]]>
            </full-stacktrace>
          </exception> <!-- org.openqa.selenium.ElementClickInterceptedException -->
          <reporter-output>
          </reporter-output>
        </test-method> <!-- PantheonWhy -->
        <test-method status="FAIL" signature="PantheonWhy(java.lang.String, java.lang.String, java.lang.String, java.lang.String, java.lang.String, java.lang.reflect.Method)[pri:0, instance:com.pantheon.PantheonTest@880ec60]" name="PantheonWhy" duration-ms="31028" started-at="2022-02-03T12:58:56Z" data-provider="hardCodedBrowsers" finished-at="2022-02-03T12:59:27Z">
          <params>
            <param index="0">
              <value>
                <![CDATA[browser]]>
              </value>
            </param>
            <param index="1">
              <value>
                <![CDATA[firefox]]>
              </value>
            </param>
            <param index="2">
              <value>
                <![CDATA[latest]]>
              </value>
            </param>
            <param index="3">
              <value>
                <![CDATA[macOS 10.14]]>
              </value>
            </param>
            <param index="4">
              <value>
                <![CDATA[]]>
              </value>
            </param>
            <param index="5">
              <value>
                <![CDATA[public void com.pantheon.PantheonTest.PantheonWhy(java.lang.String,java.lang.String,java.lang.String,java.lang.String,java.lang.String,java.lang.reflect.Method) throws java.lang.Exception]]>
              </value>
            </param>
          </params>
          <exception class="org.openqa.selenium.WebDriverException">
            <message>
              <![CDATA[Element <a class="z2-footer__primary-menu-group-item-link" href="/why-pantheon"> is not clickable at point (179,651) because another element <div class="optanon-clearfix optanon-alert-box-bottom-padding"> obscures it
Build info: version: '3.4.0', revision: 'unknown', time: 'unknown'
System info: host: 'itako8455.prod.miso', ip: 'fe80:0:0:0:480:4b2d:73e:97da%en0', os.name: 'Mac OS X', os.arch: 'x86_64', os.version: '10.14', java.version: '9.0.4'
Driver info: org.openqa.selenium.firefox.FirefoxDriver
Capabilities [{moz:profile=/var/folders/d2/qw7q16_j7yb7yk5r6b8sl0n40000kr/T/rust_mozprofilekcYzc7, moz:geckodriverVersion=0.30.0, timeouts={implicit=0.0, pageLoad=300000.0, script=30000.0}, pageLoadStrategy=normal, unhandledPromptBehavior=dismiss and notify, strictFileInteractability=false, moz:headless=false, platform=ANY, proxy=Proxy(), moz:accessibilityChecks=false, moz:useNonSpecCompliantPointerOrigin=false, acceptInsecureCerts=false, browserVersion=96.0, moz:shutdownTimeout=60000.0, platformVersion=18.0.0, moz:processID=4206.0, browserName=firefox, moz:buildID=20220106144528, javascriptEnabled=true, platformName=mac, setWindowRect=true, moz:webdriverClick=true}]
Session ID: XXXXXXXX-XXXX-XXXX-XXXX-XXXX2d885c22
Command duration or timeout: 0 milliseconds]]>
            </message>
            <full-stacktrace>
              <![CDATA[org.openqa.selenium.WebDriverException: Element <a class="z2-footer__primary-menu-group-item-link" href="/why-pantheon"> is not clickable at point (179,651) because another element <div class="optanon-clearfix optanon-alert-box-bottom-padding"> obscures it
Build info: version: '3.4.0', revision: 'unknown', time: 'unknown'
System info: host: 'itako8455.prod.miso', ip: 'fe80:0:0:0:480:4b2d:73e:97da%en0', os.name: 'Mac OS X', os.arch: 'x86_64', os.version: '10.14', java.version: '9.0.4'
Driver info: org.openqa.selenium.firefox.FirefoxDriver
Capabilities [{moz:profile=/var/folders/d2/qw7q16_j7yb7yk5r6b8sl0n40000kr/T/rust_mozprofilekcYzc7, moz:geckodriverVersion=0.30.0, timeouts={implicit=0.0, pageLoad=300000.0, script=30000.0}, pageLoadStrategy=normal, unhandledPromptBehavior=dismiss and notify, strictFileInteractability=false, moz:headless=false, platform=ANY, proxy=Proxy(), moz:accessibilityChecks=false, moz:useNonSpecCompliantPointerOrigin=false, acceptInsecureCerts=false, browserVersion=96.0, moz:shutdownTimeout=60000.0, platformVersion=18.0.0, moz:processID=4206.0, browserName=firefox, moz:buildID=20220106144528, javascriptEnabled=true, platformName=mac, setWindowRect=true, moz:webdriverClick=true}]
Session ID: XXXXXXXX-XXXX-XXXX-XXXX-XXXX2d885c22
Command duration or timeout: 0 milliseconds
	at sun.reflect.NativeConstructorAccessorImpl.newInstance0(Native Method)
	at sun.reflect.NativeConstructorAccessorImpl.newInstance(NativeConstructorAccessorImpl.java:62)
	at sun.reflect.DelegatingConstructorAccessorImpl.newInstance(DelegatingConstructorAccessorImpl.java:45)
	at java.lang.reflect.Constructor.newInstance(Constructor.java:423)
	at org.openqa.selenium.remote.ErrorHandler.createThrowable(ErrorHandler.java:214)
	at org.openqa.selenium.remote.ErrorHandler.throwIfResponseFailed(ErrorHandler.java:166)
	at org.openqa.selenium.remote.http.JsonHttpResponseCodec.reconstructValue(JsonHttpResponseCodec.java:40)
	at org.openqa.selenium.remote.http.AbstractHttpResponseCodec.decode(AbstractHttpResponseCodec.java:80)
	at org.openqa.selenium.remote.http.AbstractHttpResponseCodec.decode(AbstractHttpResponseCodec.java:44)
	at org.openqa.selenium.remote.HttpCommandExecutor.execute(HttpCommandExecutor.java:158)
	at org.openqa.selenium.remote.RemoteWebDriver.execute(RemoteWebDriver.java:548)
	at org.openqa.selenium.remote.RemoteWebElement.execute(RemoteWebElement.java:276)
	at org.openqa.selenium.remote.RemoteWebElement.click(RemoteWebElement.java:83)
	at com.pantheon.PantheonTest.PantheonWhy(PantheonTest.java:135)
	at sun.reflect.NativeMethodAccessorImpl.invoke0(Native Method)
	at sun.reflect.NativeMethodAccessorImpl.invoke(NativeMethodAccessorImpl.java:62)
	at sun.reflect.DelegatingMethodAccessorImpl.invoke(DelegatingMethodAccessorImpl.java:43)
	at java.lang.reflect.Method.invoke(Method.java:498)
	at org.testng.internal.MethodInvocationHelper.invokeMethod(MethodInvocationHelper.java:104)
	at org.testng.internal.Invoker.invokeMethod(Invoker.java:645)
	at org.testng.internal.Invoker.invokeTestMethod(Invoker.java:851)
	at org.testng.internal.TestMethodWithDataProviderMethodWorker.call(TestMethodWithDataProviderMethodWorker.java:75)
	at org.testng.internal.TestMethodWithDataProviderMethodWorker.call(TestMethodWithDataProviderMethodWorker.java:14)
	at java.util.concurrent.FutureTask.run(FutureTask.java:266)
	at java.util.concurrent.Executors$RunnableAdapter.call(Executors.java:511)
	at java.util.concurrent.FutureTask.run(FutureTask.java:266)
	at java.util.concurrent.ThreadPoolExecutor.runWorker(ThreadPoolExecutor.java:1149)
	at java.util.concurrent.ThreadPoolExecutor$Worker.run(ThreadPoolExecutor.java:624)
	at java.lang.Thread.run(Thread.java:748)
Caused by: org.openqa.selenium.WebDriverException: Element <a class="z2-footer__primary-menu-group-item-link" href="/why-pantheon"> is not clickable at point (179,651) because another element <div class="optanon-clearfix optanon-alert-box-bottom-padding"> obscures it
Build info: version: '3.4.0', revision: 'unknown', time: 'unknown'
System info: host: 'itako8455.prod.miso', ip: 'fe80:0:0:0:480:4b2d:73e:97da%en0', os.name: 'Mac OS X', os.arch: 'x86_64', os.version: '10.14', java.version: '9.0.4'
Driver info: org.openqa.selenium.firefox.FirefoxDriver
Capabilities [{moz:profile=/var/folders/d2/qw7q16_j7yb7yk5r6b8sl0n40000kr/T/rust_mozprofilekcYzc7, moz:geckodriverVersion=0.30.0, timeouts={implicit=0.0, pageLoad=300000.0, script=30000.0}, pageLoadStrategy=normal, unhandledPromptBehavior=dismiss and notify, strictFileInteractability=false, moz:headless=false, platform=ANY, proxy=Proxy(), moz:accessibilityChecks=false, moz:useNonSpecCompliantPointerOrigin=false, acceptInsecureCerts=false, browserVersion=96.0, moz:shutdownTimeout=60000.0, platformVersion=18.0.0, moz:processID=4206.0, browserName=firefox, moz:buildID=20220106144528, javascriptEnabled=true, platformName=mac, setWindowRect=true, moz:webdriverClick=true}]
Session ID: XXXXXXXX-XXXX-XXXX-XXXX-XXXX2d885c22
Build info: version: '3.14.0', revision: 'aacccce0', time: '2018-08-02T20:19:58.91Z'
System info: host: 'SL-1549.local', ip: 'fe80:0:0:0:a6:ad74:b699:975f%en0', os.name: 'Mac OS X', os.arch: 'x86_64', os.version: '10.16', java.version: '1.8.0_271'
Driver info: driver.version: RemoteWebDriver
	at jdk.internal.reflect.NativeConstructorAccessorImpl.newInstance0(Native Method)
	at jdk.internal.reflect.NativeConstructorAccessorImpl.newInstance(NativeConstructorAccessorImpl.java:62)
	at jdk.internal.reflect.DelegatingConstructorAccessorImpl.newInstance(DelegatingConstructorAccessorImpl.java:45)
	at java.lang.reflect.Constructor.newInstance(Constructor.java:488)
	at org.openqa.selenium.remote.http.W3CHttpResponseCodec.createException(W3CHttpResponseCodec.java:150)
	at org.openqa.selenium.remote.http.W3CHttpResponseCodec.decode(W3CHttpResponseCodec.java:115)
	at org.openqa.selenium.remote.http.W3CHttpResponseCodec.decode(W3CHttpResponseCodec.java:45)
	at org.openqa.selenium.remote.HttpCommandExecutor.execute(HttpCommandExecutor.java:164)
	at org.openqa.selenium.remote.service.DriverCommandExecutor.execute(DriverCommandExecutor.java:82)
	at org.openqa.selenium.remote.RemoteWebDriver.execute(RemoteWebDriver.java:637)
	at org.openqa.selenium.remote.RemoteWebElement.execute(RemoteWebElement.java:272)
	at org.openqa.selenium.remote.RemoteWebElement.click(RemoteWebElement.java:82)
	at jdk.internal.reflect.NativeMethodAccessorImpl.invoke0(Native Method)
	at jdk.internal.reflect.NativeMethodAccessorImpl.invoke(NativeMethodAccessorImpl.java:62)
	at jdk.internal.reflect.DelegatingMethodAccessorImpl.invoke(DelegatingMethodAccessorImpl.java:43)
	at java.lang.reflect.Method.invoke(Method.java:564)
	at org.openqa.selenium.support.events.EventFiringWebDriver$EventFiringWebElement$1.invoke(EventFiringWebDriver.java:332)
	at com.sun.proxy.$Proxy6.click(Unknown Source)
	at org.openqa.selenium.support.events.EventFiringWebDriver$EventFiringWebElement.click(EventFiringWebDriver.java:345)
	at jdk.internal.reflect.NativeMethodAccessorImpl.invoke0(Native Method)
	at jdk.internal.reflect.NativeMethodAccessorImpl.invoke(NativeMethodAccessorImpl.java:62)
	at jdk.internal.reflect.DelegatingMethodAccessorImpl.invoke(DelegatingMethodAccessorImpl.java:43)
	at java.lang.reflect.Method.invoke(Method.java:564)
	at org.openqa.selenium.remote.server.KnownElements$1.invoke(KnownElements.java:64)
	at com.sun.proxy.$Proxy7.click(Unknown Source)
	at org.openqa.selenium.remote.server.handler.ClickElement.call(ClickElement.java:30)
	at org.openqa.selenium.remote.server.handler.ClickElement.call(ClickElement.java:22)
	at java.util.concurrent.FutureTask.run(FutureTask.java:264)
	at org.openqa.selenium.remote.server.DefaultSession$1.run(DefaultSession.java:176)
	at java.util.concurrent.ThreadPoolExecutor.runWorker(ThreadPoolExecutor.java:1167)
	at java.util.concurrent.ThreadPoolExecutor$Worker.run(ThreadPoolExecutor.java:641)
	at java.lang.Thread.run(Thread.java:844)
]]>
            </full-stacktrace>
          </exception> <!-- org.openqa.selenium.WebDriverException -->
          <reporter-output>
          </reporter-output>
        </test-method> <!-- PantheonWhy -->
        <test-method status="FAIL" signature="PantheonWhy(java.lang.String, java.lang.String, java.lang.String, java.lang.String, java.lang.String, java.lang.reflect.Method)[pri:0, instance:com.pantheon.PantheonTest@880ec60]" name="PantheonWhy" duration-ms="41695" started-at="2022-02-03T12:58:56Z" data-provider="hardCodedBrowsers" finished-at="2022-02-03T12:59:38Z">
          <params>
            <param index="0">
              <value>
                <![CDATA[browser]]>
              </value>
            </param>
            <param index="1">
              <value>
                <![CDATA[firefox]]>
              </value>
            </param>
            <param index="2">
              <value>
                <![CDATA[latest-2]]>
              </value>
            </param>
            <param index="3">
              <value>
                <![CDATA[Windows 10]]>
              </value>
            </param>
            <param index="4">
              <value>
                <![CDATA[]]>
              </value>
            </param>
            <param index="5">
              <value>
                <![CDATA[public void com.pantheon.PantheonTest.PantheonWhy(java.lang.String,java.lang.String,java.lang.String,java.lang.String,java.lang.String,java.lang.reflect.Method) throws java.lang.Exception]]>
              </value>
            </param>
          </params>
          <exception class="org.openqa.selenium.WebDriverException">
            <message>
              <![CDATA[Element <a class="z2-footer__primary-menu-group-item-link" href="/why-pantheon"> is not clickable at point (178,670) because another element <p id="alert-box-message" class="banner-content"> obscures it
Build info: version: '3.4.0', revision: 'unknown', time: 'unknown'
System info: host: 'SAUCE-WIN10', ip: '10.119.47.113', os.name: 'Windows 10', os.arch: 'amd64', os.version: '10.0', java.version: '1.8.0_131'
Driver info: org.openqa.selenium.firefox.FirefoxDriver
Capabilities [{moz:profile=C:\Users\sauce\AppData\Local\Temp\rust_mozprofileHCewXQ, moz:geckodriverVersion=0.30.0, timeouts={implicit=0.0, pageLoad=300000.0, script=30000.0}, pageLoadStrategy=normal, unhandledPromptBehavior=dismiss and notify, strictFileInteractability=false, moz:headless=false, platform=ANY, proxy=Proxy(), moz:accessibilityChecks=false, moz:useNonSpecCompliantPointerOrigin=false, acceptInsecureCerts=false, browserVersion=94.0, moz:shutdownTimeout=60000.0, platformVersion=10.0, moz:processID=5384.0, browserName=firefox, moz:buildID=20211028161635, javascriptEnabled=true, platformName=windows, setWindowRect=true, moz:webdriverClick=true}]
Session ID: XXXXXXXX-XXXX-XXXX-XXXX-XXXX46924a7d
Command duration or timeout: 0 milliseconds]]>
            </message>
            <full-stacktrace>
              <![CDATA[org.openqa.selenium.WebDriverException: Element <a class="z2-footer__primary-menu-group-item-link" href="/why-pantheon"> is not clickable at point (178,670) because another element <p id="alert-box-message" class="banner-content"> obscures it
Build info: version: '3.4.0', revision: 'unknown', time: 'unknown'
System info: host: 'SAUCE-WIN10', ip: '10.119.47.113', os.name: 'Windows 10', os.arch: 'amd64', os.version: '10.0', java.version: '1.8.0_131'
Driver info: org.openqa.selenium.firefox.FirefoxDriver
Capabilities [{moz:profile=C:\Users\sauce\AppData\Local\Temp\rust_mozprofileHCewXQ, moz:geckodriverVersion=0.30.0, timeouts={implicit=0.0, pageLoad=300000.0, script=30000.0}, pageLoadStrategy=normal, unhandledPromptBehavior=dismiss and notify, strictFileInteractability=false, moz:headless=false, platform=ANY, proxy=Proxy(), moz:accessibilityChecks=false, moz:useNonSpecCompliantPointerOrigin=false, acceptInsecureCerts=false, browserVersion=94.0, moz:shutdownTimeout=60000.0, platformVersion=10.0, moz:processID=5384.0, browserName=firefox, moz:buildID=20211028161635, javascriptEnabled=true, platformName=windows, setWindowRect=true, moz:webdriverClick=true}]
Session ID: XXXXXXXX-XXXX-XXXX-XXXX-XXXX46924a7d
Command duration or timeout: 0 milliseconds
	at sun.reflect.NativeConstructorAccessorImpl.newInstance0(Native Method)
	at sun.reflect.NativeConstructorAccessorImpl.newInstance(NativeConstructorAccessorImpl.java:62)
	at sun.reflect.DelegatingConstructorAccessorImpl.newInstance(DelegatingConstructorAccessorImpl.java:45)
	at java.lang.reflect.Constructor.newInstance(Constructor.java:423)
	at org.openqa.selenium.remote.ErrorHandler.createThrowable(ErrorHandler.java:214)
	at org.openqa.selenium.remote.ErrorHandler.throwIfResponseFailed(ErrorHandler.java:166)
	at org.openqa.selenium.remote.http.JsonHttpResponseCodec.reconstructValue(JsonHttpResponseCodec.java:40)
	at org.openqa.selenium.remote.http.AbstractHttpResponseCodec.decode(AbstractHttpResponseCodec.java:80)
	at org.openqa.selenium.remote.http.AbstractHttpResponseCodec.decode(AbstractHttpResponseCodec.java:44)
	at org.openqa.selenium.remote.HttpCommandExecutor.execute(HttpCommandExecutor.java:158)
	at org.openqa.selenium.remote.RemoteWebDriver.execute(RemoteWebDriver.java:548)
	at org.openqa.selenium.remote.RemoteWebElement.execute(RemoteWebElement.java:276)
	at org.openqa.selenium.remote.RemoteWebElement.click(RemoteWebElement.java:83)
	at com.pantheon.PantheonTest.PantheonWhy(PantheonTest.java:135)
	at sun.reflect.NativeMethodAccessorImpl.invoke0(Native Method)
	at sun.reflect.NativeMethodAccessorImpl.invoke(NativeMethodAccessorImpl.java:62)
	at sun.reflect.DelegatingMethodAccessorImpl.invoke(DelegatingMethodAccessorImpl.java:43)
	at java.lang.reflect.Method.invoke(Method.java:498)
	at org.testng.internal.MethodInvocationHelper.invokeMethod(MethodInvocationHelper.java:104)
	at org.testng.internal.Invoker.invokeMethod(Invoker.java:645)
	at org.testng.internal.Invoker.invokeTestMethod(Invoker.java:851)
	at org.testng.internal.TestMethodWithDataProviderMethodWorker.call(TestMethodWithDataProviderMethodWorker.java:75)
	at org.testng.internal.TestMethodWithDataProviderMethodWorker.call(TestMethodWithDataProviderMethodWorker.java:14)
	at java.util.concurrent.FutureTask.run(FutureTask.java:266)
	at java.util.concurrent.Executors$RunnableAdapter.call(Executors.java:511)
	at java.util.concurrent.FutureTask.run(FutureTask.java:266)
	at java.util.concurrent.ThreadPoolExecutor.runWorker(ThreadPoolExecutor.java:1149)
	at java.util.concurrent.ThreadPoolExecutor$Worker.run(ThreadPoolExecutor.java:624)
	at java.lang.Thread.run(Thread.java:748)
Caused by: org.openqa.selenium.WebDriverException: Element <a class="z2-footer__primary-menu-group-item-link" href="/why-pantheon"> is not clickable at point (178,670) because another element <p id="alert-box-message" class="banner-content"> obscures it
Build info: version: '3.4.0', revision: 'unknown', time: 'unknown'
System info: host: 'SAUCE-WIN10', ip: '10.119.47.113', os.name: 'Windows 10', os.arch: 'amd64', os.version: '10.0', java.version: '1.8.0_131'
Driver info: org.openqa.selenium.firefox.FirefoxDriver
Capabilities [{moz:profile=C:\Users\sauce\AppData\Local\Temp\rust_mozprofileHCewXQ, moz:geckodriverVersion=0.30.0, timeouts={implicit=0.0, pageLoad=300000.0, script=30000.0}, pageLoadStrategy=normal, unhandledPromptBehavior=dismiss and notify, strictFileInteractability=false, moz:headless=false, platform=ANY, proxy=Proxy(), moz:accessibilityChecks=false, moz:useNonSpecCompliantPointerOrigin=false, acceptInsecureCerts=false, browserVersion=94.0, moz:shutdownTimeout=60000.0, platformVersion=10.0, moz:processID=5384.0, browserName=firefox, moz:buildID=20211028161635, javascriptEnabled=true, platformName=windows, setWindowRect=true, moz:webdriverClick=true}]
Session ID: XXXXXXXX-XXXX-XXXX-XXXX-XXXX46924a7d
Build info: version: '3.14.0', revision: 'aacccce0', time: '2018-08-02T20:19:58.91Z'
System info: host: 'SL-1549.local', ip: 'fe80:0:0:0:a6:ad74:b699:975f%en0', os.name: 'Mac OS X', os.arch: 'x86_64', os.version: '10.16', java.version: '1.8.0_271'
Driver info: driver.version: RemoteWebDriver
	at sun.reflect.NativeConstructorAccessorImpl.newInstance0(Native Method)
	at sun.reflect.NativeConstructorAccessorImpl.newInstance(Unknown Source)
	at sun.reflect.DelegatingConstructorAccessorImpl.newInstance(Unknown Source)
	at java.lang.reflect.Constructor.newInstance(Unknown Source)
	at org.openqa.selenium.remote.http.W3CHttpResponseCodec.createException(W3CHttpResponseCodec.java:150)
	at org.openqa.selenium.remote.http.W3CHttpResponseCodec.decode(W3CHttpResponseCodec.java:115)
	at org.openqa.selenium.remote.http.W3CHttpResponseCodec.decode(W3CHttpResponseCodec.java:45)
	at org.openqa.selenium.remote.HttpCommandExecutor.execute(HttpCommandExecutor.java:164)
	at org.openqa.selenium.remote.service.DriverCommandExecutor.execute(DriverCommandExecutor.java:82)
	at org.openqa.selenium.remote.RemoteWebDriver.execute(RemoteWebDriver.java:637)
	at org.openqa.selenium.remote.RemoteWebElement.execute(RemoteWebElement.java:272)
	at org.openqa.selenium.remote.RemoteWebElement.click(RemoteWebElement.java:82)
	at sun.reflect.NativeMethodAccessorImpl.invoke0(Native Method)
	at sun.reflect.NativeMethodAccessorImpl.invoke(Unknown Source)
	at sun.reflect.DelegatingMethodAccessorImpl.invoke(Unknown Source)
	at java.lang.reflect.Method.invoke(Unknown Source)
	at org.openqa.selenium.support.events.EventFiringWebDriver$EventFiringWebElement$1.invoke(EventFiringWebDriver.java:332)
	at com.sun.proxy.$Proxy5.click(Unknown Source)
	at org.openqa.selenium.support.events.EventFiringWebDriver$EventFiringWebElement.click(EventFiringWebDriver.java:345)
	at sun.reflect.NativeMethodAccessorImpl.invoke0(Native Method)
	at sun.reflect.NativeMethodAccessorImpl.invoke(Unknown Source)
	at sun.reflect.DelegatingMethodAccessorImpl.invoke(Unknown Source)
	at java.lang.reflect.Method.invoke(Unknown Source)
	at org.openqa.selenium.remote.server.KnownElements$1.invoke(KnownElements.java:64)
	at com.sun.proxy.$Proxy6.click(Unknown Source)
	at org.openqa.selenium.remote.server.handler.ClickElement.call(ClickElement.java:30)
	at org.openqa.selenium.remote.server.handler.ClickElement.call(ClickElement.java:22)
	at java.util.concurrent.FutureTask.run(Unknown Source)
	at org.openqa.selenium.remote.server.DefaultSession$1.run(DefaultSession.java:176)
	at java.util.concurrent.ThreadPoolExecutor.runWorker(Unknown Source)
	at java.util.concurrent.ThreadPoolExecutor$Worker.run(Unknown Source)
	at java.lang.Thread.run(Unknown Source)
]]>
            </full-stacktrace>
          </exception> <!-- org.openqa.selenium.WebDriverException -->
          <reporter-output>
          </reporter-output>
        </test-method> <!-- PantheonWhy -->
        <test-method status="FAIL" signature="PantheonWhy(java.lang.String, java.lang.String, java.lang.String, java.lang.String, java.lang.String, java.lang.reflect.Method)[pri:0, instance:com.pantheon.PantheonTest@880ec60]" name="PantheonWhy" duration-ms="23656" started-at="2022-02-03T12:58:56Z" data-provider="hardCodedBrowsers" finished-at="2022-02-03T12:59:20Z">
          <params>
            <param index="0">
              <value>
                <![CDATA[browser]]>
              </value>
            </param>
            <param index="1">
              <value>
                <![CDATA[safari]]>
              </value>
            </param>
            <param index="2">
              <value>
                <![CDATA[latest]]>
              </value>
            </param>
            <param index="3">
              <value>
                <![CDATA[macOS 10.13]]>
              </value>
            </param>
            <param index="4">
              <value>
                <![CDATA[]]>
              </value>
            </param>
            <param index="5">
              <value>
                <![CDATA[public void com.pantheon.PantheonTest.PantheonWhy(java.lang.String,java.lang.String,java.lang.String,java.lang.String,java.lang.String,java.lang.reflect.Method) throws java.lang.Exception]]>
              </value>
            </param>
          </params>
          <exception class="org.openqa.selenium.WebDriverException">
            <message>
              <![CDATA[
Build info: version: '3.14.0', revision: 'aacccce0', time: '2018-08-02T20:13:22.693Z'
System info: host: 'itako5416.prod.miso', ip: 'fe80:0:0:0:4f5:ef8e:bcec:e922%en0', os.name: 'Mac OS X', os.arch: 'x86_64', os.version: '10.13.6', java.version: '9.0.4'
Driver info: driver.version: unknown
Command duration or timeout: 0 milliseconds]]>
            </message>
            <full-stacktrace>
              <![CDATA[org.openqa.selenium.WebDriverException: 
Build info: version: '3.14.0', revision: 'aacccce0', time: '2018-08-02T20:13:22.693Z'
System info: host: 'itako5416.prod.miso', ip: 'fe80:0:0:0:4f5:ef8e:bcec:e922%en0', os.name: 'Mac OS X', os.arch: 'x86_64', os.version: '10.13.6', java.version: '9.0.4'
Driver info: driver.version: unknown
Command duration or timeout: 0 milliseconds
	at sun.reflect.NativeConstructorAccessorImpl.newInstance0(Native Method)
	at sun.reflect.NativeConstructorAccessorImpl.newInstance(NativeConstructorAccessorImpl.java:62)
	at sun.reflect.DelegatingConstructorAccessorImpl.newInstance(DelegatingConstructorAccessorImpl.java:45)
	at java.lang.reflect.Constructor.newInstance(Constructor.java:423)
	at org.openqa.selenium.remote.ErrorHandler.createThrowable(ErrorHandler.java:214)
	at org.openqa.selenium.remote.ErrorHandler.throwIfResponseFailed(ErrorHandler.java:166)
	at org.openqa.selenium.remote.http.JsonHttpResponseCodec.reconstructValue(JsonHttpResponseCodec.java:40)
	at org.openqa.selenium.remote.http.AbstractHttpResponseCodec.decode(AbstractHttpResponseCodec.java:80)
	at org.openqa.selenium.remote.http.AbstractHttpResponseCodec.decode(AbstractHttpResponseCodec.java:44)
	at org.openqa.selenium.remote.HttpCommandExecutor.execute(HttpCommandExecutor.java:158)
	at org.openqa.selenium.remote.RemoteWebDriver.execute(RemoteWebDriver.java:548)
	at org.openqa.selenium.remote.RemoteWebElement.execute(RemoteWebElement.java:276)
	at org.openqa.selenium.remote.RemoteWebElement.click(RemoteWebElement.java:83)
	at com.pantheon.PantheonTest.PantheonWhy(PantheonTest.java:135)
	at sun.reflect.NativeMethodAccessorImpl.invoke0(Native Method)
	at sun.reflect.NativeMethodAccessorImpl.invoke(NativeMethodAccessorImpl.java:62)
	at sun.reflect.DelegatingMethodAccessorImpl.invoke(DelegatingMethodAccessorImpl.java:43)
	at java.lang.reflect.Method.invoke(Method.java:498)
	at org.testng.internal.MethodInvocationHelper.invokeMethod(MethodInvocationHelper.java:104)
	at org.testng.internal.Invoker.invokeMethod(Invoker.java:645)
	at org.testng.internal.Invoker.invokeTestMethod(Invoker.java:851)
	at org.testng.internal.TestMethodWithDataProviderMethodWorker.call(TestMethodWithDataProviderMethodWorker.java:75)
	at org.testng.internal.TestMethodWithDataProviderMethodWorker.call(TestMethodWithDataProviderMethodWorker.java:14)
	at java.util.concurrent.FutureTask.run(FutureTask.java:266)
	at java.util.concurrent.Executors$RunnableAdapter.call(Executors.java:511)
	at java.util.concurrent.FutureTask.run(FutureTask.java:266)
	at java.util.concurrent.ThreadPoolExecutor.runWorker(ThreadPoolExecutor.java:1149)
	at java.util.concurrent.ThreadPoolExecutor$Worker.run(ThreadPoolExecutor.java:624)
	at java.lang.Thread.run(Thread.java:748)
Caused by: org.openqa.selenium.WebDriverException: 
Build info: version: '3.14.0', revision: 'aacccce0', time: '2018-08-02T20:13:22.693Z'
System info: host: 'itako5416.prod.miso', ip: 'fe80:0:0:0:4f5:ef8e:bcec:e922%en0', os.name: 'Mac OS X', os.arch: 'x86_64', os.version: '10.13.6', java.version: '9.0.4'
Driver info: driver.version: unknown
Build info: version: '3.14.0', revision: 'aacccce0', time: '2018-08-02T20:19:58.91Z'
System info: host: 'SL-1549.local', ip: 'fe80:0:0:0:a6:ad74:b699:975f%en0', os.name: 'Mac OS X', os.arch: 'x86_64', os.version: '10.16', java.version: '1.8.0_271'
Driver info: driver.version: unknown
]]>
            </full-stacktrace>
          </exception> <!-- org.openqa.selenium.WebDriverException -->
          <reporter-output>
          </reporter-output>
        </test-method> <!-- PantheonWhy -->
        <test-method status="PASS" signature="PantheonPageTitle(java.lang.String, java.lang.String, java.lang.String, java.lang.String, java.lang.String, java.lang.reflect.Method)[pri:0, instance:com.pantheon.PantheonTest@880ec60]" name="PantheonPageTitle" duration-ms="26652" started-at="2022-02-03T12:58:56Z" data-provider="hardCodedBrowsers" finished-at="2022-02-03T12:59:23Z">
          <params>
            <param index="0">
              <value>
                <![CDATA[browser]]>
              </value>
            </param>
            <param index="1">
              <value>
                <![CDATA[firefox]]>
              </value>
            </param>
            <param index="2">
              <value>
                <![CDATA[latest-2]]>
              </value>
            </param>
            <param index="3">
              <value>
                <![CDATA[Windows 10]]>
              </value>
            </param>
            <param index="4">
              <value>
                <![CDATA[]]>
              </value>
            </param>
            <param index="5">
              <value>
                <![CDATA[public void com.pantheon.PantheonTest.PantheonPageTitle(java.lang.String,java.lang.String,java.lang.String,java.lang.String,java.lang.String,java.lang.reflect.Method) throws java.lang.Exception]]>
              </value>
            </param>
          </params>
          <reporter-output>
          </reporter-output>
        </test-method> <!-- PantheonPageTitle -->
        <test-method status="PASS" signature="PantheonPageTitle(java.lang.String, java.lang.String, java.lang.String, java.lang.String, java.lang.String, java.lang.reflect.Method)[pri:0, instance:com.pantheon.PantheonTest@880ec60]" name="PantheonPageTitle" duration-ms="13967" started-at="2022-02-03T12:58:56Z" data-provider="hardCodedBrowsers" finished-at="2022-02-03T12:59:10Z">
          <params>
            <param index="0">
              <value>
                <![CDATA[browser]]>
              </value>
            </param>
            <param index="1">
              <value>
                <![CDATA[internet explorer]]>
              </value>
            </param>
            <param index="2">
              <value>
                <![CDATA[11]]>
              </value>
            </param>
            <param index="3">
              <value>
                <![CDATA[Windows 8.1]]>
              </value>
            </param>
            <param index="4">
              <value>
                <![CDATA[]]>
              </value>
            </param>
            <param index="5">
              <value>
                <![CDATA[public void com.pantheon.PantheonTest.PantheonPageTitle(java.lang.String,java.lang.String,java.lang.String,java.lang.String,java.lang.String,java.lang.reflect.Method) throws java.lang.Exception]]>
              </value>
            </param>
          </params>
          <reporter-output>
          </reporter-output>
        </test-method> <!-- PantheonPageTitle -->
        <test-method status="PASS" signature="PantheonPageTitle(java.lang.String, java.lang.String, java.lang.String, java.lang.String, java.lang.String, java.lang.reflect.Method)[pri:0, instance:com.pantheon.PantheonTest@880ec60]" name="PantheonPageTitle" duration-ms="14566" started-at="2022-02-03T12:58:56Z" data-provider="hardCodedBrowsers" finished-at="2022-02-03T12:59:11Z">
          <params>
            <param index="0">
              <value>
                <![CDATA[browser]]>
              </value>
            </param>
            <param index="1">
              <value>
                <![CDATA[MicrosoftEdge]]>
              </value>
            </param>
            <param index="2">
              <value>
                <![CDATA[latest]]>
              </value>
            </param>
            <param index="3">
              <value>
                <![CDATA[Windows 10]]>
              </value>
            </param>
            <param index="4">
              <value>
                <![CDATA[]]>
              </value>
            </param>
            <param index="5">
              <value>
                <![CDATA[public void com.pantheon.PantheonTest.PantheonPageTitle(java.lang.String,java.lang.String,java.lang.String,java.lang.String,java.lang.String,java.lang.reflect.Method) throws java.lang.Exception]]>
              </value>
            </param>
          </params>
          <reporter-output>
          </reporter-output>
        </test-method> <!-- PantheonPageTitle -->
        <test-method status="PASS" signature="tearDown(org.testng.ITestResult)[pri:0, instance:com.pantheon.PantheonTest@880ec60]" name="tearDown" is-config="true" duration-ms="364" started-at="2022-02-03T12:59:10Z" finished-at="2022-02-03T12:59:10Z">
          <params>
            <param index="0">
              <value>
                <![CDATA[[TestResult name=PantheonPageTitle status=SUCCESS method=PantheonTest.PantheonPageTitle(java.lang.String, java.lang.String, java.lang.String, java.lang.String, java.lang.String, java.lang.reflect.Method)[pri:0, instance:com.pantheon.PantheonTest@880ec60] output={null}]]]>
              </value>
            </param>
          </params>
          <reporter-output>
          </reporter-output>
        </test-method> <!-- tearDown -->
        <test-method status="PASS" signature="PantheonPageTitle(java.lang.String, java.lang.String, java.lang.String, java.lang.String, java.lang.String, java.lang.reflect.Method)[pri:0, instance:com.pantheon.PantheonTest@880ec60]" name="PantheonPageTitle" duration-ms="26395" started-at="2022-02-03T12:59:10Z" data-provider="hardCodedBrowsers" finished-at="2022-02-03T12:59:37Z">
          <params>
            <param index="0">
              <value>
                <![CDATA[device]]>
              </value>
            </param>
            <param index="1">
              <value>
                <![CDATA[]]>
              </value>
            </param>
            <param index="2">
              <value>
                <![CDATA[]]>
              </value>
            </param>
            <param index="3">
              <value>
                <![CDATA[iOS]]>
              </value>
            </param>
            <param index="4">
              <value>
                <![CDATA[iPhone.*]]>
              </value>
            </param>
            <param index="5">
              <value>
                <![CDATA[public void com.pantheon.PantheonTest.PantheonPageTitle(java.lang.String,java.lang.String,java.lang.String,java.lang.String,java.lang.String,java.lang.reflect.Method) throws java.lang.Exception]]>
              </value>
            </param>
          </params>
          <reporter-output>
          </reporter-output>
        </test-method> <!-- PantheonPageTitle -->
        <test-method status="PASS" signature="tearDown(org.testng.ITestResult)[pri:0, instance:com.pantheon.PantheonTest@880ec60]" name="tearDown" is-config="true" duration-ms="751" started-at="2022-02-03T12:59:11Z" finished-at="2022-02-03T12:59:11Z">
          <params>
            <param index="0">
              <value>
                <![CDATA[[TestResult name=PantheonPageTitle status=SUCCESS method=PantheonTest.PantheonPageTitle(java.lang.String, java.lang.String, java.lang.String, java.lang.String, java.lang.String, java.lang.reflect.Method)[pri:0, instance:com.pantheon.PantheonTest@880ec60] output={null}]]]>
              </value>
            </param>
          </params>
          <reporter-output>
          </reporter-output>
        </test-method> <!-- tearDown -->
        <test-method status="PASS" signature="tearDown(org.testng.ITestResult)[pri:0, instance:com.pantheon.PantheonTest@880ec60]" name="tearDown" is-config="true" duration-ms="1115" started-at="2022-02-03T12:59:13Z" finished-at="2022-02-03T12:59:14Z">
          <params>
            <param index="0">
              <value>
                <![CDATA[[TestResult name=PantheonWhy status=FAILURE method=PantheonTest.PantheonWhy(java.lang.String, java.lang.String, java.lang.String, java.lang.String, java.lang.String, java.lang.reflect.Method)[pri:0, instance:com.pantheon.PantheonTest@880ec60] output={null}]]]>
              </value>
            </param>
          </params>
          <reporter-output>
          </reporter-output>
        </test-method> <!-- tearDown -->
        <test-method status="PASS" signature="tearDown(org.testng.ITestResult)[pri:0, instance:com.pantheon.PantheonTest@880ec60]" name="tearDown" is-config="true" duration-ms="356" started-at="2022-02-03T12:59:14Z" finished-at="2022-02-03T12:59:14Z">
          <params>
            <param index="0">
              <value>
                <![CDATA[[TestResult name=PantheonWhy status=SUCCESS method=PantheonTest.PantheonWhy(java.lang.String, java.lang.String, java.lang.String, java.lang.String, java.lang.String, java.lang.reflect.Method)[pri:0, instance:com.pantheon.PantheonTest@880ec60] output={null}]]]>
              </value>
            </param>
          </params>
          <reporter-output>
          </reporter-output>
        </test-method> <!-- tearDown -->
        <test-method status="PASS" signature="PantheonWhy(java.lang.String, java.lang.String, java.lang.String, java.lang.String, java.lang.String, java.lang.reflect.Method)[pri:0, instance:com.pantheon.PantheonTest@880ec60]" name="PantheonWhy" duration-ms="24357" started-at="2022-02-03T12:59:14Z" data-provider="hardCodedBrowsers" finished-at="2022-02-03T12:59:38Z">
          <params>
            <param index="0">
              <value>
                <![CDATA[device]]>
              </value>
            </param>
            <param index="1">
              <value>
                <![CDATA[]]>
              </value>
            </param>
            <param index="2">
              <value>
                <![CDATA[]]>
              </value>
            </param>
            <param index="3">
              <value>
                <![CDATA[iOS]]>
              </value>
            </param>
            <param index="4">
              <value>
                <![CDATA[iPhone.*]]>
              </value>
            </param>
            <param index="5">
              <value>
                <![CDATA[public void com.pantheon.PantheonTest.PantheonWhy(java.lang.String,java.lang.String,java.lang.String,java.lang.String,java.lang.String,java.lang.reflect.Method) throws java.lang.Exception]]>
              </value>
            </param>
          </params>
          <reporter-output>
          </reporter-output>
        </test-method> <!-- PantheonWhy -->
        <test-method status="PASS" signature="tearDown(org.testng.ITestResult)[pri:0, instance:com.pantheon.PantheonTest@880ec60]" name="tearDown" is-config="true" duration-ms="1351" started-at="2022-02-03T12:59:17Z" finished-at="2022-02-03T12:59:19Z">
          <params>
            <param index="0">
              <value>
                <![CDATA[[TestResult name=PantheonPageTitle status=SUCCESS method=PantheonTest.PantheonPageTitle(java.lang.String, java.lang.String, java.lang.String, java.lang.String, java.lang.String, java.lang.reflect.Method)[pri:0, instance:com.pantheon.PantheonTest@880ec60] output={null}]]]>
              </value>
            </param>
          </params>
          <reporter-output>
          </reporter-output>
        </test-method> <!-- tearDown -->
        <test-method status="PASS" signature="tearDown(org.testng.ITestResult)[pri:0, instance:com.pantheon.PantheonTest@880ec60]" name="tearDown" is-config="true" duration-ms="1748" started-at="2022-02-03T12:59:18Z" finished-at="2022-02-03T12:59:19Z">
          <params>
            <param index="0">
              <value>
                <![CDATA[[TestResult name=PantheonPageTitle status=SUCCESS method=PantheonTest.PantheonPageTitle(java.lang.String, java.lang.String, java.lang.String, java.lang.String, java.lang.String, java.lang.reflect.Method)[pri:0, instance:com.pantheon.PantheonTest@880ec60] output={null}]]]>
              </value>
            </param>
          </params>
          <reporter-output>
          </reporter-output>
        </test-method> <!-- tearDown -->
        <test-method status="PASS" signature="tearDown(org.testng.ITestResult)[pri:0, instance:com.pantheon.PantheonTest@880ec60]" name="tearDown" is-config="true" duration-ms="524" started-at="2022-02-03T12:59:20Z" finished-at="2022-02-03T12:59:20Z">
          <params>
            <param index="0">
              <value>
                <![CDATA[[TestResult name=PantheonWhy status=FAILURE method=PantheonTest.PantheonWhy(java.lang.String, java.lang.String, java.lang.String, java.lang.String, java.lang.String, java.lang.reflect.Method)[pri:0, instance:com.pantheon.PantheonTest@880ec60] output={null}]]]>
              </value>
            </param>
          </params>
          <reporter-output>
          </reporter-output>
        </test-method> <!-- tearDown -->
        <test-method status="PASS" signature="tearDown(org.testng.ITestResult)[pri:0, instance:com.pantheon.PantheonTest@880ec60]" name="tearDown" is-config="true" duration-ms="478" started-at="2022-02-03T12:59:23Z" finished-at="2022-02-03T12:59:23Z">
          <params>
            <param index="0">
              <value>
                <![CDATA[[TestResult name=PantheonWhy status=SUCCESS method=PantheonTest.PantheonWhy(java.lang.String, java.lang.String, java.lang.String, java.lang.String, java.lang.String, java.lang.reflect.Method)[pri:0, instance:com.pantheon.PantheonTest@880ec60] output={null}]]]>
              </value>
            </param>
          </params>
          <reporter-output>
          </reporter-output>
        </test-method> <!-- tearDown -->
        <test-method status="PASS" signature="tearDown(org.testng.ITestResult)[pri:0, instance:com.pantheon.PantheonTest@880ec60]" name="tearDown" is-config="true" duration-ms="617" started-at="2022-02-03T12:59:23Z" finished-at="2022-02-03T12:59:23Z">
          <params>
            <param index="0">
              <value>
                <![CDATA[[TestResult name=PantheonPageTitle status=SUCCESS method=PantheonTest.PantheonPageTitle(java.lang.String, java.lang.String, java.lang.String, java.lang.String, java.lang.String, java.lang.reflect.Method)[pri:0, instance:com.pantheon.PantheonTest@880ec60] output={null}]]]>
              </value>
            </param>
          </params>
          <reporter-output>
          </reporter-output>
        </test-method> <!-- tearDown -->
        <test-method status="PASS" signature="tearDown(org.testng.ITestResult)[pri:0, instance:com.pantheon.PantheonTest@880ec60]" name="tearDown" is-config="true" duration-ms="444" started-at="2022-02-03T12:59:23Z" finished-at="2022-02-03T12:59:23Z">
          <params>
            <param index="0">
              <value>
                <![CDATA[[TestResult name=PantheonPageTitle status=SUCCESS method=PantheonTest.PantheonPageTitle(java.lang.String, java.lang.String, java.lang.String, java.lang.String, java.lang.String, java.lang.reflect.Method)[pri:0, instance:com.pantheon.PantheonTest@880ec60] output={null}]]]>
              </value>
            </param>
          </params>
          <reporter-output>
          </reporter-output>
        </test-method> <!-- tearDown -->
        <test-method status="PASS" signature="tearDown(org.testng.ITestResult)[pri:0, instance:com.pantheon.PantheonTest@880ec60]" name="tearDown" is-config="true" duration-ms="1186" started-at="2022-02-03T12:59:24Z" finished-at="2022-02-03T12:59:25Z">
          <params>
            <param index="0">
              <value>
                <![CDATA[[TestResult name=PantheonPageTitle status=SUCCESS method=PantheonTest.PantheonPageTitle(java.lang.String, java.lang.String, java.lang.String, java.lang.String, java.lang.String, java.lang.reflect.Method)[pri:0, instance:com.pantheon.PantheonTest@880ec60] output={null}]]]>
              </value>
            </param>
          </params>
          <reporter-output>
          </reporter-output>
        </test-method> <!-- tearDown -->
        <test-method status="PASS" signature="tearDown(org.testng.ITestResult)[pri:0, instance:com.pantheon.PantheonTest@880ec60]" name="tearDown" is-config="true" duration-ms="615" started-at="2022-02-03T12:59:27Z" finished-at="2022-02-03T12:59:28Z">
          <params>
            <param index="0">
              <value>
                <![CDATA[[TestResult name=PantheonWhy status=FAILURE method=PantheonTest.PantheonWhy(java.lang.String, java.lang.String, java.lang.String, java.lang.String, java.lang.String, java.lang.reflect.Method)[pri:0, instance:com.pantheon.PantheonTest@880ec60] output={null}]]]>
              </value>
            </param>
          </params>
          <reporter-output>
          </reporter-output>
        </test-method> <!-- tearDown -->
        <test-method status="PASS" signature="tearDown(org.testng.ITestResult)[pri:0, instance:com.pantheon.PantheonTest@880ec60]" name="tearDown" is-config="true" duration-ms="1646" started-at="2022-02-03T12:59:37Z" finished-at="2022-02-03T12:59:38Z">
          <params>
            <param index="0">
              <value>
                <![CDATA[[TestResult name=PantheonPageTitle status=SUCCESS method=PantheonTest.PantheonPageTitle(java.lang.String, java.lang.String, java.lang.String, java.lang.String, java.lang.String, java.lang.reflect.Method)[pri:0, instance:com.pantheon.PantheonTest@880ec60] output={null}]]]>
              </value>
            </param>
          </params>
          <reporter-output>
          </reporter-output>
        </test-method> <!-- tearDown -->
        <test-method status="PASS" signature="tearDown(org.testng.ITestResult)[pri:0, instance:com.pantheon.PantheonTest@880ec60]" name="tearDown" is-config="true" duration-ms="590" started-at="2022-02-03T12:59:38Z" finished-at="2022-02-03T12:59:38Z">
          <params>
            <param index="0">
              <value>
                <![CDATA[[TestResult name=PantheonWhy status=FAILURE method=PantheonTest.PantheonWhy(java.lang.String, java.lang.String, java.lang.String, java.lang.String, java.lang.String, java.lang.reflect.Method)[pri:0, instance:com.pantheon.PantheonTest@880ec60] output={null}]]]>
              </value>
            </param>
          </params>
          <reporter-output>
          </reporter-output>
        </test-method> <!-- tearDown -->
        <test-method status="PASS" signature="tearDown(org.testng.ITestResult)[pri:0, instance:com.pantheon.PantheonTest@880ec60]" name="tearDown" is-config="true" duration-ms="1674" started-at="2022-02-03T12:59:38Z" finished-at="2022-02-03T12:59:40Z">
          <params>
            <param index="0">
              <value>
                <![CDATA[[TestResult name=PantheonWhy status=SUCCESS method=PantheonTest.PantheonWhy(java.lang.String, java.lang.String, java.lang.String, java.lang.String, java.lang.String, java.lang.reflect.Method)[pri:0, instance:com.pantheon.PantheonTest@880ec60] output={null}]]]>
              </value>
            </param>
          </params>
          <reporter-output>
          </reporter-output>
        </test-method> <!-- tearDown -->
        <test-method status="PASS" signature="tearDown(org.testng.ITestResult)[pri:0, instance:com.pantheon.PantheonTest@880ec60]" name="tearDown" is-config="true" duration-ms="308" started-at="2022-02-03T12:59:51Z" finished-at="2022-02-03T12:59:51Z">
          <params>
            <param index="0">
              <value>
                <![CDATA[[TestResult name=PantheonPageTitle status=SUCCESS method=PantheonTest.PantheonPageTitle(java.lang.String, java.lang.String, java.lang.String, java.lang.String, java.lang.String, java.lang.reflect.Method)[pri:0, instance:com.pantheon.PantheonTest@880ec60] output={null}]]]>
              </value>
            </param>
          </params>
          <reporter-output>
          </reporter-output>
        </test-method> <!-- tearDown -->
        <test-method status="PASS" signature="tearDown(org.testng.ITestResult)[pri:0, instance:com.pantheon.PantheonTest@880ec60]" name="tearDown" is-config="true" duration-ms="501" started-at="2022-02-03T13:00:10Z" finished-at="2022-02-03T13:00:10Z">
          <params>
            <param index="0">
              <value>
                <![CDATA[[TestResult name=PantheonWhy status=FAILURE method=PantheonTest.PantheonWhy(java.lang.String, java.lang.String, java.lang.String, java.lang.String, java.lang.String, java.lang.reflect.Method)[pri:0, instance:com.pantheon.PantheonTest@880ec60] output={null}]]]>
              </value>
            </param>
          </params>
          <reporter-output>
          </reporter-output>
        </test-method> <!-- tearDown -->
        <test-method status="PASS" signature="tearDown(org.testng.ITestResult)[pri:0, instance:com.pantheon.PantheonTest@880ec60]" name="tearDown" is-config="true" duration-ms="525" started-at="2022-02-03T13:00:18Z" finished-at="2022-02-03T13:00:18Z">
          <params>
            <param index="0">
              <value>
                <![CDATA[[TestResult name=PantheonPageTitle status=SUCCESS method=PantheonTest.PantheonPageTitle(java.lang.String, java.lang.String, java.lang.String, java.lang.String, java.lang.String, java.lang.reflect.Method)[pri:0, instance:com.pantheon.PantheonTest@880ec60] output={null}]]]>
              </value>
            </param>
          </params>
          <reporter-output>
          </reporter-output>
        </test-method> <!-- tearDown -->
        <test-method status="PASS" signature="tearDown(org.testng.ITestResult)[pri:0, instance:com.pantheon.PantheonTest@880ec60]" name="tearDown" is-config="true" duration-ms="565" started-at="2022-02-03T13:00:18Z" finished-at="2022-02-03T13:00:18Z">
          <params>
            <param index="0">
              <value>
                <![CDATA[[TestResult name=PantheonWhy status=SUCCESS method=PantheonTest.PantheonWhy(java.lang.String, java.lang.String, java.lang.String, java.lang.String, java.lang.String, java.lang.reflect.Method)[pri:0, instance:com.pantheon.PantheonTest@880ec60] output={null}]]]>
              </value>
            </param>
          </params>
          <reporter-output>
          </reporter-output>
        </test-method> <!-- tearDown -->
        <test-method status="PASS" signature="tearDown(org.testng.ITestResult)[pri:0, instance:com.pantheon.PantheonTest@880ec60]" name="tearDown" is-config="true" duration-ms="565" started-at="2022-02-03T13:00:26Z" finished-at="2022-02-03T13:00:26Z">
          <params>
            <param index="0">
              <value>
                <![CDATA[[TestResult name=PantheonPageTitle status=SUCCESS method=PantheonTest.PantheonPageTitle(java.lang.String, java.lang.String, java.lang.String, java.lang.String, java.lang.String, java.lang.reflect.Method)[pri:0, instance:com.pantheon.PantheonTest@880ec60] output={null}]]]>
              </value>
            </param>
          </params>
          <reporter-output>
          </reporter-output>
        </test-method> <!-- tearDown -->
        <test-method status="PASS" signature="tearDown(org.testng.ITestResult)[pri:0, instance:com.pantheon.PantheonTest@880ec60]" name="tearDown" is-config="true" duration-ms="1693" started-at="2022-02-03T13:01:13Z" finished-at="2022-02-03T13:01:14Z">
          <params>
            <param index="0">
              <value>
                <![CDATA[[TestResult name=PantheonWhy status=FAILURE method=PantheonTest.PantheonWhy(java.lang.String, java.lang.String, java.lang.String, java.lang.String, java.lang.String, java.lang.reflect.Method)[pri:0, instance:com.pantheon.PantheonTest@880ec60] output={null}]]]>
              </value>
            </param>
          </params>
          <reporter-output>
          </reporter-output>
        </test-method> <!-- tearDown -->
        <test-method status="PASS" signature="tearDown(org.testng.ITestResult)[pri:0, instance:com.pantheon.PantheonTest@880ec60]" name="tearDown" is-config="true" duration-ms="429" started-at="2022-02-03T13:01:15Z" finished-at="2022-02-03T13:01:15Z">
          <params>
            <param index="0">
              <value>
                <![CDATA[[TestResult name=PantheonWhy status=SUCCESS method=PantheonTest.PantheonWhy(java.lang.String, java.lang.String, java.lang.String, java.lang.String, java.lang.String, java.lang.reflect.Method)[pri:0, instance:com.pantheon.PantheonTest@880ec60] output={null}]]]>
              </value>
            </param>
          </params>
          <reporter-output>
          </reporter-output>
        </test-method> <!-- tearDown -->
      </class> <!-- com.pantheon.PantheonTest -->
    </test> <!-- Surefire test -->
  </suite> <!-- Surefire suite -->
</testng-results>
