<?xml version="1.0" encoding="UTF-8"?>
<!-- Generated by org.testng.reporters.JUnitReportReporter -->
<testsuite name="com.aura.SampleSauceTest" tests="66" time="3280.808" ignored="0" failures="0" timestamp="09 Feb 2021 16:57:50 GMT" skipped="0" hostname="SL-1549.local" errors="7">
  <testcase name="AuraPageJoin" time="72.805" classname="com.aura.SampleSauceTest"/>
  <testcase name="AuraPageRoutes" time="39.921" classname="com.aura.SampleSauceTest"/>
  <testcase name="AuraPageJoin" time="36.303" classname="com.aura.SampleSauceTest"/>
  <testcase name="AuraPageJoin" time="55.011" classname="com.aura.SampleSauceTest">
    <error type="org.openqa.selenium.ElementNotVisibleException" message="element not interactable
  (Session info: chrome=88.0.4324.152)
  (Driver info: chromedriver=88.0.4324.96 (68dba2d8a0b149a1d3afac56fa74648032bcf46b-refs/branch-heads/4324@{#1784}),platform=Linux 4.15.0-118-generic x86_64) (WARNING: The server did not provide any stacktrace information)
Command duration or timeout: 0 milliseconds
Build info: version: &#039;3.14.0&#039;, revision: &#039;aacccce0&#039;, time: &#039;2018-08-02T20:19:58.91Z&#039;
System info: host: &#039;SL-1549.local&#039;, ip: &#039;fe80:0:0:0:488:113f:f836:b093%en0&#039;, os.name: &#039;Mac OS X&#039;, os.arch: &#039;x86_64&#039;, os.version: &#039;10.15.7&#039;, java.version: &#039;1.8.0_271&#039;
Driver info: org.openqa.selenium.remote.RemoteWebDriver
Capabilities {accesskey: 70d8fea3-9242-4aea-ba5a-4f5..., adbPort: 15000, appActivity: com.google.android.apps.chr..., appPackage: com.android.chrome, browserName: Chrome, chromeOptions: {w3c: false}, chromedriverChromeMappingFile: /root/.testobject_devices/w..., chromedriverExecutableDir: /root/.testobject_devices/w..., chromedriverPorts: [[26000, 26010]], databaseEnabled: false, desired: {accesskey: 70d8fea3-9242-4aea-ba5a-4f5..., adbPort: 15000, browserName: Chrome, chromeOptions: {w3c: false}, chromedriverChromeMappingFile: /root/.testobject_devices/w..., chromedriverExecutableDir: /root/.testobject_devices/w..., chromedriverPorts: [[26000, 26010]], deviceName: Samsung_Galaxy_Tab_A_10_1_r..., name: AuraPageJoin, platformName: Android, suppressKillServer: true, systemPort: 8200, testobject_device: Samsung.*, testobject_platform_name: Android, testobject_test_name: AuraPageJoin, username: SauceFrank}, deviceApiLevel: 24, deviceContextId: 19963ab7-88a3-4cda-8788-90f..., deviceManufacturer: samsung, deviceModel: SM-T580, deviceName: 10.101.48.24:16010, deviceScreenDensity: 213, deviceScreenSize: 1200x1920, deviceUDID: 10.101.48.24:16010, javascriptEnabled: true, locationContextEnabled: false, name: AuraPageJoin, networkConnectionEnabled: true, pixelRatio: 1.3312501, platform: LINUX, platformName: LINUX, platformVersion: 7.0, statBarHeight: 32, suppressKillServer: true, systemPort: 8200, takesScreenshot: true, testobject_device: Samsung_Galaxy_Tab_A_10_1_r..., testobject_device_name: Samsung Galaxy Tab A 10.1 2016, testobject_device_session_id: d3eff43a-c63a-4cf1-b8a2-3d1..., testobject_platform_name: Android, testobject_project_id: saucelabs-default, testobject_test_name: AuraPageJoin, testobject_test_report_api_url: https://api.us-west-1.sauce..., testobject_test_report_id: 382, testobject_test_report_url: https://app.saucelabs.com/t..., testobject_user_id: SauceFrank, username: SauceFrank, viewportRect: {height: 1888, left: 0, top: 32, width: 1200}, warnings: {}, webStorageEnabled: false}
Session ID: ed761320-e15d-4a54-8910-943e10ea4020">
      <![CDATA[org.openqa.selenium.ElementNotVisibleException: element not interactable
  (Session info: chrome=88.0.4324.152)
  (Driver info: chromedriver=88.0.4324.96 (68dba2d8a0b149a1d3afac56fa74648032bcf46b-refs/branch-heads/4324@{#1784}),platform=Linux 4.15.0-118-generic x86_64) (WARNING: The server did not provide any stacktrace information)
Command duration or timeout: 0 milliseconds
Build info: version: '3.14.0', revision: 'aacccce0', time: '2018-08-02T20:19:58.91Z'
System info: host: 'SL-1549.local', ip: 'fe80:0:0:0:488:113f:f836:b093%en0', os.name: 'Mac OS X', os.arch: 'x86_64', os.version: '10.15.7', java.version: '1.8.0_271'
Driver info: org.openqa.selenium.remote.RemoteWebDriver
Capabilities {accesskey: 70d8fea3-9242-4aea-ba5a-4f5..., adbPort: 15000, appActivity: com.google.android.apps.chr..., appPackage: com.android.chrome, browserName: Chrome, chromeOptions: {w3c: false}, chromedriverChromeMappingFile: /root/.testobject_devices/w..., chromedriverExecutableDir: /root/.testobject_devices/w..., chromedriverPorts: [[26000, 26010]], databaseEnabled: false, desired: {accesskey: 70d8fea3-9242-4aea-ba5a-4f5..., adbPort: 15000, browserName: Chrome, chromeOptions: {w3c: false}, chromedriverChromeMappingFile: /root/.testobject_devices/w..., chromedriverExecutableDir: /root/.testobject_devices/w..., chromedriverPorts: [[26000, 26010]], deviceName: Samsung_Galaxy_Tab_A_10_1_r..., name: AuraPageJoin, platformName: Android, suppressKillServer: true, systemPort: 8200, testobject_device: Samsung.*, testobject_platform_name: Android, testobject_test_name: AuraPageJoin, username: SauceFrank}, deviceApiLevel: 24, deviceContextId: 19963ab7-88a3-4cda-8788-90f..., deviceManufacturer: samsung, deviceModel: SM-T580, deviceName: 10.101.48.24:16010, deviceScreenDensity: 213, deviceScreenSize: 1200x1920, deviceUDID: 10.101.48.24:16010, javascriptEnabled: true, locationContextEnabled: false, name: AuraPageJoin, networkConnectionEnabled: true, pixelRatio: 1.3312501, platform: LINUX, platformName: LINUX, platformVersion: 7.0, statBarHeight: 32, suppressKillServer: true, systemPort: 8200, takesScreenshot: true, testobject_device: Samsung_Galaxy_Tab_A_10_1_r..., testobject_device_name: Samsung Galaxy Tab A 10.1 2016, testobject_device_session_id: d3eff43a-c63a-4cf1-b8a2-3d1..., testobject_platform_name: Android, testobject_project_id: saucelabs-default, testobject_test_name: AuraPageJoin, testobject_test_report_api_url: https://api.us-west-1.sauce..., testobject_test_report_id: 382, testobject_test_report_url: https://app.saucelabs.com/t..., testobject_user_id: SauceFrank, username: SauceFrank, viewportRect: {height: 1888, left: 0, top: 32, width: 1200}, warnings: {}, webStorageEnabled: false}
Session ID: ed761320-e15d-4a54-8910-943e10ea4020
	at sun.reflect.NativeConstructorAccessorImpl.newInstance0(Native Method)
	at sun.reflect.NativeConstructorAccessorImpl.newInstance(NativeConstructorAccessorImpl.java:62)
	at sun.reflect.DelegatingConstructorAccessorImpl.newInstance(DelegatingConstructorAccessorImpl.java:45)
	at java.lang.reflect.Constructor.newInstance(Constructor.java:423)
	at org.openqa.selenium.remote.ErrorHandler.createThrowable(ErrorHandler.java:214)
	at org.openqa.selenium.remote.ErrorHandler.throwIfResponseFailed(ErrorHandler.java:166)
	at org.openqa.selenium.remote.http.JsonHttpResponseCodec.reconstructValue(JsonHttpResponseCodec.java:40)
	at org.openqa.selenium.remote.http.AbstractHttpResponseCodec.decode(AbstractHttpResponseCodec.java:80)
	at org.openqa.selenium.remote.http.AbstractHttpResponseCodec.decode(AbstractHttpResponseCodec.java:44)
	at org.openqa.selenium.remote.HttpCommandExecutor.execute(HttpCommandExecutor.java:158)
	at org.openqa.selenium.remote.RemoteWebDriver.execute(RemoteWebDriver.java:548)
	at org.openqa.selenium.remote.RemoteWebElement.execute(RemoteWebElement.java:276)
	at org.openqa.selenium.remote.RemoteWebElement.click(RemoteWebElement.java:83)
	at com.aura.SampleSauceTest.AuraPageJoin(SampleSauceTest.java:163)
	at sun.reflect.NativeMethodAccessorImpl.invoke0(Native Method)
	at sun.reflect.NativeMethodAccessorImpl.invoke(NativeMethodAccessorImpl.java:62)
	at sun.reflect.DelegatingMethodAccessorImpl.invoke(DelegatingMethodAccessorImpl.java:43)
	at java.lang.reflect.Method.invoke(Method.java:498)
	at org.testng.internal.MethodInvocationHelper.invokeMethod(MethodInvocationHelper.java:104)
	at org.testng.internal.Invoker.invokeMethod(Invoker.java:645)
	at org.testng.internal.Invoker.invokeTestMethod(Invoker.java:851)
	at org.testng.internal.TestMethodWithDataProviderMethodWorker.call(TestMethodWithDataProviderMethodWorker.java:75)
	at org.testng.internal.TestMethodWithDataProviderMethodWorker.call(TestMethodWithDataProviderMethodWorker.java:14)
	at java.util.concurrent.FutureTask.run(FutureTask.java:266)
	at java.util.concurrent.Executors$RunnableAdapter.call(Executors.java:511)
	at java.util.concurrent.FutureTask.run(FutureTask.java:266)
	at java.util.concurrent.ThreadPoolExecutor.runWorker(ThreadPoolExecutor.java:1149)
	at java.util.concurrent.ThreadPoolExecutor$Worker.run(ThreadPoolExecutor.java:624)
	at java.lang.Thread.run(Thread.java:748)
]]>
    </error>
  </testcase> <!-- AuraPageJoin -->
  <testcase name="AuraPageAirports" time="32.500" classname="com.aura.SampleSauceTest"/>
  <testcase name="AuraPageGastronomy" time="41.988" classname="com.aura.SampleSauceTest"/>
  <testcase name="AuraPageAircraft" time="18.823" classname="com.aura.SampleSauceTest"/>
  <testcase name="AuraPageRoutes" time="20.841" classname="com.aura.SampleSauceTest"/>
  <testcase name="AuraPageRoutes" time="134.129" classname="com.aura.SampleSauceTest"/>
  <testcase name="AuraPageTitle" time="16.187" classname="com.aura.SampleSauceTest"/>
  <testcase name="AuraPageJoin" time="30.782" classname="com.aura.SampleSauceTest"/>
  <testcase name="AuraPageTitle" time="29.976" classname="com.aura.SampleSauceTest"/>
  <testcase name="AuraPageTitle" time="110.773" classname="com.aura.SampleSauceTest"/>
  <testcase name="AuraPageAircraft" time="33.807" classname="com.aura.SampleSauceTest"/>
  <testcase name="AuraPageTitle" time="22.178" classname="com.aura.SampleSauceTest"/>
  <testcase name="AuraPageAircraft" time="35.330" classname="com.aura.SampleSauceTest"/>
  <testcase name="AuraPageJoin" time="48.866" classname="com.aura.SampleSauceTest"/>
  <testcase name="AuraPageGastronomy" time="48.796" classname="com.aura.SampleSauceTest"/>
  <testcase name="AuraPageJoin" time="56.170" classname="com.aura.SampleSauceTest"/>
  <testcase name="AuraPageAircraft" time="48.625" classname="com.aura.SampleSauceTest"/>
  <testcase name="AuraPageGastronomy" time="25.008" classname="com.aura.SampleSauceTest"/>
  <testcase name="AuraPageAirports" time="17.816" classname="com.aura.SampleSauceTest"/>
  <testcase name="AuraPageGastronomy" time="114.220" classname="com.aura.SampleSauceTest"/>
  <testcase name="AuraPageAirports" time="73.281" classname="com.aura.SampleSauceTest"/>
  <testcase name="AuraPageTitle" time="66.175" classname="com.aura.SampleSauceTest"/>
  <testcase name="AuraPageTitle" time="33.964" classname="com.aura.SampleSauceTest"/>
  <testcase name="AuraPageRoutes" time="45.515" classname="com.aura.SampleSauceTest"/>
  <testcase name="AuraPageAircraft" time="27.609" classname="com.aura.SampleSauceTest"/>
  <testcase name="AuraPageTitle" time="33.928" classname="com.aura.SampleSauceTest"/>
  <testcase name="AuraPageGastronomy" time="34.432" classname="com.aura.SampleSauceTest"/>
  <testcase name="AuraPageRoutes" time="17.115" classname="com.aura.SampleSauceTest"/>
  <testcase name="AuraPageTitle" time="34.339" classname="com.aura.SampleSauceTest"/>
  <testcase name="AuraPageJoin" time="24.156" classname="com.aura.SampleSauceTest"/>
  <testcase name="AuraPageGastronomy" time="23.971" classname="com.aura.SampleSauceTest"/>
  <testcase name="AuraPageRoutes" time="21.368" classname="com.aura.SampleSauceTest">
    <error type="org.openqa.selenium.ElementClickInterceptedException" message="element click intercepted: Element is not clickable at point (-130, 194)
  (Session info: chrome=85.0.4183.127)
  (Driver info: chromedriver=85.0.4183.87 (cd6713ebf92fa1cacc0f1a598df280093af0c5d7-refs/branch-heads/4183@{#1689}),platform=Linux 4.15.0-122-generic x86_64) (WARNING: The server did not provide any stacktrace information)
Command duration or timeout: 0 milliseconds
Build info: version: &#039;3.14.0&#039;, revision: &#039;aacccce0&#039;, time: &#039;2018-08-02T20:19:58.91Z&#039;
System info: host: &#039;SL-1549.local&#039;, ip: &#039;fe80:0:0:0:488:113f:f836:b093%en0&#039;, os.name: &#039;Mac OS X&#039;, os.arch: &#039;x86_64&#039;, os.version: &#039;10.15.7&#039;, java.version: &#039;1.8.0_271&#039;
Driver info: org.openqa.selenium.remote.RemoteWebDriver
Capabilities {accesskey: 70d8fea3-9242-4aea-ba5a-4f5..., adbPort: 15002, appActivity: com.google.android.apps.chr..., appPackage: com.android.chrome, browserName: Chrome, chromeOptions: {w3c: false}, chromedriverChromeMappingFile: /root/.testobject_devices/w..., chromedriverExecutableDir: /root/.testobject_devices/w..., chromedriverPorts: [[26020, 26030]], databaseEnabled: false, desired: {accesskey: 70d8fea3-9242-4aea-ba5a-4f5..., adbPort: 15002, browserName: Chrome, chromeOptions: {w3c: false}, chromedriverChromeMappingFile: /root/.testobject_devices/w..., chromedriverExecutableDir: /root/.testobject_devices/w..., chromedriverPorts: [[26020, 26030]], deviceName: Samsung_Galaxy_S20_Ultra_re..., name: AuraPageRoutes, platformName: Android, suppressKillServer: true, systemPort: 8202, testobject_device: Samsung.*, testobject_platform_name: Android, testobject_test_name: AuraPageRoutes, username: SauceFrank}, deviceApiLevel: 29, deviceContextId: d035e227-e90a-442a-824a-8ec..., deviceManufacturer: samsung, deviceModel: SM-G988U1, deviceName: 10.101.72.23:16006, deviceScreenDensity: 420, deviceScreenSize: 1080x2400, deviceUDID: 10.101.72.23:16006, javascriptEnabled: true, locationContextEnabled: false, name: AuraPageRoutes, networkConnectionEnabled: true, pixelRatio: 2.625, platform: LINUX, platformName: LINUX, platformVersion: 10, statBarHeight: 74, suppressKillServer: true, systemPort: 8202, takesScreenshot: true, testobject_device: Samsung_Galaxy_S20_Ultra_re..., testobject_device_name: Samsung Galaxy S20 Ultra, testobject_device_session_id: c69d71b4-5f52-48f3-ae24-792..., testobject_platform_name: Android, testobject_project_id: saucelabs-default, testobject_test_name: AuraPageRoutes, testobject_test_report_api_url: https://api.us-west-1.sauce..., testobject_test_report_id: 379, testobject_test_report_url: https://app.saucelabs.com/t..., testobject_user_id: SauceFrank, username: SauceFrank, viewportRect: {height: 2126, left: 0, top: 74, width: 1080}, warnings: {}, webStorageEnabled: false}
Session ID: 81fe1f9f-3f4f-4ecf-9f6a-6c5593e5687a">
      <![CDATA[org.openqa.selenium.ElementClickInterceptedException: element click intercepted: Element is not clickable at point (-130, 194)
  (Session info: chrome=85.0.4183.127)
  (Driver info: chromedriver=85.0.4183.87 (cd6713ebf92fa1cacc0f1a598df280093af0c5d7-refs/branch-heads/4183@{#1689}),platform=Linux 4.15.0-122-generic x86_64) (WARNING: The server did not provide any stacktrace information)
Command duration or timeout: 0 milliseconds
Build info: version: '3.14.0', revision: 'aacccce0', time: '2018-08-02T20:19:58.91Z'
System info: host: 'SL-1549.local', ip: 'fe80:0:0:0:488:113f:f836:b093%en0', os.name: 'Mac OS X', os.arch: 'x86_64', os.version: '10.15.7', java.version: '1.8.0_271'
Driver info: org.openqa.selenium.remote.RemoteWebDriver
Capabilities {accesskey: 70d8fea3-9242-4aea-ba5a-4f5..., adbPort: 15002, appActivity: com.google.android.apps.chr..., appPackage: com.android.chrome, browserName: Chrome, chromeOptions: {w3c: false}, chromedriverChromeMappingFile: /root/.testobject_devices/w..., chromedriverExecutableDir: /root/.testobject_devices/w..., chromedriverPorts: [[26020, 26030]], databaseEnabled: false, desired: {accesskey: 70d8fea3-9242-4aea-ba5a-4f5..., adbPort: 15002, browserName: Chrome, chromeOptions: {w3c: false}, chromedriverChromeMappingFile: /root/.testobject_devices/w..., chromedriverExecutableDir: /root/.testobject_devices/w..., chromedriverPorts: [[26020, 26030]], deviceName: Samsung_Galaxy_S20_Ultra_re..., name: AuraPageRoutes, platformName: Android, suppressKillServer: true, systemPort: 8202, testobject_device: Samsung.*, testobject_platform_name: Android, testobject_test_name: AuraPageRoutes, username: SauceFrank}, deviceApiLevel: 29, deviceContextId: d035e227-e90a-442a-824a-8ec..., deviceManufacturer: samsung, deviceModel: SM-G988U1, deviceName: 10.101.72.23:16006, deviceScreenDensity: 420, deviceScreenSize: 1080x2400, deviceUDID: 10.101.72.23:16006, javascriptEnabled: true, locationContextEnabled: false, name: AuraPageRoutes, networkConnectionEnabled: true, pixelRatio: 2.625, platform: LINUX, platformName: LINUX, platformVersion: 10, statBarHeight: 74, suppressKillServer: true, systemPort: 8202, takesScreenshot: true, testobject_device: Samsung_Galaxy_S20_Ultra_re..., testobject_device_name: Samsung Galaxy S20 Ultra, testobject_device_session_id: c69d71b4-5f52-48f3-ae24-792..., testobject_platform_name: Android, testobject_project_id: saucelabs-default, testobject_test_name: AuraPageRoutes, testobject_test_report_api_url: https://api.us-west-1.sauce..., testobject_test_report_id: 379, testobject_test_report_url: https://app.saucelabs.com/t..., testobject_user_id: SauceFrank, username: SauceFrank, viewportRect: {height: 2126, left: 0, top: 74, width: 1080}, warnings: {}, webStorageEnabled: false}
Session ID: 81fe1f9f-3f4f-4ecf-9f6a-6c5593e5687a
	at sun.reflect.NativeConstructorAccessorImpl.newInstance0(Native Method)
	at sun.reflect.NativeConstructorAccessorImpl.newInstance(NativeConstructorAccessorImpl.java:62)
	at sun.reflect.DelegatingConstructorAccessorImpl.newInstance(DelegatingConstructorAccessorImpl.java:45)
	at java.lang.reflect.Constructor.newInstance(Constructor.java:423)
	at org.openqa.selenium.remote.ErrorHandler.createThrowable(ErrorHandler.java:214)
	at org.openqa.selenium.remote.ErrorHandler.throwIfResponseFailed(ErrorHandler.java:166)
	at org.openqa.selenium.remote.http.JsonHttpResponseCodec.reconstructValue(JsonHttpResponseCodec.java:40)
	at org.openqa.selenium.remote.http.AbstractHttpResponseCodec.decode(AbstractHttpResponseCodec.java:80)
	at org.openqa.selenium.remote.http.AbstractHttpResponseCodec.decode(AbstractHttpResponseCodec.java:44)
	at org.openqa.selenium.remote.HttpCommandExecutor.execute(HttpCommandExecutor.java:158)
	at org.openqa.selenium.remote.RemoteWebDriver.execute(RemoteWebDriver.java:548)
	at org.openqa.selenium.remote.RemoteWebElement.execute(RemoteWebElement.java:276)
	at org.openqa.selenium.remote.RemoteWebElement.click(RemoteWebElement.java:83)
	at com.aura.SampleSauceTest.AuraPageRoutes(SampleSauceTest.java:156)
	at sun.reflect.NativeMethodAccessorImpl.invoke0(Native Method)
	at sun.reflect.NativeMethodAccessorImpl.invoke(NativeMethodAccessorImpl.java:62)
	at sun.reflect.DelegatingMethodAccessorImpl.invoke(DelegatingMethodAccessorImpl.java:43)
	at java.lang.reflect.Method.invoke(Method.java:498)
	at org.testng.internal.MethodInvocationHelper.invokeMethod(MethodInvocationHelper.java:104)
	at org.testng.internal.Invoker.invokeMethod(Invoker.java:645)
	at org.testng.internal.Invoker.invokeTestMethod(Invoker.java:851)
	at org.testng.internal.TestMethodWithDataProviderMethodWorker.call(TestMethodWithDataProviderMethodWorker.java:75)
	at org.testng.internal.TestMethodWithDataProviderMethodWorker.call(TestMethodWithDataProviderMethodWorker.java:14)
	at java.util.concurrent.FutureTask.run(FutureTask.java:266)
	at java.util.concurrent.Executors$RunnableAdapter.call(Executors.java:511)
	at java.util.concurrent.FutureTask.run(FutureTask.java:266)
	at java.util.concurrent.ThreadPoolExecutor.runWorker(ThreadPoolExecutor.java:1149)
	at java.util.concurrent.ThreadPoolExecutor$Worker.run(ThreadPoolExecutor.java:624)
	at java.lang.Thread.run(Thread.java:748)
]]>
    </error>
  </testcase> <!-- AuraPageRoutes -->
  <testcase name="AuraPageJoin" time="34.520" classname="com.aura.SampleSauceTest"/>
  <testcase name="AuraPageRoutes" time="69.875" classname="com.aura.SampleSauceTest"/>
  <testcase name="AuraPageAircraft" time="29.560" classname="com.aura.SampleSauceTest"/>
  <testcase name="AuraPageTitle" time="72.541" classname="com.aura.SampleSauceTest"/>
  <testcase name="AuraPageGastronomy" time="22.109" classname="com.aura.SampleSauceTest">
    <error type="org.openqa.selenium.ElementClickInterceptedException" message="element click intercepted: Element is not clickable at point (-130, 115)
  (Session info: chrome=86.0.4240.99)
  (Driver info: chromedriver=86.0.4240.22 (398b0743353ff36fb1b82468f63a3a93b4e2e89e-refs/branch-heads/4240@{#378}),platform=Linux 4.15.0-123-generic x86_64) (WARNING: The server did not provide any stacktrace information)
Command duration or timeout: 0 milliseconds
Build info: version: &#039;3.14.0&#039;, revision: &#039;aacccce0&#039;, time: &#039;2018-08-02T20:19:58.91Z&#039;
System info: host: &#039;SL-1549.local&#039;, ip: &#039;fe80:0:0:0:488:113f:f836:b093%en0&#039;, os.name: &#039;Mac OS X&#039;, os.arch: &#039;x86_64&#039;, os.version: &#039;10.15.7&#039;, java.version: &#039;1.8.0_271&#039;
Driver info: org.openqa.selenium.remote.RemoteWebDriver
Capabilities {accesskey: 70d8fea3-9242-4aea-ba5a-4f5..., adbPort: 15013, appActivity: com.google.android.apps.chr..., appPackage: com.android.chrome, browserName: Chrome, chromeOptions: {w3c: false}, chromedriverChromeMappingFile: /root/.testobject_devices/w..., chromedriverExecutableDir: /root/.testobject_devices/w..., chromedriverPorts: [[26130, 26140]], databaseEnabled: false, desired: {accesskey: 70d8fea3-9242-4aea-ba5a-4f5..., adbPort: 15013, browserName: Chrome, chromeOptions: {w3c: false}, chromedriverChromeMappingFile: /root/.testobject_devices/w..., chromedriverExecutableDir: /root/.testobject_devices/w..., chromedriverPorts: [[26130, 26140]], deviceName: Samsung_Galaxy_Note_10_real_us, name: AuraPageGastronomy, platformName: Android, suppressKillServer: true, systemPort: 8213, testobject_device: Samsung.*, testobject_platform_name: Android, testobject_test_name: AuraPageGastronomy, username: SauceFrank}, deviceApiLevel: 29, deviceContextId: c00fb4e8-f734-41b7-926c-ab8..., deviceManufacturer: samsung, deviceModel: SM-N970U1, deviceName: 10.101.72.21:16023, deviceScreenDensity: 420, deviceScreenSize: 1080x2280, deviceUDID: 10.101.72.21:16023, javascriptEnabled: true, locationContextEnabled: false, name: AuraPageGastronomy, networkConnectionEnabled: true, pixelRatio: 2.625, platform: LINUX, platformName: LINUX, platformVersion: 10, statBarHeight: 90, suppressKillServer: true, systemPort: 8213, takesScreenshot: true, testobject_device: Samsung_Galaxy_Note_10_real_us, testobject_device_name: Samsung Galaxy Note 10, testobject_device_session_id: 7cbb8ead-5dd8-4010-83a2-a17..., testobject_platform_name: Android, testobject_project_id: saucelabs-default, testobject_test_name: AuraPageGastronomy, testobject_test_report_api_url: https://api.us-west-1.sauce..., testobject_test_report_id: 381, testobject_test_report_url: https://app.saucelabs.com/t..., testobject_user_id: SauceFrank, username: SauceFrank, viewportRect: {height: 1974, left: 0, top: 90, width: 1080}, warnings: {}, webStorageEnabled: false}
Session ID: 249f266d-61c5-4cf4-bea7-ac7e0a43f388">
      <![CDATA[org.openqa.selenium.ElementClickInterceptedException: element click intercepted: Element is not clickable at point (-130, 115)
  (Session info: chrome=86.0.4240.99)
  (Driver info: chromedriver=86.0.4240.22 (398b0743353ff36fb1b82468f63a3a93b4e2e89e-refs/branch-heads/4240@{#378}),platform=Linux 4.15.0-123-generic x86_64) (WARNING: The server did not provide any stacktrace information)
Command duration or timeout: 0 milliseconds
Build info: version: '3.14.0', revision: 'aacccce0', time: '2018-08-02T20:19:58.91Z'
System info: host: 'SL-1549.local', ip: 'fe80:0:0:0:488:113f:f836:b093%en0', os.name: 'Mac OS X', os.arch: 'x86_64', os.version: '10.15.7', java.version: '1.8.0_271'
Driver info: org.openqa.selenium.remote.RemoteWebDriver
Capabilities {accesskey: 70d8fea3-9242-4aea-ba5a-4f5..., adbPort: 15013, appActivity: com.google.android.apps.chr..., appPackage: com.android.chrome, browserName: Chrome, chromeOptions: {w3c: false}, chromedriverChromeMappingFile: /root/.testobject_devices/w..., chromedriverExecutableDir: /root/.testobject_devices/w..., chromedriverPorts: [[26130, 26140]], databaseEnabled: false, desired: {accesskey: 70d8fea3-9242-4aea-ba5a-4f5..., adbPort: 15013, browserName: Chrome, chromeOptions: {w3c: false}, chromedriverChromeMappingFile: /root/.testobject_devices/w..., chromedriverExecutableDir: /root/.testobject_devices/w..., chromedriverPorts: [[26130, 26140]], deviceName: Samsung_Galaxy_Note_10_real_us, name: AuraPageGastronomy, platformName: Android, suppressKillServer: true, systemPort: 8213, testobject_device: Samsung.*, testobject_platform_name: Android, testobject_test_name: AuraPageGastronomy, username: SauceFrank}, deviceApiLevel: 29, deviceContextId: c00fb4e8-f734-41b7-926c-ab8..., deviceManufacturer: samsung, deviceModel: SM-N970U1, deviceName: 10.101.72.21:16023, deviceScreenDensity: 420, deviceScreenSize: 1080x2280, deviceUDID: 10.101.72.21:16023, javascriptEnabled: true, locationContextEnabled: false, name: AuraPageGastronomy, networkConnectionEnabled: true, pixelRatio: 2.625, platform: LINUX, platformName: LINUX, platformVersion: 10, statBarHeight: 90, suppressKillServer: true, systemPort: 8213, takesScreenshot: true, testobject_device: Samsung_Galaxy_Note_10_real_us, testobject_device_name: Samsung Galaxy Note 10, testobject_device_session_id: 7cbb8ead-5dd8-4010-83a2-a17..., testobject_platform_name: Android, testobject_project_id: saucelabs-default, testobject_test_name: AuraPageGastronomy, testobject_test_report_api_url: https://api.us-west-1.sauce..., testobject_test_report_id: 381, testobject_test_report_url: https://app.saucelabs.com/t..., testobject_user_id: SauceFrank, username: SauceFrank, viewportRect: {height: 1974, left: 0, top: 90, width: 1080}, warnings: {}, webStorageEnabled: false}
Session ID: 249f266d-61c5-4cf4-bea7-ac7e0a43f388
	at sun.reflect.NativeConstructorAccessorImpl.newInstance0(Native Method)
	at sun.reflect.NativeConstructorAccessorImpl.newInstance(NativeConstructorAccessorImpl.java:62)
	at sun.reflect.DelegatingConstructorAccessorImpl.newInstance(DelegatingConstructorAccessorImpl.java:45)
	at java.lang.reflect.Constructor.newInstance(Constructor.java:423)
	at org.openqa.selenium.remote.ErrorHandler.createThrowable(ErrorHandler.java:214)
	at org.openqa.selenium.remote.ErrorHandler.throwIfResponseFailed(ErrorHandler.java:166)
	at org.openqa.selenium.remote.http.JsonHttpResponseCodec.reconstructValue(JsonHttpResponseCodec.java:40)
	at org.openqa.selenium.remote.http.AbstractHttpResponseCodec.decode(AbstractHttpResponseCodec.java:80)
	at org.openqa.selenium.remote.http.AbstractHttpResponseCodec.decode(AbstractHttpResponseCodec.java:44)
	at org.openqa.selenium.remote.HttpCommandExecutor.execute(HttpCommandExecutor.java:158)
	at org.openqa.selenium.remote.RemoteWebDriver.execute(RemoteWebDriver.java:548)
	at org.openqa.selenium.remote.RemoteWebElement.execute(RemoteWebElement.java:276)
	at org.openqa.selenium.remote.RemoteWebElement.click(RemoteWebElement.java:83)
	at com.aura.SampleSauceTest.AuraPageGastronomy(SampleSauceTest.java:149)
	at sun.reflect.NativeMethodAccessorImpl.invoke0(Native Method)
	at sun.reflect.NativeMethodAccessorImpl.invoke(NativeMethodAccessorImpl.java:62)
	at sun.reflect.DelegatingMethodAccessorImpl.invoke(DelegatingMethodAccessorImpl.java:43)
	at java.lang.reflect.Method.invoke(Method.java:498)
	at org.testng.internal.MethodInvocationHelper.invokeMethod(MethodInvocationHelper.java:104)
	at org.testng.internal.Invoker.invokeMethod(Invoker.java:645)
	at org.testng.internal.Invoker.invokeTestMethod(Invoker.java:851)
	at org.testng.internal.TestMethodWithDataProviderMethodWorker.call(TestMethodWithDataProviderMethodWorker.java:75)
	at org.testng.internal.TestMethodWithDataProviderMethodWorker.call(TestMethodWithDataProviderMethodWorker.java:14)
	at java.util.concurrent.FutureTask.run(FutureTask.java:266)
	at java.util.concurrent.Executors$RunnableAdapter.call(Executors.java:511)
	at java.util.concurrent.FutureTask.run(FutureTask.java:266)
	at java.util.concurrent.ThreadPoolExecutor.runWorker(ThreadPoolExecutor.java:1149)
	at java.util.concurrent.ThreadPoolExecutor$Worker.run(ThreadPoolExecutor.java:624)
	at java.lang.Thread.run(Thread.java:748)
]]>
    </error>
  </testcase> <!-- AuraPageGastronomy -->
  <testcase name="AuraPageAirports" time="68.089" classname="com.aura.SampleSauceTest"/>
  <testcase name="AuraPageAircraft" time="73.838" classname="com.aura.SampleSauceTest"/>
  <testcase name="AuraPageJoin" time="18.397" classname="com.aura.SampleSauceTest"/>
  <testcase name="AuraPageRoutes" time="34.186" classname="com.aura.SampleSauceTest"/>
  <testcase name="AuraPageTitle" time="47.962" classname="com.aura.SampleSauceTest"/>
  <testcase name="AuraPageAircraft" time="66.580" classname="com.aura.SampleSauceTest"/>
  <testcase name="AuraPageAircraft" time="112.363" classname="com.aura.SampleSauceTest"/>
  <testcase name="AuraPageRoutes" time="112.077" classname="com.aura.SampleSauceTest"/>
  <testcase name="AuraPageGastronomy" time="111.931" classname="com.aura.SampleSauceTest"/>
  <testcase name="AuraPageAirports" time="25.462" classname="com.aura.SampleSauceTest"/>
  <testcase name="AuraPageAirports" time="52.986" classname="com.aura.SampleSauceTest"/>
  <testcase name="AuraPageRoutes" time="75.000" classname="com.aura.SampleSauceTest"/>
  <testcase name="AuraPageAircraft" time="34.985" classname="com.aura.SampleSauceTest"/>
  <testcase name="AuraPageJoin" time="50.556" classname="com.aura.SampleSauceTest">
    <error type="org.openqa.selenium.ElementNotVisibleException" message="Element is not currently visible and may not be manipulated (WARNING: The server did not provide any stacktrace information)
Command duration or timeout: 0 milliseconds
Build info: version: &#039;3.14.0&#039;, revision: &#039;aacccce0&#039;, time: &#039;2018-08-02T20:19:58.91Z&#039;
System info: host: &#039;SL-1549.local&#039;, ip: &#039;fe80:0:0:0:488:113f:f836:b093%en0&#039;, os.name: &#039;Mac OS X&#039;, os.arch: &#039;x86_64&#039;, os.version: &#039;10.15.7&#039;, java.version: &#039;1.8.0_271&#039;
Driver info: org.openqa.selenium.remote.RemoteWebDriver
Capabilities {accesskey: 70d8fea3-9242-4aea-ba5a-4f5..., automationName: XCUITest, browserName: safari, commandTimeouts: {default: 60000}, databaseEnabled: false, deviceContextId: 9d75185a-bd16-46c8-a061-66c..., deviceName: 04b43d07216454532b60b6b9d10..., javascriptEnabled: true, locationContextEnabled: false, name: AuraPageJoin, networkConnectionEnabled: false, orientation: PORTRAIT, platform: MAC, platformName: MAC, platformVersion: 12.4.8, realDevice: true, takesScreenshot: true, testobject_device: iPhone_5S_real_us, testobject_device_name: iPhone 5S, testobject_device_session_id: 21e9a16d-a19c-4afe-bfac-c7f..., testobject_platform_name: iOS, testobject_project_id: saucelabs-default, testobject_test_name: AuraPageJoin, testobject_test_report_api_url: https://api.us-west-1.sauce..., testobject_test_report_id: 386, testobject_test_report_url: https://app.saucelabs.com/t..., testobject_user_id: SauceFrank, udid: 04b43d07216454532b60b6b9d10..., username: SauceFrank, webDriverAgentUrl: http://127.0.0.1:5710, webStorageEnabled: false}
Session ID: 5ef2272a-704c-4965-81c7-80e59e70e7e4">
      <![CDATA[org.openqa.selenium.ElementNotVisibleException: Element is not currently visible and may not be manipulated (WARNING: The server did not provide any stacktrace information)
Command duration or timeout: 0 milliseconds
Build info: version: '3.14.0', revision: 'aacccce0', time: '2018-08-02T20:19:58.91Z'
System info: host: 'SL-1549.local', ip: 'fe80:0:0:0:488:113f:f836:b093%en0', os.name: 'Mac OS X', os.arch: 'x86_64', os.version: '10.15.7', java.version: '1.8.0_271'
Driver info: org.openqa.selenium.remote.RemoteWebDriver
Capabilities {accesskey: 70d8fea3-9242-4aea-ba5a-4f5..., automationName: XCUITest, browserName: safari, commandTimeouts: {default: 60000}, databaseEnabled: false, deviceContextId: 9d75185a-bd16-46c8-a061-66c..., deviceName: 04b43d07216454532b60b6b9d10..., javascriptEnabled: true, locationContextEnabled: false, name: AuraPageJoin, networkConnectionEnabled: false, orientation: PORTRAIT, platform: MAC, platformName: MAC, platformVersion: 12.4.8, realDevice: true, takesScreenshot: true, testobject_device: iPhone_5S_real_us, testobject_device_name: iPhone 5S, testobject_device_session_id: 21e9a16d-a19c-4afe-bfac-c7f..., testobject_platform_name: iOS, testobject_project_id: saucelabs-default, testobject_test_name: AuraPageJoin, testobject_test_report_api_url: https://api.us-west-1.sauce..., testobject_test_report_id: 386, testobject_test_report_url: https://app.saucelabs.com/t..., testobject_user_id: SauceFrank, udid: 04b43d07216454532b60b6b9d10..., username: SauceFrank, webDriverAgentUrl: http://127.0.0.1:5710, webStorageEnabled: false}
Session ID: 5ef2272a-704c-4965-81c7-80e59e70e7e4
	at sun.reflect.NativeConstructorAccessorImpl.newInstance0(Native Method)
	at sun.reflect.NativeConstructorAccessorImpl.newInstance(NativeConstructorAccessorImpl.java:62)
	at sun.reflect.DelegatingConstructorAccessorImpl.newInstance(DelegatingConstructorAccessorImpl.java:45)
	at java.lang.reflect.Constructor.newInstance(Constructor.java:423)
	at org.openqa.selenium.remote.ErrorHandler.createThrowable(ErrorHandler.java:214)
	at org.openqa.selenium.remote.ErrorHandler.throwIfResponseFailed(ErrorHandler.java:166)
	at org.openqa.selenium.remote.http.JsonHttpResponseCodec.reconstructValue(JsonHttpResponseCodec.java:40)
	at org.openqa.selenium.remote.http.AbstractHttpResponseCodec.decode(AbstractHttpResponseCodec.java:80)
	at org.openqa.selenium.remote.http.AbstractHttpResponseCodec.decode(AbstractHttpResponseCodec.java:44)
	at org.openqa.selenium.remote.HttpCommandExecutor.execute(HttpCommandExecutor.java:158)
	at org.openqa.selenium.remote.RemoteWebDriver.execute(RemoteWebDriver.java:548)
	at org.openqa.selenium.remote.RemoteWebElement.execute(RemoteWebElement.java:276)
	at org.openqa.selenium.remote.RemoteWebElement.click(RemoteWebElement.java:83)
	at com.aura.SampleSauceTest.AuraPageJoin(SampleSauceTest.java:163)
	at sun.reflect.NativeMethodAccessorImpl.invoke0(Native Method)
	at sun.reflect.NativeMethodAccessorImpl.invoke(NativeMethodAccessorImpl.java:62)
	at sun.reflect.DelegatingMethodAccessorImpl.invoke(DelegatingMethodAccessorImpl.java:43)
	at java.lang.reflect.Method.invoke(Method.java:498)
	at org.testng.internal.MethodInvocationHelper.invokeMethod(MethodInvocationHelper.java:104)
	at org.testng.internal.Invoker.invokeMethod(Invoker.java:645)
	at org.testng.internal.Invoker.invokeTestMethod(Invoker.java:851)
	at org.testng.internal.TestMethodWithDataProviderMethodWorker.call(TestMethodWithDataProviderMethodWorker.java:75)
	at org.testng.internal.TestMethodWithDataProviderMethodWorker.call(TestMethodWithDataProviderMethodWorker.java:14)
	at java.util.concurrent.FutureTask.run(FutureTask.java:266)
	at java.util.concurrent.Executors$RunnableAdapter.call(Executors.java:511)
	at java.util.concurrent.FutureTask.run(FutureTask.java:266)
	at java.util.concurrent.ThreadPoolExecutor.runWorker(ThreadPoolExecutor.java:1149)
	at java.util.concurrent.ThreadPoolExecutor$Worker.run(ThreadPoolExecutor.java:624)
	at java.lang.Thread.run(Thread.java:748)
]]>
    </error>
  </testcase> <!-- AuraPageJoin -->
  <testcase name="AuraPageGastronomy" time="73.366" classname="com.aura.SampleSauceTest"/>
  <testcase name="AuraPageAirports" time="34.937" classname="com.aura.SampleSauceTest"/>
  <testcase name="AuraPageAircraft" time="101.432" classname="com.aura.SampleSauceTest">
    <error type="org.openqa.selenium.ElementClickInterceptedException" message="element click intercepted: Element is not clickable at point (-130, 37)
  (Session info: chrome=88.0.4324.152)
  (Driver info: chromedriver=88.0.4324.96 (68dba2d8a0b149a1d3afac56fa74648032bcf46b-refs/branch-heads/4324@{#1784}),platform=Linux 4.15.0-123-generic x86_64) (WARNING: The server did not provide any stacktrace information)
Command duration or timeout: 0 milliseconds
Build info: version: &#039;3.14.0&#039;, revision: &#039;aacccce0&#039;, time: &#039;2018-08-02T20:19:58.91Z&#039;
System info: host: &#039;SL-1549.local&#039;, ip: &#039;fe80:0:0:0:488:113f:f836:b093%en0&#039;, os.name: &#039;Mac OS X&#039;, os.arch: &#039;x86_64&#039;, os.version: &#039;10.15.7&#039;, java.version: &#039;1.8.0_271&#039;
Driver info: org.openqa.selenium.remote.RemoteWebDriver
Capabilities {accesskey: 70d8fea3-9242-4aea-ba5a-4f5..., adbPort: 15012, appActivity: com.google.android.apps.chr..., appPackage: com.android.chrome, browserName: Chrome, chromeOptions: {w3c: false}, chromedriverChromeMappingFile: /root/.testobject_devices/w..., chromedriverExecutableDir: /root/.testobject_devices/w..., chromedriverPorts: [[26120, 26130]], databaseEnabled: false, desired: {accesskey: 70d8fea3-9242-4aea-ba5a-4f5..., adbPort: 15012, browserName: Chrome, chromeOptions: {w3c: false}, chromedriverChromeMappingFile: /root/.testobject_devices/w..., chromedriverExecutableDir: /root/.testobject_devices/w..., chromedriverPorts: [[26120, 26130]], deviceName: Samsung_Galaxy_A50_real, name: AuraPageAircraft, platformName: Android, suppressKillServer: true, systemPort: 8212, testobject_device: Samsung.*, testobject_platform_name: Android, testobject_test_name: AuraPageAircraft, username: SauceFrank}, deviceApiLevel: 29, deviceContextId: b2536250-52ed-4007-b1ca-b64..., deviceManufacturer: samsung, deviceModel: SM-A505F, deviceName: 10.101.72.14:16004, deviceScreenDensity: 420, deviceScreenSize: 1080x2340, deviceUDID: 10.101.72.14:16004, javascriptEnabled: true, locationContextEnabled: false, name: AuraPageAircraft, networkConnectionEnabled: true, pixelRatio: 2.625, platform: LINUX, platformName: LINUX, platformVersion: 10, statBarHeight: 83, suppressKillServer: true, systemPort: 8212, takesScreenshot: true, testobject_device: Samsung_Galaxy_A50_real, testobject_device_name: Samsung Galaxy A50, testobject_device_session_id: 5eaf302f-3493-432e-a47f-e57..., testobject_platform_name: Android, testobject_project_id: saucelabs-default, testobject_test_name: AuraPageAircraft, testobject_test_report_api_url: https://api.us-west-1.sauce..., testobject_test_report_id: 380, testobject_test_report_url: https://app.saucelabs.com/t..., testobject_user_id: SauceFrank, username: SauceFrank, viewportRect: {height: 2048, left: 0, top: 83, width: 1080}, warnings: {}, webStorageEnabled: false}
Session ID: 5f17d803-f672-476e-9022-8b906a09d533">
      <![CDATA[org.openqa.selenium.ElementClickInterceptedException: element click intercepted: Element is not clickable at point (-130, 37)
  (Session info: chrome=88.0.4324.152)
  (Driver info: chromedriver=88.0.4324.96 (68dba2d8a0b149a1d3afac56fa74648032bcf46b-refs/branch-heads/4324@{#1784}),platform=Linux 4.15.0-123-generic x86_64) (WARNING: The server did not provide any stacktrace information)
Command duration or timeout: 0 milliseconds
Build info: version: '3.14.0', revision: 'aacccce0', time: '2018-08-02T20:19:58.91Z'
System info: host: 'SL-1549.local', ip: 'fe80:0:0:0:488:113f:f836:b093%en0', os.name: 'Mac OS X', os.arch: 'x86_64', os.version: '10.15.7', java.version: '1.8.0_271'
Driver info: org.openqa.selenium.remote.RemoteWebDriver
Capabilities {accesskey: 70d8fea3-9242-4aea-ba5a-4f5..., adbPort: 15012, appActivity: com.google.android.apps.chr..., appPackage: com.android.chrome, browserName: Chrome, chromeOptions: {w3c: false}, chromedriverChromeMappingFile: /root/.testobject_devices/w..., chromedriverExecutableDir: /root/.testobject_devices/w..., chromedriverPorts: [[26120, 26130]], databaseEnabled: false, desired: {accesskey: 70d8fea3-9242-4aea-ba5a-4f5..., adbPort: 15012, browserName: Chrome, chromeOptions: {w3c: false}, chromedriverChromeMappingFile: /root/.testobject_devices/w..., chromedriverExecutableDir: /root/.testobject_devices/w..., chromedriverPorts: [[26120, 26130]], deviceName: Samsung_Galaxy_A50_real, name: AuraPageAircraft, platformName: Android, suppressKillServer: true, systemPort: 8212, testobject_device: Samsung.*, testobject_platform_name: Android, testobject_test_name: AuraPageAircraft, username: SauceFrank}, deviceApiLevel: 29, deviceContextId: b2536250-52ed-4007-b1ca-b64..., deviceManufacturer: samsung, deviceModel: SM-A505F, deviceName: 10.101.72.14:16004, deviceScreenDensity: 420, deviceScreenSize: 1080x2340, deviceUDID: 10.101.72.14:16004, javascriptEnabled: true, locationContextEnabled: false, name: AuraPageAircraft, networkConnectionEnabled: true, pixelRatio: 2.625, platform: LINUX, platformName: LINUX, platformVersion: 10, statBarHeight: 83, suppressKillServer: true, systemPort: 8212, takesScreenshot: true, testobject_device: Samsung_Galaxy_A50_real, testobject_device_name: Samsung Galaxy A50, testobject_device_session_id: 5eaf302f-3493-432e-a47f-e57..., testobject_platform_name: Android, testobject_project_id: saucelabs-default, testobject_test_name: AuraPageAircraft, testobject_test_report_api_url: https://api.us-west-1.sauce..., testobject_test_report_id: 380, testobject_test_report_url: https://app.saucelabs.com/t..., testobject_user_id: SauceFrank, username: SauceFrank, viewportRect: {height: 2048, left: 0, top: 83, width: 1080}, warnings: {}, webStorageEnabled: false}
Session ID: 5f17d803-f672-476e-9022-8b906a09d533
	at sun.reflect.NativeConstructorAccessorImpl.newInstance0(Native Method)
	at sun.reflect.NativeConstructorAccessorImpl.newInstance(NativeConstructorAccessorImpl.java:62)
	at sun.reflect.DelegatingConstructorAccessorImpl.newInstance(DelegatingConstructorAccessorImpl.java:45)
	at java.lang.reflect.Constructor.newInstance(Constructor.java:423)
	at org.openqa.selenium.remote.ErrorHandler.createThrowable(ErrorHandler.java:214)
	at org.openqa.selenium.remote.ErrorHandler.throwIfResponseFailed(ErrorHandler.java:166)
	at org.openqa.selenium.remote.http.JsonHttpResponseCodec.reconstructValue(JsonHttpResponseCodec.java:40)
	at org.openqa.selenium.remote.http.AbstractHttpResponseCodec.decode(AbstractHttpResponseCodec.java:80)
	at org.openqa.selenium.remote.http.AbstractHttpResponseCodec.decode(AbstractHttpResponseCodec.java:44)
	at org.openqa.selenium.remote.HttpCommandExecutor.execute(HttpCommandExecutor.java:158)
	at org.openqa.selenium.remote.RemoteWebDriver.execute(RemoteWebDriver.java:548)
	at org.openqa.selenium.remote.RemoteWebElement.execute(RemoteWebElement.java:276)
	at org.openqa.selenium.remote.RemoteWebElement.click(RemoteWebElement.java:83)
	at com.aura.SampleSauceTest.AuraPageAircraft(SampleSauceTest.java:135)
	at sun.reflect.NativeMethodAccessorImpl.invoke0(Native Method)
	at sun.reflect.NativeMethodAccessorImpl.invoke(NativeMethodAccessorImpl.java:62)
	at sun.reflect.DelegatingMethodAccessorImpl.invoke(DelegatingMethodAccessorImpl.java:43)
	at java.lang.reflect.Method.invoke(Method.java:498)
	at org.testng.internal.MethodInvocationHelper.invokeMethod(MethodInvocationHelper.java:104)
	at org.testng.internal.Invoker.invokeMethod(Invoker.java:645)
	at org.testng.internal.Invoker.invokeTestMethod(Invoker.java:851)
	at org.testng.internal.TestMethodWithDataProviderMethodWorker.call(TestMethodWithDataProviderMethodWorker.java:75)
	at org.testng.internal.TestMethodWithDataProviderMethodWorker.call(TestMethodWithDataProviderMethodWorker.java:14)
	at java.util.concurrent.FutureTask.run(FutureTask.java:266)
	at java.util.concurrent.Executors$RunnableAdapter.call(Executors.java:511)
	at java.util.concurrent.FutureTask.run(FutureTask.java:266)
	at java.util.concurrent.ThreadPoolExecutor.runWorker(ThreadPoolExecutor.java:1149)
	at java.util.concurrent.ThreadPoolExecutor$Worker.run(ThreadPoolExecutor.java:624)
	at java.lang.Thread.run(Thread.java:748)
]]>
    </error>
  </testcase> <!-- AuraPageAircraft -->
  <testcase name="AuraPageTitle" time="33.545" classname="com.aura.SampleSauceTest"/>
  <testcase name="AuraPageAirports" time="20.607" classname="com.aura.SampleSauceTest"/>
  <testcase name="AuraPageGastronomy" time="85.481" classname="com.aura.SampleSauceTest"/>
  <testcase name="AuraPageAirports" time="111.283" classname="com.aura.SampleSauceTest"/>
  <testcase name="AuraPageAirports" time="59.358" classname="com.aura.SampleSauceTest">
    <error type="org.openqa.selenium.NoSuchElementException" message="An element could not be located on the page using the given search parameters. (WARNING: The server did not provide any stacktrace information)
Command duration or timeout: 0 milliseconds
For documentation on this error, please visit: http://seleniumhq.org/exceptions/no_such_element.html
Build info: version: &#039;3.14.0&#039;, revision: &#039;aacccce0&#039;, time: &#039;2018-08-02T20:19:58.91Z&#039;
System info: host: &#039;SL-1549.local&#039;, ip: &#039;fe80:0:0:0:488:113f:f836:b093%en0&#039;, os.name: &#039;Mac OS X&#039;, os.arch: &#039;x86_64&#039;, os.version: &#039;10.15.7&#039;, java.version: &#039;1.8.0_271&#039;
Driver info: org.openqa.selenium.remote.RemoteWebDriver
Capabilities {accesskey: 70d8fea3-9242-4aea-ba5a-4f5..., automationName: XCUITest, browserName: safari, commandTimeouts: {default: 60000}, databaseEnabled: false, deviceContextId: e7bf533e-0cb4-43dc-bd20-c17..., deviceName: 27a44ad41b5b8c5342ed4adfe53..., javascriptEnabled: true, locationContextEnabled: false, name: AuraPageAirports, networkConnectionEnabled: false, orientation: PORTRAIT, platform: MAC, platformName: MAC, platformVersion: 12.4.9, realDevice: true, takesScreenshot: true, testobject_device: iPhone_6_Plus_12_real_us, testobject_device_name: iPhone 6 Plus, testobject_device_session_id: c0b9f240-1038-4c42-b614-a11..., testobject_platform_name: iOS, testobject_project_id: saucelabs-default, testobject_test_name: AuraPageAirports, testobject_test_report_api_url: https://api.us-west-1.sauce..., testobject_test_report_id: 384, testobject_test_report_url: https://app.saucelabs.com/t..., testobject_user_id: SauceFrank, udid: 27a44ad41b5b8c5342ed4adfe53..., username: SauceFrank, webDriverAgentUrl: http://127.0.0.1:5711, webStorageEnabled: false}
Session ID: 852da8c0-7aa4-4c3b-9d46-e0bd3939923a
*** Element info: {Using=link text, value=THE AIRPORT}">
      <![CDATA[org.openqa.selenium.NoSuchElementException: An element could not be located on the page using the given search parameters. (WARNING: The server did not provide any stacktrace information)
Command duration or timeout: 0 milliseconds
For documentation on this error, please visit: http://seleniumhq.org/exceptions/no_such_element.html
Build info: version: '3.14.0', revision: 'aacccce0', time: '2018-08-02T20:19:58.91Z'
System info: host: 'SL-1549.local', ip: 'fe80:0:0:0:488:113f:f836:b093%en0', os.name: 'Mac OS X', os.arch: 'x86_64', os.version: '10.15.7', java.version: '1.8.0_271'
Driver info: org.openqa.selenium.remote.RemoteWebDriver
Capabilities {accesskey: 70d8fea3-9242-4aea-ba5a-4f5..., automationName: XCUITest, browserName: safari, commandTimeouts: {default: 60000}, databaseEnabled: false, deviceContextId: e7bf533e-0cb4-43dc-bd20-c17..., deviceName: 27a44ad41b5b8c5342ed4adfe53..., javascriptEnabled: true, locationContextEnabled: false, name: AuraPageAirports, networkConnectionEnabled: false, orientation: PORTRAIT, platform: MAC, platformName: MAC, platformVersion: 12.4.9, realDevice: true, takesScreenshot: true, testobject_device: iPhone_6_Plus_12_real_us, testobject_device_name: iPhone 6 Plus, testobject_device_session_id: c0b9f240-1038-4c42-b614-a11..., testobject_platform_name: iOS, testobject_project_id: saucelabs-default, testobject_test_name: AuraPageAirports, testobject_test_report_api_url: https://api.us-west-1.sauce..., testobject_test_report_id: 384, testobject_test_report_url: https://app.saucelabs.com/t..., testobject_user_id: SauceFrank, udid: 27a44ad41b5b8c5342ed4adfe53..., username: SauceFrank, webDriverAgentUrl: http://127.0.0.1:5711, webStorageEnabled: false}
Session ID: 852da8c0-7aa4-4c3b-9d46-e0bd3939923a
*** Element info: {Using=link text, value=THE AIRPORT}
	at sun.reflect.NativeConstructorAccessorImpl.newInstance0(Native Method)
	at sun.reflect.NativeConstructorAccessorImpl.newInstance(NativeConstructorAccessorImpl.java:62)
	at sun.reflect.DelegatingConstructorAccessorImpl.newInstance(DelegatingConstructorAccessorImpl.java:45)
	at java.lang.reflect.Constructor.newInstance(Constructor.java:423)
	at org.openqa.selenium.remote.ErrorHandler.createThrowable(ErrorHandler.java:214)
	at org.openqa.selenium.remote.ErrorHandler.throwIfResponseFailed(ErrorHandler.java:166)
	at org.openqa.selenium.remote.http.JsonHttpResponseCodec.reconstructValue(JsonHttpResponseCodec.java:40)
	at org.openqa.selenium.remote.http.AbstractHttpResponseCodec.decode(AbstractHttpResponseCodec.java:80)
	at org.openqa.selenium.remote.http.AbstractHttpResponseCodec.decode(AbstractHttpResponseCodec.java:44)
	at org.openqa.selenium.remote.HttpCommandExecutor.execute(HttpCommandExecutor.java:158)
	at org.openqa.selenium.remote.RemoteWebDriver.execute(RemoteWebDriver.java:548)
	at org.openqa.selenium.remote.RemoteWebDriver.findElement(RemoteWebDriver.java:322)
	at org.openqa.selenium.remote.RemoteWebDriver.findElementByLinkText(RemoteWebDriver.java:376)
	at org.openqa.selenium.By$ByLinkText.findElement(By.java:220)
	at org.openqa.selenium.remote.RemoteWebDriver.findElement(RemoteWebDriver.java:314)
	at com.aura.SampleSauceTest.AuraPageAirports(SampleSauceTest.java:142)
	at sun.reflect.NativeMethodAccessorImpl.invoke0(Native Method)
	at sun.reflect.NativeMethodAccessorImpl.invoke(NativeMethodAccessorImpl.java:62)
	at sun.reflect.DelegatingMethodAccessorImpl.invoke(DelegatingMethodAccessorImpl.java:43)
	at java.lang.reflect.Method.invoke(Method.java:498)
	at org.testng.internal.MethodInvocationHelper.invokeMethod(MethodInvocationHelper.java:104)
	at org.testng.internal.Invoker.invokeMethod(Invoker.java:645)
	at org.testng.internal.Invoker.invokeTestMethod(Invoker.java:851)
	at org.testng.internal.TestMethodWithDataProviderMethodWorker.call(TestMethodWithDataProviderMethodWorker.java:75)
	at org.testng.internal.TestMethodWithDataProviderMethodWorker.call(TestMethodWithDataProviderMethodWorker.java:14)
	at java.util.concurrent.FutureTask.run(FutureTask.java:266)
	at java.util.concurrent.Executors$RunnableAdapter.call(Executors.java:511)
	at java.util.concurrent.FutureTask.run(FutureTask.java:266)
	at java.util.concurrent.ThreadPoolExecutor.runWorker(ThreadPoolExecutor.java:1149)
	at java.util.concurrent.ThreadPoolExecutor$Worker.run(ThreadPoolExecutor.java:624)
	at java.lang.Thread.run(Thread.java:748)
]]>
    </error>
  </testcase> <!-- AuraPageAirports -->
  <testcase name="AuraPageGastronomy" time="27.344" classname="com.aura.SampleSauceTest"/>
  <testcase name="AuraPageAirports" time="45.307" classname="com.aura.SampleSauceTest">
    <error type="org.openqa.selenium.ElementClickInterceptedException" message="element click intercepted: Element is not clickable at point (-130, 76)
  (Session info: chrome=88.0.4324.93)
  (Driver info: chromedriver=88.0.4324.96 (68dba2d8a0b149a1d3afac56fa74648032bcf46b-refs/branch-heads/4324@{#1784}),platform=Linux 4.15.0-118-generic x86_64) (WARNING: The server did not provide any stacktrace information)
Command duration or timeout: 0 milliseconds
Build info: version: &#039;3.14.0&#039;, revision: &#039;aacccce0&#039;, time: &#039;2018-08-02T20:19:58.91Z&#039;
System info: host: &#039;SL-1549.local&#039;, ip: &#039;fe80:0:0:0:488:113f:f836:b093%en0&#039;, os.name: &#039;Mac OS X&#039;, os.arch: &#039;x86_64&#039;, os.version: &#039;10.15.7&#039;, java.version: &#039;1.8.0_271&#039;
Driver info: org.openqa.selenium.remote.RemoteWebDriver
Capabilities {accesskey: 70d8fea3-9242-4aea-ba5a-4f5..., adbPort: 15026, appActivity: com.google.android.apps.chr..., appPackage: com.android.chrome, browserName: Chrome, chromeOptions: {w3c: false}, chromedriverChromeMappingFile: /root/.testobject_devices/w..., chromedriverExecutableDir: /root/.testobject_devices/w..., chromedriverPorts: [[26260, 26270]], databaseEnabled: false, desired: {accesskey: 70d8fea3-9242-4aea-ba5a-4f5..., adbPort: 15026, browserName: Chrome, chromeOptions: {w3c: false}, chromedriverChromeMappingFile: /root/.testobject_devices/w..., chromedriverExecutableDir: /root/.testobject_devices/w..., chromedriverPorts: [[26260, 26270]], deviceName: Samsung_Galaxy_A51_POC149, name: AuraPageAirports, platformName: Android, suppressKillServer: true, systemPort: 8226, testobject_device: Samsung.*, testobject_platform_name: Android, testobject_test_name: AuraPageAirports, username: SauceFrank}, deviceApiLevel: 29, deviceContextId: c7c8234a-01b9-449d-9b83-177..., deviceManufacturer: samsung, deviceModel: SM-A515U1, deviceName: 10.101.72.13:16032, deviceScreenDensity: 420, deviceScreenSize: 1080x2400, deviceUDID: 10.101.72.13:16032, javascriptEnabled: true, locationContextEnabled: false, name: AuraPageAirports, networkConnectionEnabled: true, pixelRatio: 2.625, platform: LINUX, platformName: LINUX, platformVersion: 10, statBarHeight: 93, suppressKillServer: true, systemPort: 8226, takesScreenshot: true, testobject_device: Samsung_Galaxy_A51_POC149, testobject_device_name: Samsung Galaxy A51, testobject_device_session_id: 56379e49-e5b8-4b40-9dea-819..., testobject_platform_name: Android, testobject_project_id: saucelabs-default, testobject_test_name: AuraPageAirports, testobject_test_report_api_url: https://api.us-west-1.sauce..., testobject_test_report_id: 378, testobject_test_report_url: https://app.saucelabs.com/t..., testobject_user_id: SauceFrank, username: SauceFrank, viewportRect: {height: 2093, left: 0, top: 93, width: 1080}, warnings: {}, webStorageEnabled: false}
Session ID: 160dd9c4-e20a-44ee-9a4a-3f9b724a308b">
      <![CDATA[org.openqa.selenium.ElementClickInterceptedException: element click intercepted: Element is not clickable at point (-130, 76)
  (Session info: chrome=88.0.4324.93)
  (Driver info: chromedriver=88.0.4324.96 (68dba2d8a0b149a1d3afac56fa74648032bcf46b-refs/branch-heads/4324@{#1784}),platform=Linux 4.15.0-118-generic x86_64) (WARNING: The server did not provide any stacktrace information)
Command duration or timeout: 0 milliseconds
Build info: version: '3.14.0', revision: 'aacccce0', time: '2018-08-02T20:19:58.91Z'
System info: host: 'SL-1549.local', ip: 'fe80:0:0:0:488:113f:f836:b093%en0', os.name: 'Mac OS X', os.arch: 'x86_64', os.version: '10.15.7', java.version: '1.8.0_271'
Driver info: org.openqa.selenium.remote.RemoteWebDriver
Capabilities {accesskey: 70d8fea3-9242-4aea-ba5a-4f5..., adbPort: 15026, appActivity: com.google.android.apps.chr..., appPackage: com.android.chrome, browserName: Chrome, chromeOptions: {w3c: false}, chromedriverChromeMappingFile: /root/.testobject_devices/w..., chromedriverExecutableDir: /root/.testobject_devices/w..., chromedriverPorts: [[26260, 26270]], databaseEnabled: false, desired: {accesskey: 70d8fea3-9242-4aea-ba5a-4f5..., adbPort: 15026, browserName: Chrome, chromeOptions: {w3c: false}, chromedriverChromeMappingFile: /root/.testobject_devices/w..., chromedriverExecutableDir: /root/.testobject_devices/w..., chromedriverPorts: [[26260, 26270]], deviceName: Samsung_Galaxy_A51_POC149, name: AuraPageAirports, platformName: Android, suppressKillServer: true, systemPort: 8226, testobject_device: Samsung.*, testobject_platform_name: Android, testobject_test_name: AuraPageAirports, username: SauceFrank}, deviceApiLevel: 29, deviceContextId: c7c8234a-01b9-449d-9b83-177..., deviceManufacturer: samsung, deviceModel: SM-A515U1, deviceName: 10.101.72.13:16032, deviceScreenDensity: 420, deviceScreenSize: 1080x2400, deviceUDID: 10.101.72.13:16032, javascriptEnabled: true, locationContextEnabled: false, name: AuraPageAirports, networkConnectionEnabled: true, pixelRatio: 2.625, platform: LINUX, platformName: LINUX, platformVersion: 10, statBarHeight: 93, suppressKillServer: true, systemPort: 8226, takesScreenshot: true, testobject_device: Samsung_Galaxy_A51_POC149, testobject_device_name: Samsung Galaxy A51, testobject_device_session_id: 56379e49-e5b8-4b40-9dea-819..., testobject_platform_name: Android, testobject_project_id: saucelabs-default, testobject_test_name: AuraPageAirports, testobject_test_report_api_url: https://api.us-west-1.sauce..., testobject_test_report_id: 378, testobject_test_report_url: https://app.saucelabs.com/t..., testobject_user_id: SauceFrank, username: SauceFrank, viewportRect: {height: 2093, left: 0, top: 93, width: 1080}, warnings: {}, webStorageEnabled: false}
Session ID: 160dd9c4-e20a-44ee-9a4a-3f9b724a308b
	at sun.reflect.NativeConstructorAccessorImpl.newInstance0(Native Method)
	at sun.reflect.NativeConstructorAccessorImpl.newInstance(NativeConstructorAccessorImpl.java:62)
	at sun.reflect.DelegatingConstructorAccessorImpl.newInstance(DelegatingConstructorAccessorImpl.java:45)
	at java.lang.reflect.Constructor.newInstance(Constructor.java:423)
	at org.openqa.selenium.remote.ErrorHandler.createThrowable(ErrorHandler.java:214)
	at org.openqa.selenium.remote.ErrorHandler.throwIfResponseFailed(ErrorHandler.java:166)
	at org.openqa.selenium.remote.http.JsonHttpResponseCodec.reconstructValue(JsonHttpResponseCodec.java:40)
	at org.openqa.selenium.remote.http.AbstractHttpResponseCodec.decode(AbstractHttpResponseCodec.java:80)
	at org.openqa.selenium.remote.http.AbstractHttpResponseCodec.decode(AbstractHttpResponseCodec.java:44)
	at org.openqa.selenium.remote.HttpCommandExecutor.execute(HttpCommandExecutor.java:158)
	at org.openqa.selenium.remote.RemoteWebDriver.execute(RemoteWebDriver.java:548)
	at org.openqa.selenium.remote.RemoteWebElement.execute(RemoteWebElement.java:276)
	at org.openqa.selenium.remote.RemoteWebElement.click(RemoteWebElement.java:83)
	at com.aura.SampleSauceTest.AuraPageAirports(SampleSauceTest.java:142)
	at sun.reflect.NativeMethodAccessorImpl.invoke0(Native Method)
	at sun.reflect.NativeMethodAccessorImpl.invoke(NativeMethodAccessorImpl.java:62)
	at sun.reflect.DelegatingMethodAccessorImpl.invoke(DelegatingMethodAccessorImpl.java:43)
	at java.lang.reflect.Method.invoke(Method.java:498)
	at org.testng.internal.MethodInvocationHelper.invokeMethod(MethodInvocationHelper.java:104)
	at org.testng.internal.Invoker.invokeMethod(Invoker.java:645)
	at org.testng.internal.Invoker.invokeTestMethod(Invoker.java:851)
	at org.testng.internal.TestMethodWithDataProviderMethodWorker.call(TestMethodWithDataProviderMethodWorker.java:75)
	at org.testng.internal.TestMethodWithDataProviderMethodWorker.call(TestMethodWithDataProviderMethodWorker.java:14)
	at java.util.concurrent.FutureTask.run(FutureTask.java:266)
	at java.util.concurrent.Executors$RunnableAdapter.call(Executors.java:511)
	at java.util.concurrent.FutureTask.run(FutureTask.java:266)
	at java.util.concurrent.ThreadPoolExecutor.runWorker(ThreadPoolExecutor.java:1149)
	at java.util.concurrent.ThreadPoolExecutor$Worker.run(ThreadPoolExecutor.java:624)
	at java.lang.Thread.run(Thread.java:748)
]]>
    </error>
  </testcase> <!-- AuraPageAirports -->
  <testcase name="AuraPageJoin" time="20.411" classname="com.aura.SampleSauceTest"/>
  <testcase name="AuraPageRoutes" time="28.012" classname="com.aura.SampleSauceTest"/>
</testsuite> <!-- com.aura.SampleSauceTest -->
